[0.047s] Invoking command in '/home/ubuntu/ros2_ws/build/camera1-3': CMAKE_PREFIX_PATH=${CMAKE_PREFIX_PATH}:/opt/ros/foxy /usr/bin/cmake --build /home/ubuntu/ros2_ws/build/camera1-3 -- -j4 -l4
[0.156s] -- Found ament_cmake: 0.9.12 (/opt/ros/foxy/share/ament_cmake/cmake)
[0.247s] -- Using PYTHON_EXECUTABLE: /usr/bin/python3
[0.955s] -- Override CMake install command with custom implementation using symlinks instead of copying resources
[0.986s] -- Found rclcpp: 2.4.3 (/opt/ros/foxy/share/rclcpp/cmake)
[1.142s] -- Using all available rosidl_typesupport_c: rosidl_typesupport_fastrtps_c;rosidl_typesupport_introspection_c
[1.154s] -- Found rosidl_adapter: 1.3.1 (/opt/ros/foxy/share/rosidl_adapter/cmake)
[1.998s] -- Using all available rosidl_typesupport_cpp: rosidl_typesupport_fastrtps_cpp;rosidl_typesupport_introspection_cpp
[2.172s] -- Found rmw_implementation_cmake: 1.0.4 (/opt/ros/foxy/share/rmw_implementation_cmake/cmake)
[2.178s] -- Using RMW implementation 'rmw_fastrtps_cpp' as default
[2.677s] -- Found sensor_msgs: 2.0.5 (/opt/ros/foxy/share/sensor_msgs/cmake)
[3.068s] -- Found cv_bridge: 3.0.7 (/opt/ros/foxy/share/cv_bridge/cmake)
[3.517s] -- Configuring done
[3.619s] -- Generating done
[3.677s] -- Build files have been written to: /home/ubuntu/ros2_ws/build/camera1-3
[3.789s] [35m[1mScanning dependencies of target pub[0m
[3.790s] [35m[1mScanning dependencies of target sub[0m
[3.876s] [ 16%] [32mBuilding CXX object CMakeFiles/pub.dir/src/pub.cpp.o[0m
[3.878s] [ 33%] [32mBuilding CXX object CMakeFiles/pub.dir/src/pmain.cpp.o[0m
[3.892s] [ 50%] [32mBuilding CXX object CMakeFiles/sub.dir/src/sub.cpp.o[0m
[3.912s] [ 66%] [32mBuilding CXX object CMakeFiles/sub.dir/src/smain.cpp.o[0m
[3.945s] [01m[K/home/ubuntu/ros2_ws/src/camera1-3/src/pmain.cpp:1:10:[m[K [01;31m[Kfatal error: [m[Kcamera1-3pub.hpp: No such file or directory
[3.946s]     1 | #include [01;31m[K"camera1-3pub.hpp"[m[K
[3.947s]       |          [01;31m[K^~~~~~~~~~~~~~~~~~[m[K
[3.949s] compilation terminated.
[3.955s] make[2]: *** [CMakeFiles/pub.dir/build.make:76: CMakeFiles/pub.dir/src/pmain.cpp.o] Error 1
[3.955s] make[2]: *** Waiting for unfinished jobs....
[26.470s] make[1]: *** [CMakeFiles/Makefile2:80: CMakeFiles/pub.dir/all] Error 2
[26.470s] make[1]: *** Waiting for unfinished jobs....
[32.422s] [ 83%] [32m[1mLinking CXX executable sub[0m
[34.891s] [ 83%] Built target sub
[34.894s] make: *** [Makefile:141: all] Error 2
[34.901s] Invoked command in '/home/ubuntu/ros2_ws/build/camera1-3' returned '2': CMAKE_PREFIX_PATH=${CMAKE_PREFIX_PATH}:/opt/ros/foxy /usr/bin/cmake --build /home/ubuntu/ros2_ws/build/camera1-3 -- -j4 -l4
