[35m[1mScanning dependencies of target sub_jetson[0m
[ 33%] Built target sub_wsl
[ 66%] Built target pub
[ 83%] [32mBuilding CXX object CMakeFiles/sub_jetson.dir/src/sub_jetson.cpp.o[0m
[01m[K/home/ubuntu/ros2_ws/src/camera1-2/src/sub_jetson.cpp:[m[K In function â€˜[01m[Kvoid keyboard_handler(int)[m[Kâ€™:
[01m[K/home/ubuntu/ros2_ws/src/camera1-2/src/sub_jetson.cpp:14:27:[m[K [01;35m[Kwarning: [m[Kunused parameter â€˜[01m[Ksignum[m[Kâ€™ [[01;35m[K-Wunused-parameter[m[K]
   14 | void keyboard_handler([01;35m[Kint signum[m[K)
      |                       [01;35m[K~~~~^~~~~~[m[K
[01m[K/home/ubuntu/ros2_ws/src/camera1-2/src/sub_jetson.cpp:[m[K In function â€˜[01m[Kvoid mysub_callback(rclcpp::Node::SharedPtr, sensor_msgs::msg::CompressedImage_<std::allocator<void> >::SharedPtr)[m[Kâ€™:
[01m[K/home/ubuntu/ros2_ws/src/camera1-2/src/sub_jetson.cpp:34:5:[m[K [01;31m[Kerror: [m[Kâ€˜[01m[Koutputvideo[m[Kâ€™ was not declared in this scope; did you mean â€˜[01m[Koutput_video[m[Kâ€™?
   34 |     [01;31m[Koutputvideo[m[K << thresh;
      |     [01;31m[K^~~~~~~~~~~[m[K
      |     [32m[Koutput_video[m[K
make[2]: *** [CMakeFiles/sub_jetson.dir/build.make:63: CMakeFiles/sub_jetson.dir/src/sub_jetson.cpp.o] Error 1
make[1]: *** [CMakeFiles/Makefile2:109: CMakeFiles/sub_jetson.dir/all] Error 2
make: *** [Makefile:141: all] Error 2
