[0.007s] Invoking command in '/home/linux/ros2_ws/build/pub2': CMAKE_PREFIX_PATH=${CMAKE_PREFIX_PATH}:/opt/ros/foxy /usr/bin/cmake --build /home/linux/ros2_ws/build/pub2 -- -j16 -l16
[0.029s] [35m[1mScanning dependencies of target pub2[0m
[0.043s] [ 50%] [32mBuilding CXX object CMakeFiles/pub2.dir/src/pub.cpp.o[0m
[0.732s] [01m[K/home/linux/ros2_ws/src/pub2/src/pub.cpp:[m[K In function â€˜[01m[Kvoid callback(rclcpp::Node::SharedPtr, rclcpp::Publisher<std_msgs::msg::String_<std::allocator<void> > >::SharedPtr)[m[Kâ€™:
[0.732s] [01m[K/home/linux/ros2_ws/src/pub2/src/pub.cpp:15:5:[m[K [01;31m[Kerror: [m[Kâ€˜[01m[Kmypub[m[Kâ€™ was not declared in this scope; did you mean â€˜[01m[Kpub[m[Kâ€™?
[0.732s]    15 |     [01;31m[Kmypub[m[K->publish(message);
[0.732s]       |     [01;31m[K^~~~~[m[K
[0.732s]       |     [32m[Kpub[m[K
[0.732s] [01m[K/home/linux/ros2_ws/src/pub2/src/pub.cpp:9:53:[m[K [01;35m[Kwarning: [m[Kunused parameter â€˜[01m[Kpub[m[Kâ€™ [[01;35m[K-Wunused-parameter[m[K]
[0.732s]     9 | [01;35m[Krclcpp::Publisher<std_msgs::msg::String>::SharedPtr pub[m[K)
[0.732s]       | [01;35m[K~~~~~~~~~~~~~~~~~~~~~~~~~~~~~~~~~~~~~~~~~~~~~~~~~~~~^~~[m[K
[1.199s] make[2]: *** [CMakeFiles/pub2.dir/build.make:63: CMakeFiles/pub2.dir/src/pub.cpp.o] Error 1
[1.199s] make[1]: *** [CMakeFiles/Makefile2:78: CMakeFiles/pub2.dir/all] Error 2
[1.199s] make: *** [Makefile:141: all] Error 2
[1.201s] Invoked command in '/home/linux/ros2_ws/build/pub2' returned '2': CMAKE_PREFIX_PATH=${CMAKE_PREFIX_PATH}:/opt/ros/foxy /usr/bin/cmake --build /home/linux/ros2_ws/build/pub2 -- -j16 -l16
