[0.009s] Invoking command in '/home/linux/ros2_ws/src/build/pub2-2': CMAKE_PREFIX_PATH=${CMAKE_PREFIX_PATH}:/opt/ros/foxy /usr/bin/cmake --build /home/linux/ros2_ws/src/build/pub2-2 -- -j16 -l16
[0.035s] [35m[1mScanning dependencies of target pub2-2[0m
[0.049s] [ 50%] [32mBuilding CXX object CMakeFiles/pub2-2.dir/src/pub2-2.cpp.o[0m
[0.102s] [01m[K/home/linux/ros2_ws/src/pub2-2/src/pub2-2.cpp:2:10:[m[K [01;31m[Kfatal error: [m[Kgeometry_msgs/msg/int32.hpp: No such file or directory
[0.102s]     2 | #include [01;31m[K"geometry_msgs/msg/int32.hpp"[m[K
[0.102s]       |          [01;31m[K^~~~~~~~~~~~~~~~~~~~~~~~~~~~~[m[K
[0.102s] compilation terminated.
[0.103s] make[2]: *** [CMakeFiles/pub2-2.dir/build.make:63: CMakeFiles/pub2-2.dir/src/pub2-2.cpp.o] Error 1
[0.103s] make[1]: *** [CMakeFiles/Makefile2:78: CMakeFiles/pub2-2.dir/all] Error 2
[0.103s] make: *** [Makefile:141: all] Error 2
[0.104s] Invoked command in '/home/linux/ros2_ws/src/build/pub2-2' returned '2': CMAKE_PREFIX_PATH=${CMAKE_PREFIX_PATH}:/opt/ros/foxy /usr/bin/cmake --build /home/linux/ros2_ws/src/build/pub2-2 -- -j16 -l16
