[0.010s] Invoking command in '/home/linux/ros2_ws/build/pub2': CMAKE_PREFIX_PATH=${CMAKE_PREFIX_PATH}:/opt/ros/foxy /usr/bin/cmake /home/linux/ros2_ws/src/pub2 -DAMENT_CMAKE_SYMLINK_INSTALL=1 -DCMAKE_INSTALL_PREFIX=/home/linux/ros2_ws/install/pub2
[0.152s] -- The C compiler identification is GNU 9.4.0
[0.312s] -- The CXX compiler identification is GNU 9.4.0
[0.371s] -- Check for working C compiler: /usr/bin/cc
[0.455s] -- Check for working C compiler: /usr/bin/cc -- works
[0.456s] -- Detecting C compiler ABI info
[0.526s] -- Detecting C compiler ABI info - done
[0.532s] -- Detecting C compile features
[0.533s] -- Detecting C compile features - done
[0.535s] -- Check for working CXX compiler: /usr/bin/c++
[0.600s] -- Check for working CXX compiler: /usr/bin/c++ -- works
[0.600s] -- Detecting CXX compiler ABI info
[0.679s] -- Detecting CXX compiler ABI info - done
[0.685s] -- Detecting CXX compile features
[0.686s] -- Detecting CXX compile features - done
[0.690s] -- Found ament_cmake: 0.9.12 (/opt/ros/foxy/share/ament_cmake/cmake)
[0.705s] -- Found PythonInterp: /usr/bin/python3 (found suitable version "3.8.10", minimum required is "3") 
[0.705s] -- Using PYTHON_EXECUTABLE: /usr/bin/python3
[0.790s] -- Override CMake install command with custom implementation using symlinks instead of copying resources
[0.812s] -- Found rclcpp: 2.4.3 (/opt/ros/foxy/share/rclcpp/cmake)
[0.915s] -- Using all available rosidl_typesupport_c: rosidl_typesupport_fastrtps_c;rosidl_typesupport_introspection_c
[0.921s] -- Found rosidl_adapter: 1.3.1 (/opt/ros/foxy/share/rosidl_adapter/cmake)
[1.564s] -- Found OpenSSL: /usr/lib/x86_64-linux-gnu/libcrypto.so (found version "1.1.1f")  
[2.108s] -- Found FastRTPS: /opt/ros/foxy/include  
[3.106s] -- Using all available rosidl_typesupport_cpp: rosidl_typesupport_fastrtps_cpp;rosidl_typesupport_introspection_cpp
[3.149s] -- Found rmw_implementation_cmake: 1.0.4 (/opt/ros/foxy/share/rmw_implementation_cmake/cmake)
[3.150s] -- Using RMW implementation 'rmw_fastrtps_cpp' as default
[3.152s] -- Looking for pthread.h
[3.230s] -- Looking for pthread.h - found
[3.230s] -- Performing Test CMAKE_HAVE_LIBC_PTHREAD
[3.303s] -- Performing Test CMAKE_HAVE_LIBC_PTHREAD - Failed
[3.303s] -- Looking for pthread_create in pthreads
[3.369s] -- Looking for pthread_create in pthreads - not found
[3.369s] -- Looking for pthread_create in pthread
[3.440s] -- Looking for pthread_create in pthread - found
[3.440s] -- Found Threads: TRUE  
[3.575s] -- Configuring done
[3.579s] -- Generating done
[3.581s] -- Build files have been written to: /home/linux/ros2_ws/build/pub2
[3.585s] Invoked command in '/home/linux/ros2_ws/build/pub2' returned '0': CMAKE_PREFIX_PATH=${CMAKE_PREFIX_PATH}:/opt/ros/foxy /usr/bin/cmake /home/linux/ros2_ws/src/pub2 -DAMENT_CMAKE_SYMLINK_INSTALL=1 -DCMAKE_INSTALL_PREFIX=/home/linux/ros2_ws/install/pub2
[3.587s] Invoking command in '/home/linux/ros2_ws/build/pub2': CMAKE_PREFIX_PATH=${CMAKE_PREFIX_PATH}:/opt/ros/foxy /usr/bin/cmake --build /home/linux/ros2_ws/build/pub2 -- -j16 -l16
[3.606s] [35m[1mScanning dependencies of target pub2[0m
[3.671s] [ 50%] [32mBuilding CXX object CMakeFiles/pub2.dir/src/pub.cpp.o[0m
[4.393s] [01m[K/home/linux/ros2_ws/src/pub2/src/pub.cpp:[m[K In function â€˜[01m[Kvoid callback(rclcpp::Node::SharedPtr, rclcpp::Publisher<std_msgs::msg::String_<std::allocator<void> > >::SharedPtr)[m[Kâ€™:
[4.393s] [01m[K/home/linux/ros2_ws/src/pub2/src/pub.cpp:15:5:[m[K [01;31m[Kerror: [m[Kâ€˜[01m[Kmypub[m[Kâ€™ was not declared in this scope; did you mean â€˜[01m[Kpub[m[Kâ€™?
[4.393s]    15 |     [01;31m[Kmypub[m[K->publish(message);
[4.393s]       |     [01;31m[K^~~~~[m[K
[4.393s]       |     [32m[Kpub[m[K
[4.393s] [01m[K/home/linux/ros2_ws/src/pub2/src/pub.cpp:9:53:[m[K [01;35m[Kwarning: [m[Kunused parameter â€˜[01m[Kpub[m[Kâ€™ [[01;35m[K-Wunused-parameter[m[K]
[4.393s]     9 | [01;35m[Krclcpp::Publisher<std_msgs::msg::String>::SharedPtr pub[m[K)
[4.393s]       | [01;35m[K~~~~~~~~~~~~~~~~~~~~~~~~~~~~~~~~~~~~~~~~~~~~~~~~~~~~^~~[m[K
[4.874s] make[2]: *** [CMakeFiles/pub2.dir/build.make:63: CMakeFiles/pub2.dir/src/pub.cpp.o] Error 1
[4.875s] make[1]: *** [CMakeFiles/Makefile2:78: CMakeFiles/pub2.dir/all] Error 2
[4.875s] make: *** [Makefile:141: all] Error 2
[4.876s] Invoked command in '/home/linux/ros2_ws/build/pub2' returned '2': CMAKE_PREFIX_PATH=${CMAKE_PREFIX_PATH}:/opt/ros/foxy /usr/bin/cmake --build /home/linux/ros2_ws/build/pub2 -- -j16 -l16
