[35m[1mScanning dependencies of target sub_jetson[0m
[ 33%] Built target sub_wsl
[ 66%] Built target pub
[ 83%] [32mBuilding CXX object CMakeFiles/sub_jetson.dir/src/sub_jetson.cpp.o[0m
[01m[K/home/ubuntu/ros2_ws/src/camera1-2/src/sub_jetson.cpp:[m[K In function â€˜[01m[Kint main(int, char**)[m[Kâ€™:
[01m[K/home/ubuntu/ros2_ws/src/camera1-2/src/sub_jetson.cpp:52:18:[m[K [01;31m[Kerror: [m[Kâ€˜[01m[Kcv2[m[Kâ€™ has not been declared
   52 |     int fourcc = [01;31m[Kcv2[m[K::VideoWriter::fourcc('x', '2', '6', '4');
      |                  [01;31m[K^~~[m[K
make[2]: *** [CMakeFiles/sub_jetson.dir/build.make:63: CMakeFiles/sub_jetson.dir/src/sub_jetson.cpp.o] Error 1
make[1]: *** [CMakeFiles/Makefile2:109: CMakeFiles/sub_jetson.dir/all] Error 2
make: *** [Makefile:141: all] Error 2
