[0.053s] Invoking command in '/home/ubuntu/ros2_ws/build/camera1-2': CMAKE_PREFIX_PATH=${CMAKE_PREFIX_PATH}:/opt/ros/foxy /usr/bin/cmake --build /home/ubuntu/ros2_ws/build/camera1-2 -- -j4 -l4
[0.247s] [35m[1mScanning dependencies of target sub_jetson[0m
[0.375s] [ 33%] Built target sub_wsl
[0.379s] [ 66%] Built target pub
[0.428s] [ 83%] [32mBuilding CXX object CMakeFiles/sub_jetson.dir/src/sub_jetson.cpp.o[0m
[12.768s] [01m[K/home/ubuntu/ros2_ws/src/camera1-2/src/sub_jetson.cpp:[m[K In function â€˜[01m[Kint main(int, char**)[m[Kâ€™:
[12.769s] [01m[K/home/ubuntu/ros2_ws/src/camera1-2/src/sub_jetson.cpp:52:18:[m[K [01;31m[Kerror: [m[Kâ€˜[01m[Kcv2[m[Kâ€™ has not been declared
[12.769s]    52 |     int fourcc = [01;31m[Kcv2[m[K::VideoWriter::fourcc('x', '2', '6', '4');
[12.770s]       |                  [01;31m[K^~~[m[K
[22.085s] make[2]: *** [CMakeFiles/sub_jetson.dir/build.make:63: CMakeFiles/sub_jetson.dir/src/sub_jetson.cpp.o] Error 1
[22.086s] make[1]: *** [CMakeFiles/Makefile2:109: CMakeFiles/sub_jetson.dir/all] Error 2
[22.087s] make: *** [Makefile:141: all] Error 2
[22.095s] Invoked command in '/home/ubuntu/ros2_ws/build/camera1-2' returned '2': CMAKE_PREFIX_PATH=${CMAKE_PREFIX_PATH}:/opt/ros/foxy /usr/bin/cmake --build /home/ubuntu/ros2_ws/build/camera1-2 -- -j4 -l4
