[01m[K/home/linux/ros2_ws/src/pub2-2/src/pub2-2.cpp:9:19:[m[K [01;31m[Kerror: [m[Kâ€˜[01m[Kgeometry_msgs[m[Kâ€™ was not declared in this scope
    9 | rclcpp::Publisher<[01;31m[Kgeometry_msgs[m[K::msg::Vector3>::SharedPtr pub)
      |                   [01;31m[K^~~~~~~~~~~~~[m[K
[01m[K/home/linux/ros2_ws/src/pub2-2/src/pub2-2.cpp:9:46:[m[K [01;31m[Kerror: [m[Ktemplate argument 1 is invalid
    9 | rclcpp::Publisher<geometry_msgs::msg::Vector3[01;31m[K>[m[K::SharedPtr pub)
      |                                              [01;31m[K^[m[K
[01m[K/home/linux/ros2_ws/src/pub2-2/src/pub2-2.cpp:9:19:[m[K [01;31m[Kerror: [m[Kâ€˜[01m[Kgeometry_msgs[m[Kâ€™ was not declared in this scope
    9 | rclcpp::Publisher<[01;31m[Kgeometry_msgs[m[K::msg::Vector3>::SharedPtr pub)
      |                   [01;31m[K^~~~~~~~~~~~~[m[K
[01m[K/home/linux/ros2_ws/src/pub2-2/src/pub2-2.cpp:9:46:[m[K [01;31m[Kerror: [m[Ktemplate argument 1 is invalid
    9 | rclcpp::Publisher<geometry_msgs::msg::Vector3[01;31m[K>[m[K::SharedPtr pub)
      |                                              [01;31m[K^[m[K
[01m[K/home/linux/ros2_ws/src/pub2-2/src/pub2-2.cpp:9:19:[m[K [01;31m[Kerror: [m[Kâ€˜[01m[Kgeometry_msgs[m[Kâ€™ was not declared in this scope
    9 | rclcpp::Publisher<[01;31m[Kgeometry_msgs[m[K::msg::Vector3>::SharedPtr pub)
      |                   [01;31m[K^~~~~~~~~~~~~[m[K
[01m[K/home/linux/ros2_ws/src/pub2-2/src/pub2-2.cpp:9:46:[m[K [01;31m[Kerror: [m[Ktemplate argument 1 is invalid
    9 | rclcpp::Publisher<geometry_msgs::msg::Vector3[01;31m[K>[m[K::SharedPtr pub)
      |                                              [01;31m[K^[m[K
[01m[K/home/linux/ros2_ws/src/pub2-2/src/pub2-2.cpp:9:9:[m[K [01;31m[Kerror: [m[Kâ€˜[01m[Krclcpp::Publisher[m[Kâ€™ is not a type
    9 | rclcpp::[01;31m[KPublisher[m[K<geometry_msgs::msg::Vector3>::SharedPtr pub)
      |         [01;31m[K^~~~~~~~~[m[K
[01m[K/home/linux/ros2_ws/src/pub2-2/src/pub2-2.cpp:9:18:[m[K [01;31m[Kerror: [m[Kexpected â€˜[01m[K,[m[Kâ€™ or â€˜[01m[K...[m[Kâ€™ before â€˜[01m[K<[m[Kâ€™ token
    9 | rclcpp::Publisher[01;31m[K<[m[Kgeometry_msgs::msg::Vector3>::SharedPtr pub)
      |                  [01;31m[K^[m[K
[01m[K/home/linux/ros2_ws/src/pub2-2/src/pub2-2.cpp:[m[K In function â€˜[01m[Kvoid callback(rclcpp::Node::SharedPtr, int)[m[Kâ€™:
[01m[K/home/linux/ros2_ws/src/pub2-2/src/pub2-2.cpp:11:20:[m[K [01;31m[Kerror: [m[Kâ€˜[01m[Kgeometry_msgs[m[Kâ€™ has not been declared
   11 |     auto message = [01;31m[Kgeometry_msgs[m[K::msg::Vector3();
      |                    [01;31m[K^~~~~~~~~~~~~[m[K
[01m[K/home/linux/ros2_ws/src/pub2-2/src/pub2-2.cpp:15:5:[m[K [01;31m[Kerror: [m[Kâ€˜[01m[Kpub[m[Kâ€™ was not declared in this scope
   15 |     [01;31m[Kpub[m[K->publish(message);
      |     [01;31m[K^~~[m[K
[01m[K/home/linux/ros2_ws/src/pub2-2/src/pub2-2.cpp:[m[K In function â€˜[01m[Kint main(int, char**)[m[Kâ€™:
[01m[K/home/linux/ros2_ws/src/pub2-2/src/pub2-2.cpp:22:39:[m[K [01;31m[Kerror: [m[Kâ€˜[01m[Kgeometry_msgs[m[Kâ€™ was not declared in this scope
   22 |     auto pub = node->create_publisher<[01;31m[Kgeometry_msgs[m[K::msg::Vector3>("mytopic", qos_profile);
      |                                       [01;31m[K^~~~~~~~~~~~~[m[K
[01m[K/home/linux/ros2_ws/src/pub2-2/src/pub2-2.cpp:22:22:[m[K [01;31m[Kerror: [m[Kparse error in template argument list
   22 |     auto pub = node->[01;31m[Kcreate_publisher<geometry_msgs::msg::Vector3>[m[K("mytopic", qos_profile);
      |                      [01;31m[K^~~~~~~~~~~~~~~~~~~~~~~~~~~~~~~~~~~~~~~~~~~~~[m[K
[01m[K/home/linux/ros2_ws/src/pub2-2/src/pub2-2.cpp:22:90:[m[K [01;31m[Kerror: [m[Kno matching function for call to â€˜[01m[Krclcpp::Node::create_publisher<<expression error> >(const char [8], rclcpp::QoS&)[m[Kâ€™
   22 |     auto pub = node->create_publisher<geometry_msgs::msg::Vector3>("mytopic", qos_profile[01;31m[K)[m[K;
      |                                                                                          [01;31m[K^[m[K
In file included from [01m[K/opt/ros/foxy/include/rclcpp/executors/single_threaded_executor.hpp:28[m[K,
                 from [01m[K/opt/ros/foxy/include/rclcpp/executors.hpp:22[m[K,
                 from [01m[K/opt/ros/foxy/include/rclcpp/rclcpp.hpp:146[m[K,
                 from [01m[K/home/linux/ros2_ws/src/pub2-2/src/pub2-2.cpp:1[m[K:
[01m[K/opt/ros/foxy/include/rclcpp/node.hpp:184:3:[m[K [01;36m[Knote: [m[Kcandidate: â€˜[01m[Ktemplate<class MessageT, class AllocatorT, class PublisherT> std::shared_ptr<PublisherT> rclcpp::Node::create_publisher(const string&, const rclcpp::QoS&, const rclcpp::PublisherOptionsWithAllocator<AllocatorT>&)[m[Kâ€™
  184 |   [01;36m[Kcreate_publisher[m[K(
      |   [01;36m[K^~~~~~~~~~~~~~~~[m[K
[01m[K/opt/ros/foxy/include/rclcpp/node.hpp:184:3:[m[K [01;36m[Knote: [m[K  template argument deduction/substitution failed:
[01m[K/home/linux/ros2_ws/src/pub2-2/src/pub2-2.cpp:22:90:[m[K [01;31m[Kerror: [m[Ktemplate argument 1 is invalid
   22 |     auto pub = node->create_publisher<geometry_msgs::msg::Vector3>("mytopic", qos_profile[01;31m[K)[m[K;
      |                                                                                          [01;31m[K^[m[K
make[2]: *** [CMakeFiles/pub2-2.dir/build.make:63: CMakeFiles/pub2-2.dir/src/pub2-2.cpp.o] Error 1
make[1]: *** [CMakeFiles/Makefile2:78: CMakeFiles/pub2-2.dir/all] Error 2
make: *** [Makefile:141: all] Error 2
