[0.048s] Invoking command in '/home/ubuntu/ros2_ws/build/camera1-3': CMAKE_PREFIX_PATH=${CMAKE_PREFIX_PATH}:/opt/ros/foxy /usr/bin/cmake --build /home/ubuntu/ros2_ws/build/camera1-3 -- -j4 -l4
[0.159s] -- Found ament_cmake: 0.9.12 (/opt/ros/foxy/share/ament_cmake/cmake)
[0.250s] -- Using PYTHON_EXECUTABLE: /usr/bin/python3
[0.953s] -- Override CMake install command with custom implementation using symlinks instead of copying resources
[0.982s] -- Found rclcpp: 2.4.3 (/opt/ros/foxy/share/rclcpp/cmake)
[1.138s] -- Using all available rosidl_typesupport_c: rosidl_typesupport_fastrtps_c;rosidl_typesupport_introspection_c
[1.150s] -- Found rosidl_adapter: 1.3.1 (/opt/ros/foxy/share/rosidl_adapter/cmake)
[1.989s] -- Using all available rosidl_typesupport_cpp: rosidl_typesupport_fastrtps_cpp;rosidl_typesupport_introspection_cpp
[2.163s] -- Found rmw_implementation_cmake: 1.0.4 (/opt/ros/foxy/share/rmw_implementation_cmake/cmake)
[2.168s] -- Using RMW implementation 'rmw_fastrtps_cpp' as default
[2.665s] -- Found sensor_msgs: 2.0.5 (/opt/ros/foxy/share/sensor_msgs/cmake)
[3.053s] -- Found cv_bridge: 3.0.7 (/opt/ros/foxy/share/cv_bridge/cmake)
[3.417s] -- Configuring done
[3.455s] -- Generating done
[3.475s] -- Build files have been written to: /home/ubuntu/ros2_ws/build/camera1-3
[3.657s] [ 33%] [32mBuilding CXX object CMakeFiles/sub.dir/src/sub.cpp.o[0m
[3.660s] [ 33%] [32mBuilding CXX object CMakeFiles/pub.dir/src/pub.cpp.o[0m
[3.671s] [ 50%] [32mBuilding CXX object CMakeFiles/pub.dir/src/pmain.cpp.o[0m
[3.687s] [ 66%] [32mBuilding CXX object CMakeFiles/sub.dir/src/smain.cpp.o[0m
[3.719s] [01m[K/home/ubuntu/ros2_ws/src/camera1-3/src/pmain.cpp:1:10:[m[K [01;31m[Kfatal error: [m[Kcamera1-3pub.hpp: No such file or directory
[3.721s]     1 | #include [01;31m[K"camera1-3pub.hpp"[m[K
[3.722s]       |          [01;31m[K^~~~~~~~~~~~~~~~~~[m[K
[3.724s] compilation terminated.
[3.731s] make[2]: *** [CMakeFiles/pub.dir/build.make:76: CMakeFiles/pub.dir/src/pmain.cpp.o] Error 1
[3.731s] make[2]: *** Waiting for unfinished jobs....
[4.125s] In file included from [01m[K/home/ubuntu/ros2_ws/src/camera1-3/include/camera1-3/pub.hpp:6[m[K,
[4.126s]                  from [01m[K/home/ubuntu/ros2_ws/src/camera1-3/src/pub.cpp:1[m[K:
[4.126s] [01m[K/opt/ros/foxy/include/cv_bridge/cv_bridge.h:43:10:[m[K [01;31m[Kfatal error: [m[Kopencv2/core/core.hpp: No such file or directory
[4.127s]    43 | #include [01;31m[K<opencv2/core/core.hpp>[m[K
[4.128s]       |          [01;31m[K^~~~~~~~~~~~~~~~~~~~~~~[m[K
[4.128s] compilation terminated.
[4.130s] make[2]: *** [CMakeFiles/pub.dir/build.make:63: CMakeFiles/pub.dir/src/pub.cpp.o] Error 1
[4.132s] make[1]: *** [CMakeFiles/Makefile2:80: CMakeFiles/pub.dir/all] Error 2
[4.133s] make[1]: *** Waiting for unfinished jobs....
[4.141s] In file included from [01m[K/home/ubuntu/ros2_ws/src/camera1-3/src/smain.cpp:1[m[K:
[4.142s] [01m[K/home/ubuntu/ros2_ws/src/camera1-3/include/camera1-3/sub.hpp:6:10:[m[K [01;31m[Kfatal error: [m[Kopencv2/opencv.hpp: No such file or directory
[4.143s]     6 | #include [01;31m[K"opencv2/opencv.hpp"[m[K
[4.144s]       |          [01;31m[K^~~~~~~~~~~~~~~~~~~~[m[K
[4.144s] compilation terminated.
[4.145s] In file included from [01m[K/home/ubuntu/ros2_ws/src/camera1-3/src/sub.cpp:1[m[K:
[4.146s] [01m[K/home/ubuntu/ros2_ws/src/camera1-3/include/camera1-3/sub.hpp:6:10:[m[K [01;31m[Kfatal error: [m[Kopencv2/opencv.hpp: No such file or directory
[4.146s]     6 | #include [01;31m[K"opencv2/opencv.hpp"[m[K
[4.147s]       |          [01;31m[K^~~~~~~~~~~~~~~~~~~~[m[K
[4.147s] compilation terminated.
[4.149s] make[2]: *** [CMakeFiles/sub.dir/build.make:76: CMakeFiles/sub.dir/src/smain.cpp.o] Error 1
[4.150s] make[2]: *** Waiting for unfinished jobs....
[4.150s] make[2]: *** [CMakeFiles/sub.dir/build.make:63: CMakeFiles/sub.dir/src/sub.cpp.o] Error 1
[4.151s] make[1]: *** [CMakeFiles/Makefile2:107: CMakeFiles/sub.dir/all] Error 2
[4.151s] make: *** [Makefile:141: all] Error 2
[4.158s] Invoked command in '/home/ubuntu/ros2_ws/build/camera1-3' returned '2': CMAKE_PREFIX_PATH=${CMAKE_PREFIX_PATH}:/opt/ros/foxy /usr/bin/cmake --build /home/ubuntu/ros2_ws/build/camera1-3 -- -j4 -l4
