[01m[K/home/ubuntu/ros2_ws/src/camera1-3/src/pmain.cpp:[m[K In function â€˜[01m[Kint main(int, char**)[m[Kâ€™:
[01m[K/home/ubuntu/ros2_ws/src/camera1-3/src/pmain.cpp:7:34:[m[K [01;31m[Kerror: [m[Kâ€˜[01m[KPub[m[Kâ€™ was not declared in this scope
    7 |     auto node = std::make_shared<[01;31m[KPub[m[K>();
      |                                  [01;31m[K^~~[m[K
[01m[K/home/ubuntu/ros2_ws/src/camera1-3/src/pmain.cpp:7:39:[m[K [01;31m[Kerror: [m[Kno matching function for call to â€˜[01m[Kmake_shared<<expression error> >()[m[Kâ€™
    7 |     auto node = std::make_shared<Pub>([01;31m[K)[m[K;
      |                                       [01;31m[K^[m[K
In file included from [01m[K/usr/include/c++/9/memory:81[m[K,
                 from [01m[K/opt/ros/foxy/include/rclcpp/rclcpp.hpp:144[m[K,
                 from [01m[K/home/ubuntu/ros2_ws/src/camera1-3/include/camera1-3/pub.hpp:4[m[K,
                 from [01m[K/home/ubuntu/ros2_ws/src/camera1-3/src/pmain.cpp:1[m[K:
[01m[K/usr/include/c++/9/bits/shared_ptr.h:714:5:[m[K [01;36m[Knote: [m[Kcandidate: â€˜[01m[Ktemplate<class _Tp, class ... _Args> std::shared_ptr<_Tp> std::make_shared(_Args&& ...)[m[Kâ€™
  714 |     [01;36m[Kmake_shared[m[K(_Args&&... __args)
      |     [01;36m[K^~~~~~~~~~~[m[K
[01m[K/usr/include/c++/9/bits/shared_ptr.h:714:5:[m[K [01;36m[Knote: [m[K  template argument deduction/substitution failed:
[01m[K/home/ubuntu/ros2_ws/src/camera1-3/src/pmain.cpp:7:39:[m[K [01;31m[Kerror: [m[Ktemplate argument 1 is invalid
    7 |     auto node = std::make_shared<Pub>([01;31m[K)[m[K;
      |                                       [01;31m[K^[m[K
make[2]: *** [CMakeFiles/pub.dir/build.make:76: CMakeFiles/pub.dir/src/pmain.cpp.o] Error 1
make[1]: *** [CMakeFiles/Makefile2:80: CMakeFiles/pub.dir/all] Error 2
make: *** [Makefile:141: all] Error 2
