[0.052s] Invoking command in '/home/ubuntu/ros2_ws/build/camera1-3': CMAKE_PREFIX_PATH=${CMAKE_PREFIX_PATH}:/opt/ros/foxy /usr/bin/cmake --build /home/ubuntu/ros2_ws/build/camera1-3 -- -j4 -l4
[0.272s] [35m[1mScanning dependencies of target pub[0m
[0.375s] [ 50%] Built target sub
[0.537s] [ 66%] [32mBuilding CXX object CMakeFiles/pub.dir/src/pmain.cpp.o[0m
[10.959s] [01m[K/home/ubuntu/ros2_ws/src/camera1-3/src/pmain.cpp:[m[K In function â€˜[01m[Kint main(int, char**)[m[Kâ€™:
[10.960s] [01m[K/home/ubuntu/ros2_ws/src/camera1-3/src/pmain.cpp:7:34:[m[K [01;31m[Kerror: [m[Kâ€˜[01m[KPub[m[Kâ€™ was not declared in this scope
[10.961s]     7 |     auto node = std::make_shared<[01;31m[KPub[m[K>();
[10.961s]       |                                  [01;31m[K^~~[m[K
[10.962s] [01m[K/home/ubuntu/ros2_ws/src/camera1-3/src/pmain.cpp:7:39:[m[K [01;31m[Kerror: [m[Kno matching function for call to â€˜[01m[Kmake_shared<<expression error> >()[m[Kâ€™
[10.963s]     7 |     auto node = std::make_shared<Pub>([01;31m[K)[m[K;
[10.963s]       |                                       [01;31m[K^[m[K
[10.964s] In file included from [01m[K/usr/include/c++/9/memory:81[m[K,
[10.965s]                  from [01m[K/opt/ros/foxy/include/rclcpp/rclcpp.hpp:144[m[K,
[10.965s]                  from [01m[K/home/ubuntu/ros2_ws/src/camera1-3/include/camera1-3/pub.hpp:4[m[K,
[10.966s]                  from [01m[K/home/ubuntu/ros2_ws/src/camera1-3/src/pmain.cpp:1[m[K:
[10.967s] [01m[K/usr/include/c++/9/bits/shared_ptr.h:714:5:[m[K [01;36m[Knote: [m[Kcandidate: â€˜[01m[Ktemplate<class _Tp, class ... _Args> std::shared_ptr<_Tp> std::make_shared(_Args&& ...)[m[Kâ€™
[10.968s]   714 |     [01;36m[Kmake_shared[m[K(_Args&&... __args)
[10.968s]       |     [01;36m[K^~~~~~~~~~~[m[K
[10.969s] [01m[K/usr/include/c++/9/bits/shared_ptr.h:714:5:[m[K [01;36m[Knote: [m[K  template argument deduction/substitution failed:
[10.969s] [01m[K/home/ubuntu/ros2_ws/src/camera1-3/src/pmain.cpp:7:39:[m[K [01;31m[Kerror: [m[Ktemplate argument 1 is invalid
[10.970s]     7 |     auto node = std::make_shared<Pub>([01;31m[K)[m[K;
[10.970s]       |                                       [01;31m[K^[m[K
[14.673s] make[2]: *** [CMakeFiles/pub.dir/build.make:76: CMakeFiles/pub.dir/src/pmain.cpp.o] Error 1
[14.674s] make[1]: *** [CMakeFiles/Makefile2:80: CMakeFiles/pub.dir/all] Error 2
[14.675s] make: *** [Makefile:141: all] Error 2
[14.682s] Invoked command in '/home/ubuntu/ros2_ws/build/camera1-3' returned '2': CMAKE_PREFIX_PATH=${CMAKE_PREFIX_PATH}:/opt/ros/foxy /usr/bin/cmake --build /home/ubuntu/ros2_ws/build/camera1-3 -- -j4 -l4
