-- The C compiler identification is GNU 9.4.0
-- The CXX compiler identification is GNU 9.4.0
-- Check for working C compiler: /usr/bin/cc
-- Check for working C compiler: /usr/bin/cc -- works
-- Detecting C compiler ABI info
-- Detecting C compiler ABI info - done
-- Detecting C compile features
-- Detecting C compile features - done
-- Check for working CXX compiler: /usr/bin/c++
-- Check for working CXX compiler: /usr/bin/c++ -- works
-- Detecting CXX compiler ABI info
-- Detecting CXX compiler ABI info - done
-- Detecting CXX compile features
-- Detecting CXX compile features - done
-- Found ament_cmake: 0.9.12 (/opt/ros/foxy/share/ament_cmake/cmake)
-- Found PythonInterp: /usr/bin/python3 (found suitable version "3.8.10", minimum required is "3") 
-- Using PYTHON_EXECUTABLE: /usr/bin/python3
-- Override CMake install command with custom implementation using symlinks instead of copying resources
-- Found rclcpp: 2.4.3 (/opt/ros/foxy/share/rclcpp/cmake)
-- Using all available rosidl_typesupport_c: rosidl_typesupport_fastrtps_c;rosidl_typesupport_introspection_c
-- Found rosidl_adapter: 1.3.1 (/opt/ros/foxy/share/rosidl_adapter/cmake)
-- Found OpenSSL: /usr/lib/x86_64-linux-gnu/libcrypto.so (found version "1.1.1f")  
-- Found FastRTPS: /opt/ros/foxy/include  
-- Using all available rosidl_typesupport_cpp: rosidl_typesupport_fastrtps_cpp;rosidl_typesupport_introspection_cpp
-- Found rmw_implementation_cmake: 1.0.4 (/opt/ros/foxy/share/rmw_implementation_cmake/cmake)
-- Using RMW implementation 'rmw_fastrtps_cpp' as default
-- Looking for pthread.h
-- Looking for pthread.h - found
-- Performing Test CMAKE_HAVE_LIBC_PTHREAD
-- Performing Test CMAKE_HAVE_LIBC_PTHREAD - Failed
-- Looking for pthread_create in pthreads
-- Looking for pthread_create in pthreads - not found
-- Looking for pthread_create in pthread
-- Looking for pthread_create in pthread - found
-- Found Threads: TRUE  
-- Found geometry_msgs: 2.0.5 (/opt/ros/foxy/share/geometry_msgs/cmake)
-- Configuring done
-- Generating done
-- Build files have been written to: /home/linux/ros2_ws/src/build/pub2-2
[35m[1mScanning dependencies of target pub2-2[0m
[ 50%] [32mBuilding CXX object CMakeFiles/pub2-2.dir/src/pub2-2.cpp.o[0m
[01m[K/home/linux/ros2_ws/src/pub2-2/src/pub2-2.cpp:9:19:[m[K [01;31m[Kerror: [m[Kâ€˜[01m[Kgeometry_msgs[m[Kâ€™ was not declared in this scope
    9 | rclcpp::Publisher<[01;31m[Kgeometry_msgs[m[K::msg::Vector3>::SharedPtr pub)
      |                   [01;31m[K^~~~~~~~~~~~~[m[K
[01m[K/home/linux/ros2_ws/src/pub2-2/src/pub2-2.cpp:9:46:[m[K [01;31m[Kerror: [m[Ktemplate argument 1 is invalid
    9 | rclcpp::Publisher<geometry_msgs::msg::Vector3[01;31m[K>[m[K::SharedPtr pub)
      |                                              [01;31m[K^[m[K
[01m[K/home/linux/ros2_ws/src/pub2-2/src/pub2-2.cpp:9:19:[m[K [01;31m[Kerror: [m[Kâ€˜[01m[Kgeometry_msgs[m[Kâ€™ was not declared in this scope
    9 | rclcpp::Publisher<[01;31m[Kgeometry_msgs[m[K::msg::Vector3>::SharedPtr pub)
      |                   [01;31m[K^~~~~~~~~~~~~[m[K
[01m[K/home/linux/ros2_ws/src/pub2-2/src/pub2-2.cpp:9:46:[m[K [01;31m[Kerror: [m[Ktemplate argument 1 is invalid
    9 | rclcpp::Publisher<geometry_msgs::msg::Vector3[01;31m[K>[m[K::SharedPtr pub)
      |                                              [01;31m[K^[m[K
[01m[K/home/linux/ros2_ws/src/pub2-2/src/pub2-2.cpp:9:19:[m[K [01;31m[Kerror: [m[Kâ€˜[01m[Kgeometry_msgs[m[Kâ€™ was not declared in this scope
    9 | rclcpp::Publisher<[01;31m[Kgeometry_msgs[m[K::msg::Vector3>::SharedPtr pub)
      |                   [01;31m[K^~~~~~~~~~~~~[m[K
[01m[K/home/linux/ros2_ws/src/pub2-2/src/pub2-2.cpp:9:46:[m[K [01;31m[Kerror: [m[Ktemplate argument 1 is invalid
    9 | rclcpp::Publisher<geometry_msgs::msg::Vector3[01;31m[K>[m[K::SharedPtr pub)
      |                                              [01;31m[K^[m[K
[01m[K/home/linux/ros2_ws/src/pub2-2/src/pub2-2.cpp:9:9:[m[K [01;31m[Kerror: [m[Kâ€˜[01m[Krclcpp::Publisher[m[Kâ€™ is not a type
    9 | rclcpp::[01;31m[KPublisher[m[K<geometry_msgs::msg::Vector3>::SharedPtr pub)
      |         [01;31m[K^~~~~~~~~[m[K
[01m[K/home/linux/ros2_ws/src/pub2-2/src/pub2-2.cpp:9:18:[m[K [01;31m[Kerror: [m[Kexpected â€˜[01m[K,[m[Kâ€™ or â€˜[01m[K...[m[Kâ€™ before â€˜[01m[K<[m[Kâ€™ token
    9 | rclcpp::Publisher[01;31m[K<[m[Kgeometry_msgs::msg::Vector3>::SharedPtr pub)
      |                  [01;31m[K^[m[K
[01m[K/home/linux/ros2_ws/src/pub2-2/src/pub2-2.cpp:[m[K In function â€˜[01m[Kvoid callback(rclcpp::Node::SharedPtr, int)[m[Kâ€™:
[01m[K/home/linux/ros2_ws/src/pub2-2/src/pub2-2.cpp:12:20:[m[K [01;31m[Kerror: [m[Kâ€˜[01m[Kgeometry_msgs[m[Kâ€™ has not been declared
   12 |     auto message = [01;31m[Kgeometry_msgs[m[K::msg::Vector3();
      |                    [01;31m[K^~~~~~~~~~~~~[m[K
[01m[K/home/linux/ros2_ws/src/pub2-2/src/pub2-2.cpp:13:5:[m[K [01;31m[Kerror: [m[Kâ€˜[01m[Kcout[m[Kâ€™ was not declared in this scope; did you mean â€˜[01m[Kstd::cout[m[Kâ€™?
   13 |     [01;31m[Kcout[m[K << "ì‹¤ìˆ˜ 3ê°œ ìž…ë ¥ : ";
      |     [01;31m[K^~~~[m[K
      |     [32m[Kstd::cout[m[K
In file included from [01m[K/opt/ros/foxy/include/rclcpp/executor.hpp:22[m[K,
                 from [01m[K/opt/ros/foxy/include/rclcpp/executors/multi_threaded_executor.hpp:26[m[K,
                 from [01m[K/opt/ros/foxy/include/rclcpp/executors.hpp:21[m[K,
                 from [01m[K/opt/ros/foxy/include/rclcpp/rclcpp.hpp:146[m[K,
                 from [01m[K/home/linux/ros2_ws/src/pub2-2/src/pub2-2.cpp:1[m[K:
[01m[K/usr/include/c++/9/iostream:61:18:[m[K [01;36m[Knote: [m[Kâ€˜[01m[Kstd::cout[m[Kâ€™ declared here
   61 |   extern ostream [01;36m[Kcout[m[K;  /// Linked to standard output
      |                  [01;36m[K^~~~[m[K
[01m[K/home/linux/ros2_ws/src/pub2-2/src/pub2-2.cpp:14:5:[m[K [01;31m[Kerror: [m[Kâ€˜[01m[Kcin[m[Kâ€™ was not declared in this scope; did you mean â€˜[01m[Kstd::cin[m[Kâ€™?
   14 |     [01;31m[Kcin[m[K >> message.x >> message.y >> message.z;
      |     [01;31m[K^~~[m[K
      |     [32m[Kstd::cin[m[K
In file included from [01m[K/opt/ros/foxy/include/rclcpp/executor.hpp:22[m[K,
                 from [01m[K/opt/ros/foxy/include/rclcpp/executors/multi_threaded_executor.hpp:26[m[K,
                 from [01m[K/opt/ros/foxy/include/rclcpp/executors.hpp:21[m[K,
                 from [01m[K/opt/ros/foxy/include/rclcpp/rclcpp.hpp:146[m[K,
                 from [01m[K/home/linux/ros2_ws/src/pub2-2/src/pub2-2.cpp:1[m[K:
[01m[K/usr/include/c++/9/iostream:60:18:[m[K [01;36m[Knote: [m[Kâ€˜[01m[Kstd::cin[m[Kâ€™ declared here
   60 |   extern istream [01;36m[Kcin[m[K;  /// Linked to standard input
      |                  [01;36m[K^~~[m[K
[01m[K/home/linux/ros2_ws/src/pub2-2/src/pub2-2.cpp:16:5:[m[K [01;31m[Kerror: [m[Kâ€˜[01m[Kpub[m[Kâ€™ was not declared in this scope
   16 |     [01;31m[Kpub[m[K->publish(message);
      |     [01;31m[K^~~[m[K
[01m[K/home/linux/ros2_ws/src/pub2-2/src/pub2-2.cpp:11:16:[m[K [01;35m[Kwarning: [m[Kunused variable â€˜[01m[Kcount[m[Kâ€™ [[01;35m[K-Wunused-variable[m[K]
   11 |     static int [01;35m[Kcount[m[K;
      |                [01;35m[K^~~~~[m[K
[01m[K/home/linux/ros2_ws/src/pub2-2/src/pub2-2.cpp:[m[K In function â€˜[01m[Kint main(int, char**)[m[Kâ€™:
[01m[K/home/linux/ros2_ws/src/pub2-2/src/pub2-2.cpp:23:39:[m[K [01;31m[Kerror: [m[Kâ€˜[01m[Kgeometry_msgs[m[Kâ€™ was not declared in this scope
   23 |     auto pub = node->create_publisher<[01;31m[Kgeometry_msgs[m[K::msg::Vector3>("mytopic", qos_profile);
      |                                       [01;31m[K^~~~~~~~~~~~~[m[K
[01m[K/home/linux/ros2_ws/src/pub2-2/src/pub2-2.cpp:23:22:[m[K [01;31m[Kerror: [m[Kparse error in template argument list
   23 |     auto pub = node->[01;31m[Kcreate_publisher<geometry_msgs::msg::Vector3>[m[K("mytopic", qos_profile);
      |                      [01;31m[K^~~~~~~~~~~~~~~~~~~~~~~~~~~~~~~~~~~~~~~~~~~~~[m[K
[01m[K/home/linux/ros2_ws/src/pub2-2/src/pub2-2.cpp:23:90:[m[K [01;31m[Kerror: [m[Kno matching function for call to â€˜[01m[Krclcpp::Node::create_publisher<<expression error> >(const char [8], rclcpp::QoS&)[m[Kâ€™
   23 |     auto pub = node->create_publisher<geometry_msgs::msg::Vector3>("mytopic", qos_profile[01;31m[K)[m[K;
      |                                                                                          [01;31m[K^[m[K
In file included from [01m[K/opt/ros/foxy/include/rclcpp/executors/single_threaded_executor.hpp:28[m[K,
                 from [01m[K/opt/ros/foxy/include/rclcpp/executors.hpp:22[m[K,
                 from [01m[K/opt/ros/foxy/include/rclcpp/rclcpp.hpp:146[m[K,
                 from [01m[K/home/linux/ros2_ws/src/pub2-2/src/pub2-2.cpp:1[m[K:
[01m[K/opt/ros/foxy/include/rclcpp/node.hpp:184:3:[m[K [01;36m[Knote: [m[Kcandidate: â€˜[01m[Ktemplate<class MessageT, class AllocatorT, class PublisherT> std::shared_ptr<PublisherT> rclcpp::Node::create_publisher(const string&, const rclcpp::QoS&, const rclcpp::PublisherOptionsWithAllocator<AllocatorT>&)[m[Kâ€™
  184 |   [01;36m[Kcreate_publisher[m[K(
      |   [01;36m[K^~~~~~~~~~~~~~~~[m[K
[01m[K/opt/ros/foxy/include/rclcpp/node.hpp:184:3:[m[K [01;36m[Knote: [m[K  template argument deduction/substitution failed:
[01m[K/home/linux/ros2_ws/src/pub2-2/src/pub2-2.cpp:23:90:[m[K [01;31m[Kerror: [m[Ktemplate argument 1 is invalid
   23 |     auto pub = node->create_publisher<geometry_msgs::msg::Vector3>("mytopic", qos_profile[01;31m[K)[m[K;
      |                                                                                          [01;31m[K^[m[K
[01m[K/home/linux/ros2_ws/src/pub2-2/src/pub2-2.cpp:[m[K At global scope:
[01m[K/home/linux/ros2_ws/src/pub2-2/src/pub2-2.cpp:11:16:[m[K [01;35m[Kwarning: [m[Kâ€˜[01m[Kcount[m[Kâ€™ defined but not used [[01;35m[K-Wunused-variable[m[K]
   11 |     static int [01;35m[Kcount[m[K;
      |                [01;35m[K^~~~~[m[K
make[2]: *** [CMakeFiles/pub2-2.dir/build.make:63: CMakeFiles/pub2-2.dir/src/pub2-2.cpp.o] Error 1
make[1]: *** [CMakeFiles/Makefile2:78: CMakeFiles/pub2-2.dir/all] Error 2
make: *** [Makefile:141: all] Error 2
