[0.012s] Invoking command in '/home/linux/ros2_ws/src/build/pub2-2': CMAKE_PREFIX_PATH=${CMAKE_PREFIX_PATH}:/opt/ros/foxy /usr/bin/cmake /home/linux/ros2_ws/src/pub2-2 -DAMENT_CMAKE_SYMLINK_INSTALL=1 -DCMAKE_INSTALL_PREFIX=/home/linux/ros2_ws/src/install/pub2-2
[0.178s] -- The C compiler identification is GNU 9.4.0
[0.351s] -- The CXX compiler identification is GNU 9.4.0
[0.417s] -- Check for working C compiler: /usr/bin/cc
[0.508s] -- Check for working C compiler: /usr/bin/cc -- works
[0.509s] -- Detecting C compiler ABI info
[0.589s] -- Detecting C compiler ABI info - done
[0.595s] -- Detecting C compile features
[0.596s] -- Detecting C compile features - done
[0.598s] -- Check for working CXX compiler: /usr/bin/c++
[0.681s] -- Check for working CXX compiler: /usr/bin/c++ -- works
[0.682s] -- Detecting CXX compiler ABI info
[0.759s] -- Detecting CXX compiler ABI info - done
[0.765s] -- Detecting CXX compile features
[0.765s] -- Detecting CXX compile features - done
[0.772s] -- Found ament_cmake: 0.9.12 (/opt/ros/foxy/share/ament_cmake/cmake)
[0.789s] -- Found PythonInterp: /usr/bin/python3 (found suitable version "3.8.10", minimum required is "3") 
[0.789s] -- Using PYTHON_EXECUTABLE: /usr/bin/python3
[0.883s] -- Override CMake install command with custom implementation using symlinks instead of copying resources
[0.904s] -- Found rclcpp: 2.4.3 (/opt/ros/foxy/share/rclcpp/cmake)
[1.019s] -- Using all available rosidl_typesupport_c: rosidl_typesupport_fastrtps_c;rosidl_typesupport_introspection_c
[1.026s] -- Found rosidl_adapter: 1.3.1 (/opt/ros/foxy/share/rosidl_adapter/cmake)
[1.747s] -- Found OpenSSL: /usr/lib/x86_64-linux-gnu/libcrypto.so (found version "1.1.1f")  
[2.366s] -- Found FastRTPS: /opt/ros/foxy/include  
[3.516s] -- Using all available rosidl_typesupport_cpp: rosidl_typesupport_fastrtps_cpp;rosidl_typesupport_introspection_cpp
[3.564s] -- Found rmw_implementation_cmake: 1.0.4 (/opt/ros/foxy/share/rmw_implementation_cmake/cmake)
[3.566s] -- Using RMW implementation 'rmw_fastrtps_cpp' as default
[3.567s] -- Looking for pthread.h
[3.652s] -- Looking for pthread.h - found
[3.652s] -- Performing Test CMAKE_HAVE_LIBC_PTHREAD
[3.733s] -- Performing Test CMAKE_HAVE_LIBC_PTHREAD - Failed
[3.734s] -- Looking for pthread_create in pthreads
[3.808s] -- Looking for pthread_create in pthreads - not found
[3.808s] -- Looking for pthread_create in pthread
[3.893s] -- Looking for pthread_create in pthread - found
[3.894s] -- Found Threads: TRUE  
[4.005s] -- Found geometry_msgs: 2.0.5 (/opt/ros/foxy/share/geometry_msgs/cmake)
[4.069s] -- Configuring done
[4.074s] -- Generating done
[4.076s] -- Build files have been written to: /home/linux/ros2_ws/src/build/pub2-2
[4.080s] Invoked command in '/home/linux/ros2_ws/src/build/pub2-2' returned '0': CMAKE_PREFIX_PATH=${CMAKE_PREFIX_PATH}:/opt/ros/foxy /usr/bin/cmake /home/linux/ros2_ws/src/pub2-2 -DAMENT_CMAKE_SYMLINK_INSTALL=1 -DCMAKE_INSTALL_PREFIX=/home/linux/ros2_ws/src/install/pub2-2
[4.082s] Invoking command in '/home/linux/ros2_ws/src/build/pub2-2': CMAKE_PREFIX_PATH=${CMAKE_PREFIX_PATH}:/opt/ros/foxy /usr/bin/cmake --build /home/linux/ros2_ws/src/build/pub2-2 -- -j16 -l16
[4.103s] [35m[1mScanning dependencies of target pub2-2[0m
[4.175s] [ 50%] [32mBuilding CXX object CMakeFiles/pub2-2.dir/src/pub2-2.cpp.o[0m
[4.964s] [01m[K/home/linux/ros2_ws/src/pub2-2/src/pub2-2.cpp:9:19:[m[K [01;31m[Kerror: [m[Kâ€˜[01m[Kgeometry_msgs[m[Kâ€™ was not declared in this scope
[4.964s]     9 | rclcpp::Publisher<[01;31m[Kgeometry_msgs[m[K::msg::Vector3>::SharedPtr pub)
[4.964s]       |                   [01;31m[K^~~~~~~~~~~~~[m[K
[4.964s] [01m[K/home/linux/ros2_ws/src/pub2-2/src/pub2-2.cpp:9:46:[m[K [01;31m[Kerror: [m[Ktemplate argument 1 is invalid
[4.964s]     9 | rclcpp::Publisher<geometry_msgs::msg::Vector3[01;31m[K>[m[K::SharedPtr pub)
[4.964s]       |                                              [01;31m[K^[m[K
[4.965s] [01m[K/home/linux/ros2_ws/src/pub2-2/src/pub2-2.cpp:9:19:[m[K [01;31m[Kerror: [m[Kâ€˜[01m[Kgeometry_msgs[m[Kâ€™ was not declared in this scope
[4.965s]     9 | rclcpp::Publisher<[01;31m[Kgeometry_msgs[m[K::msg::Vector3>::SharedPtr pub)
[4.965s]       |                   [01;31m[K^~~~~~~~~~~~~[m[K
[4.965s] [01m[K/home/linux/ros2_ws/src/pub2-2/src/pub2-2.cpp:9:46:[m[K [01;31m[Kerror: [m[Ktemplate argument 1 is invalid
[4.965s]     9 | rclcpp::Publisher<geometry_msgs::msg::Vector3[01;31m[K>[m[K::SharedPtr pub)
[4.965s]       |                                              [01;31m[K^[m[K
[4.966s] [01m[K/home/linux/ros2_ws/src/pub2-2/src/pub2-2.cpp:9:19:[m[K [01;31m[Kerror: [m[Kâ€˜[01m[Kgeometry_msgs[m[Kâ€™ was not declared in this scope
[4.966s]     9 | rclcpp::Publisher<[01;31m[Kgeometry_msgs[m[K::msg::Vector3>::SharedPtr pub)
[4.966s]       |                   [01;31m[K^~~~~~~~~~~~~[m[K
[4.966s] [01m[K/home/linux/ros2_ws/src/pub2-2/src/pub2-2.cpp:9:46:[m[K [01;31m[Kerror: [m[Ktemplate argument 1 is invalid
[4.966s]     9 | rclcpp::Publisher<geometry_msgs::msg::Vector3[01;31m[K>[m[K::SharedPtr pub)
[4.966s]       |                                              [01;31m[K^[m[K
[4.966s] [01m[K/home/linux/ros2_ws/src/pub2-2/src/pub2-2.cpp:9:9:[m[K [01;31m[Kerror: [m[Kâ€˜[01m[Krclcpp::Publisher[m[Kâ€™ is not a type
[4.966s]     9 | rclcpp::[01;31m[KPublisher[m[K<geometry_msgs::msg::Vector3>::SharedPtr pub)
[4.966s]       |         [01;31m[K^~~~~~~~~[m[K
[4.966s] [01m[K/home/linux/ros2_ws/src/pub2-2/src/pub2-2.cpp:9:18:[m[K [01;31m[Kerror: [m[Kexpected â€˜[01m[K,[m[Kâ€™ or â€˜[01m[K...[m[Kâ€™ before â€˜[01m[K<[m[Kâ€™ token
[4.966s]     9 | rclcpp::Publisher[01;31m[K<[m[Kgeometry_msgs::msg::Vector3>::SharedPtr pub)
[4.966s]       |                  [01;31m[K^[m[K
[4.966s] [01m[K/home/linux/ros2_ws/src/pub2-2/src/pub2-2.cpp:[m[K In function â€˜[01m[Kvoid callback(rclcpp::Node::SharedPtr, int)[m[Kâ€™:
[4.966s] [01m[K/home/linux/ros2_ws/src/pub2-2/src/pub2-2.cpp:12:20:[m[K [01;31m[Kerror: [m[Kâ€˜[01m[Kgeometry_msgs[m[Kâ€™ has not been declared
[4.966s]    12 |     auto message = [01;31m[Kgeometry_msgs[m[K::msg::Vector3();
[4.966s]       |                    [01;31m[K^~~~~~~~~~~~~[m[K
[4.966s] [01m[K/home/linux/ros2_ws/src/pub2-2/src/pub2-2.cpp:13:5:[m[K [01;31m[Kerror: [m[Kâ€˜[01m[Kcout[m[Kâ€™ was not declared in this scope; did you mean â€˜[01m[Kstd::cout[m[Kâ€™?
[4.966s]    13 |     [01;31m[Kcout[m[K << "ì‹¤ìˆ˜ 3ê°œ ìž…ë ¥ : ";
[4.966s]       |     [01;31m[K^~~~[m[K
[4.966s]       |     [32m[Kstd::cout[m[K
[4.966s] In file included from [01m[K/opt/ros/foxy/include/rclcpp/executor.hpp:22[m[K,
[4.966s]                  from [01m[K/opt/ros/foxy/include/rclcpp/executors/multi_threaded_executor.hpp:26[m[K,
[4.966s]                  from [01m[K/opt/ros/foxy/include/rclcpp/executors.hpp:21[m[K,
[4.966s]                  from [01m[K/opt/ros/foxy/include/rclcpp/rclcpp.hpp:146[m[K,
[4.966s]                  from [01m[K/home/linux/ros2_ws/src/pub2-2/src/pub2-2.cpp:1[m[K:
[4.967s] [01m[K/usr/include/c++/9/iostream:61:18:[m[K [01;36m[Knote: [m[Kâ€˜[01m[Kstd::cout[m[Kâ€™ declared here
[4.967s]    61 |   extern ostream [01;36m[Kcout[m[K;  /// Linked to standard output
[4.967s]       |                  [01;36m[K^~~~[m[K
[4.969s] [01m[K/home/linux/ros2_ws/src/pub2-2/src/pub2-2.cpp:14:5:[m[K [01;31m[Kerror: [m[Kâ€˜[01m[Kcin[m[Kâ€™ was not declared in this scope; did you mean â€˜[01m[Kstd::cin[m[Kâ€™?
[4.969s]    14 |     [01;31m[Kcin[m[K >> message.x >> message.y >> message.z;
[4.969s]       |     [01;31m[K^~~[m[K
[4.969s]       |     [32m[Kstd::cin[m[K
[4.970s] In file included from [01m[K/opt/ros/foxy/include/rclcpp/executor.hpp:22[m[K,
[4.970s]                  from [01m[K/opt/ros/foxy/include/rclcpp/executors/multi_threaded_executor.hpp:26[m[K,
[4.970s]                  from [01m[K/opt/ros/foxy/include/rclcpp/executors.hpp:21[m[K,
[4.970s]                  from [01m[K/opt/ros/foxy/include/rclcpp/rclcpp.hpp:146[m[K,
[4.970s]                  from [01m[K/home/linux/ros2_ws/src/pub2-2/src/pub2-2.cpp:1[m[K:
[4.970s] [01m[K/usr/include/c++/9/iostream:60:18:[m[K [01;36m[Knote: [m[Kâ€˜[01m[Kstd::cin[m[Kâ€™ declared here
[4.970s]    60 |   extern istream [01;36m[Kcin[m[K;  /// Linked to standard input
[4.970s]       |                  [01;36m[K^~~[m[K
[4.970s] [01m[K/home/linux/ros2_ws/src/pub2-2/src/pub2-2.cpp:16:5:[m[K [01;31m[Kerror: [m[Kâ€˜[01m[Kpub[m[Kâ€™ was not declared in this scope
[4.970s]    16 |     [01;31m[Kpub[m[K->publish(message);
[4.970s]       |     [01;31m[K^~~[m[K
[4.970s] [01m[K/home/linux/ros2_ws/src/pub2-2/src/pub2-2.cpp:11:16:[m[K [01;35m[Kwarning: [m[Kunused variable â€˜[01m[Kcount[m[Kâ€™ [[01;35m[K-Wunused-variable[m[K]
[4.970s]    11 |     static int [01;35m[Kcount[m[K;
[4.970s]       |                [01;35m[K^~~~~[m[K
[4.972s] [01m[K/home/linux/ros2_ws/src/pub2-2/src/pub2-2.cpp:[m[K In function â€˜[01m[Kint main(int, char**)[m[Kâ€™:
[4.972s] [01m[K/home/linux/ros2_ws/src/pub2-2/src/pub2-2.cpp:23:39:[m[K [01;31m[Kerror: [m[Kâ€˜[01m[Kgeometry_msgs[m[Kâ€™ was not declared in this scope
[4.972s]    23 |     auto pub = node->create_publisher<[01;31m[Kgeometry_msgs[m[K::msg::Vector3>("mytopic", qos_profile);
[4.972s]       |                                       [01;31m[K^~~~~~~~~~~~~[m[K
[4.972s] [01m[K/home/linux/ros2_ws/src/pub2-2/src/pub2-2.cpp:23:22:[m[K [01;31m[Kerror: [m[Kparse error in template argument list
[4.972s]    23 |     auto pub = node->[01;31m[Kcreate_publisher<geometry_msgs::msg::Vector3>[m[K("mytopic", qos_profile);
[4.972s]       |                      [01;31m[K^~~~~~~~~~~~~~~~~~~~~~~~~~~~~~~~~~~~~~~~~~~~~[m[K
[4.972s] [01m[K/home/linux/ros2_ws/src/pub2-2/src/pub2-2.cpp:23:90:[m[K [01;31m[Kerror: [m[Kno matching function for call to â€˜[01m[Krclcpp::Node::create_publisher<<expression error> >(const char [8], rclcpp::QoS&)[m[Kâ€™
[4.972s]    23 |     auto pub = node->create_publisher<geometry_msgs::msg::Vector3>("mytopic", qos_profile[01;31m[K)[m[K;
[4.972s]       |                                                                                          [01;31m[K^[m[K
[4.972s] In file included from [01m[K/opt/ros/foxy/include/rclcpp/executors/single_threaded_executor.hpp:28[m[K,
[4.972s]                  from [01m[K/opt/ros/foxy/include/rclcpp/executors.hpp:22[m[K,
[4.972s]                  from [01m[K/opt/ros/foxy/include/rclcpp/rclcpp.hpp:146[m[K,
[4.972s]                  from [01m[K/home/linux/ros2_ws/src/pub2-2/src/pub2-2.cpp:1[m[K:
[4.972s] [01m[K/opt/ros/foxy/include/rclcpp/node.hpp:184:3:[m[K [01;36m[Knote: [m[Kcandidate: â€˜[01m[Ktemplate<class MessageT, class AllocatorT, class PublisherT> std::shared_ptr<PublisherT> rclcpp::Node::create_publisher(const string&, const rclcpp::QoS&, const rclcpp::PublisherOptionsWithAllocator<AllocatorT>&)[m[Kâ€™
[4.972s]   184 |   [01;36m[Kcreate_publisher[m[K(
[4.972s]       |   [01;36m[K^~~~~~~~~~~~~~~~[m[K
[4.972s] [01m[K/opt/ros/foxy/include/rclcpp/node.hpp:184:3:[m[K [01;36m[Knote: [m[K  template argument deduction/substitution failed:
[4.972s] [01m[K/home/linux/ros2_ws/src/pub2-2/src/pub2-2.cpp:23:90:[m[K [01;31m[Kerror: [m[Ktemplate argument 1 is invalid
[4.973s]    23 |     auto pub = node->create_publisher<geometry_msgs::msg::Vector3>("mytopic", qos_profile[01;31m[K)[m[K;
[4.973s]       |                                                                                          [01;31m[K^[m[K
[5.227s] [01m[K/home/linux/ros2_ws/src/pub2-2/src/pub2-2.cpp:[m[K At global scope:
[5.228s] [01m[K/home/linux/ros2_ws/src/pub2-2/src/pub2-2.cpp:11:16:[m[K [01;35m[Kwarning: [m[Kâ€˜[01m[Kcount[m[Kâ€™ defined but not used [[01;35m[K-Wunused-variable[m[K]
[5.228s]    11 |     static int [01;35m[Kcount[m[K;
[5.228s]       |                [01;35m[K^~~~~[m[K
[5.234s] make[2]: *** [CMakeFiles/pub2-2.dir/build.make:63: CMakeFiles/pub2-2.dir/src/pub2-2.cpp.o] Error 1
[5.234s] make[1]: *** [CMakeFiles/Makefile2:78: CMakeFiles/pub2-2.dir/all] Error 2
[5.234s] make: *** [Makefile:141: all] Error 2
[5.235s] Invoked command in '/home/linux/ros2_ws/src/build/pub2-2' returned '2': CMAKE_PREFIX_PATH=${CMAKE_PREFIX_PATH}:/opt/ros/foxy /usr/bin/cmake --build /home/linux/ros2_ws/src/build/pub2-2 -- -j16 -l16
