[0.047s] Invoking command in '/home/ubuntu/ros2_ws/build/camera1-3': CMAKE_PREFIX_PATH=${CMAKE_PREFIX_PATH}:/opt/ros/foxy /usr/bin/cmake --build /home/ubuntu/ros2_ws/build/camera1-3 -- -j4 -l4
[0.158s] -- Found ament_cmake: 0.9.12 (/opt/ros/foxy/share/ament_cmake/cmake)
[0.246s] -- Using PYTHON_EXECUTABLE: /usr/bin/python3
[0.963s] -- Override CMake install command with custom implementation using symlinks instead of copying resources
[0.992s] -- Found rclcpp: 2.4.3 (/opt/ros/foxy/share/rclcpp/cmake)
[1.147s] -- Using all available rosidl_typesupport_c: rosidl_typesupport_fastrtps_c;rosidl_typesupport_introspection_c
[1.159s] -- Found rosidl_adapter: 1.3.1 (/opt/ros/foxy/share/rosidl_adapter/cmake)
[1.998s] -- Using all available rosidl_typesupport_cpp: rosidl_typesupport_fastrtps_cpp;rosidl_typesupport_introspection_cpp
[2.171s] -- Found rmw_implementation_cmake: 1.0.4 (/opt/ros/foxy/share/rmw_implementation_cmake/cmake)
[2.177s] -- Using RMW implementation 'rmw_fastrtps_cpp' as default
[2.932s] -- Configuring done
[2.969s] -- Generating done
[2.990s] -- Build files have been written to: /home/ubuntu/ros2_ws/build/camera1-3
[3.163s] [ 16%] [32mBuilding CXX object CMakeFiles/pub.dir/src/pmain.cpp.o[0m
[3.168s] [ 33%] [32mBuilding CXX object CMakeFiles/pub.dir/src/pub.cpp.o[0m
[3.192s] [ 50%] [32mBuilding CXX object CMakeFiles/sub.dir/src/sub.cpp.o[0m
[3.198s] [ 66%] [32mBuilding CXX object CMakeFiles/sub.dir/src/smain.cpp.o[0m
[3.231s] [01m[K/home/ubuntu/ros2_ws/src/camera1-3/src/pmain.cpp:1:10:[m[K [01;31m[Kfatal error: [m[Kcamera1-3pub.hpp: No such file or directory
[3.232s]     1 | #include [01;31m[K"camera1-3pub.hpp"[m[K
[3.233s]       |          [01;31m[K^~~~~~~~~~~~~~~~~~[m[K
[3.234s] compilation terminated.
[3.238s] make[2]: *** [CMakeFiles/pub.dir/build.make:76: CMakeFiles/pub.dir/src/pmain.cpp.o] Error 1
[3.239s] make[2]: *** Waiting for unfinished jobs....
[3.648s] In file included from [01m[K/home/ubuntu/ros2_ws/src/camera1-3/include/camera1-3/pub.hpp:6[m[K,
[3.649s]                  from [01m[K/home/ubuntu/ros2_ws/src/camera1-3/src/pub.cpp:1[m[K:
[3.650s] [01m[K/opt/ros/foxy/include/cv_bridge/cv_bridge.h:43:10:[m[K [01;31m[Kfatal error: [m[Kopencv2/core/core.hpp: No such file or directory
[3.650s]    43 | #include [01;31m[K<opencv2/core/core.hpp>[m[K
[3.651s]       |          [01;31m[K^~~~~~~~~~~~~~~~~~~~~~~[m[K
[3.651s] compilation terminated.
[3.654s] make[2]: *** [CMakeFiles/pub.dir/build.make:63: CMakeFiles/pub.dir/src/pub.cpp.o] Error 1
[3.655s] make[1]: *** [CMakeFiles/Makefile2:80: CMakeFiles/pub.dir/all] Error 2
[3.655s] make[1]: *** Waiting for unfinished jobs....
[3.658s] In file included from [01m[K/home/ubuntu/ros2_ws/src/camera1-3/src/smain.cpp:1[m[K:
[3.659s] [01m[K/home/ubuntu/ros2_ws/src/camera1-3/include/camera1-3/sub.hpp:6:10:[m[K [01;31m[Kfatal error: [m[Kopencv2/opencv.hpp: No such file or directory
[3.659s]     6 | #include [01;31m[K"opencv2/opencv.hpp"[m[K
[3.660s]       |          [01;31m[K^~~~~~~~~~~~~~~~~~~~[m[K
[3.661s] compilation terminated.
[3.665s] make[2]: *** [CMakeFiles/sub.dir/build.make:76: CMakeFiles/sub.dir/src/smain.cpp.o] Error 1
[3.665s] make[2]: *** Waiting for unfinished jobs....
[3.666s] In file included from [01m[K/home/ubuntu/ros2_ws/src/camera1-3/src/sub.cpp:1[m[K:
[3.666s] [01m[K/home/ubuntu/ros2_ws/src/camera1-3/include/camera1-3/sub.hpp:6:10:[m[K [01;31m[Kfatal error: [m[Kopencv2/opencv.hpp: No such file or directory
[3.667s]     6 | #include [01;31m[K"opencv2/opencv.hpp"[m[K
[3.667s]       |          [01;31m[K^~~~~~~~~~~~~~~~~~~~[m[K
[3.668s] compilation terminated.
[3.672s] make[2]: *** [CMakeFiles/sub.dir/build.make:63: CMakeFiles/sub.dir/src/sub.cpp.o] Error 1
[3.673s] make[1]: *** [CMakeFiles/Makefile2:107: CMakeFiles/sub.dir/all] Error 2
[3.673s] make: *** [Makefile:141: all] Error 2
[3.679s] Invoked command in '/home/ubuntu/ros2_ws/build/camera1-3' returned '2': CMAKE_PREFIX_PATH=${CMAKE_PREFIX_PATH}:/opt/ros/foxy /usr/bin/cmake --build /home/ubuntu/ros2_ws/build/camera1-3 -- -j4 -l4
