[0.052s] Invoking command in '/home/ubuntu/ros2_ws/build/camera1-3': CMAKE_PREFIX_PATH=${CMAKE_PREFIX_PATH}:/opt/ros/foxy /usr/bin/cmake --build /home/ubuntu/ros2_ws/build/camera1-3 -- -j4 -l4
[0.236s] [35m[1mScanning dependencies of target sub[0m
[0.237s] [35m[1mScanning dependencies of target pub[0m
[0.446s] [ 16%] [32mBuilding CXX object CMakeFiles/pub.dir/src/pub.cpp.o[0m
[0.484s] [ 33%] [32mBuilding CXX object CMakeFiles/pub.dir/src/pmain.cpp.o[0m
[0.562s] [ 50%] [32mBuilding CXX object CMakeFiles/sub.dir/src/sub.cpp.o[0m
[0.565s] [ 66%] [32mBuilding CXX object CMakeFiles/sub.dir/src/smain.cpp.o[0m
[19.594s] In file included from [01m[K/home/ubuntu/ros2_ws/src/camera1-3/src/smain.cpp:1[m[K:
[19.594s] [01m[K/home/ubuntu/ros2_ws/src/camera1-3/include/camera1-3/sub.hpp:10:50:[m[K [01;31m[Kerror: [m[KISO C++ forbids declaration of â€˜[01m[KCameraSubscriber[m[Kâ€™ with no type [[01;31m[K-fpermissive[m[K]
[19.595s]    10 |     CameraSubscriber(bool use_wsl_display = false[01;31m[K)[m[K;
[19.596s]       |                                                  [01;31m[K^[m[K
[19.727s] [01m[K/home/ubuntu/ros2_ws/src/camera1-3/src/smain.cpp:[m[K In function â€˜[01m[Kint main(int, char**)[m[Kâ€™:
[19.728s] [01m[K/home/ubuntu/ros2_ws/src/camera1-3/src/smain.cpp:8:34:[m[K [01;31m[Kerror: [m[Kâ€˜[01m[KCameraSubscriber[m[Kâ€™ was not declared in this scope
[19.730s]     8 |     auto node = std::make_shared<[01;31m[KCameraSubscriber[m[K>(use_wsl_display);
[19.732s]       |                                  [01;31m[K^~~~~~~~~~~~~~~~[m[K
[19.736s] [01m[K/home/ubuntu/ros2_ws/src/camera1-3/src/smain.cpp:8:67:[m[K [01;31m[Kerror: [m[Kno matching function for call to â€˜[01m[Kmake_shared<<expression error> >(bool&)[m[Kâ€™
[19.738s]     8 |     auto node = std::make_shared<CameraSubscriber>(use_wsl_display[01;31m[K)[m[K;
[19.739s]       |                                                                   [01;31m[K^[m[K
[19.742s] In file included from [01m[K/usr/include/c++/9/memory:81[m[K,
[19.744s]                  from [01m[K/opt/ros/foxy/include/rclcpp/rclcpp.hpp:144[m[K,
[19.750s]                  from [01m[K/home/ubuntu/ros2_ws/src/camera1-3/include/camera1-3/sub.hpp:4[m[K,
[19.751s]                  from [01m[K/home/ubuntu/ros2_ws/src/camera1-3/src/smain.cpp:1[m[K:
[19.752s] [01m[K/usr/include/c++/9/bits/shared_ptr.h:714:5:[m[K [01;36m[Knote: [m[Kcandidate: â€˜[01m[Ktemplate<class _Tp, class ... _Args> std::shared_ptr<_Tp> std::make_shared(_Args&& ...)[m[Kâ€™
[19.753s]   714 |     [01;36m[Kmake_shared[m[K(_Args&&... __args)
[19.762s]       |     [01;36m[K^~~~~~~~~~~[m[K
[19.763s] [01m[K/usr/include/c++/9/bits/shared_ptr.h:714:5:[m[K [01;36m[Knote: [m[K  template argument deduction/substitution failed:
[19.763s] [01m[K/home/ubuntu/ros2_ws/src/camera1-3/src/smain.cpp:8:67:[m[K [01;31m[Kerror: [m[Ktemplate argument 1 is invalid
[19.765s]     8 |     auto node = std::make_shared<CameraSubscriber>(use_wsl_display[01;31m[K)[m[K;
[19.765s]       |                                                                   [01;31m[K^[m[K
[20.587s] In file included from [01m[K/home/ubuntu/ros2_ws/src/camera1-3/src/pmain.cpp:1[m[K:
[20.588s] [01m[K/home/ubuntu/ros2_ws/src/camera1-3/include/camera1-3/pub.hpp:11:21:[m[K [01;31m[Kerror: [m[KISO C++ forbids declaration of â€˜[01m[KCameraPublisher[m[Kâ€™ with no type [[01;31m[K-fpermissive[m[K]
[20.588s]    11 |     CameraPublisher([01;31m[K)[m[K;
[20.590s]       |                     [01;31m[K^[m[K
[20.718s] In file included from [01m[K/home/ubuntu/ros2_ws/src/camera1-3/src/pub.cpp:1[m[K:
[20.719s] [01m[K/home/ubuntu/ros2_ws/src/camera1-3/include/camera1-3/pub.hpp:11:21:[m[K [01;31m[Kerror: [m[KISO C++ forbids declaration of â€˜[01m[KCameraPublisher[m[Kâ€™ with no type [[01;31m[K-fpermissive[m[K]
[20.720s]    11 |     CameraPublisher([01;31m[K)[m[K;
[20.721s]       |                     [01;31m[K^[m[K
[20.776s] [01m[K/home/ubuntu/ros2_ws/src/camera1-3/src/pub.cpp:4:1:[m[K [01;31m[Kerror: [m[Kâ€˜[01m[KCameraPublisher[m[Kâ€™ does not name a type
[20.778s]     4 | [01;31m[KCameraPublisher[m[K::CameraPublisher() : Node("campub"), cap_(src_, cv::CAP_GSTREAMER) {
[20.779s]       | [01;31m[K^~~~~~~~~~~~~~~[m[K
[20.781s] [01m[K/home/ubuntu/ros2_ws/src/camera1-3/src/pub.cpp:21:6:[m[K [01;31m[Kerror: [m[Kâ€˜[01m[KCameraPublisher[m[Kâ€™ has not been declared
[20.782s]    21 | void [01;31m[KCameraPublisher[m[K::publish_image() {
[20.784s]       |      [01;31m[K^~~~~~~~~~~~~~~[m[K
[20.794s] [01m[K/home/ubuntu/ros2_ws/src/camera1-3/src/pub.cpp:[m[K In function â€˜[01m[Kvoid publish_image()[m[Kâ€™:
[20.795s] [01m[K/home/ubuntu/ros2_ws/src/camera1-3/src/pub.cpp:22:5:[m[K [01;31m[Kerror: [m[Kâ€˜[01m[Kcap_[m[Kâ€™ was not declared in this scope
[20.796s]    22 |     [01;31m[Kcap_[m[K >> frame_;
[20.796s]       |     [01;31m[K^~~~[m[K
[20.809s] [01m[K/home/ubuntu/ros2_ws/src/camera1-3/src/pub.cpp:22:13:[m[K [01;31m[Kerror: [m[Kâ€˜[01m[Kframe_[m[Kâ€™ was not declared in this scope
[20.810s]    22 |     cap_ >> [01;31m[Kframe_[m[K;
[20.811s]       |             [01;31m[K^~~~~~[m[K
[20.815s] In file included from [01m[K/opt/ros/foxy/include/rclcpp/service.hpp:34[m[K,
[20.817s]                  from [01m[K/opt/ros/foxy/include/rclcpp/callback_group.hpp:25[m[K,
[20.818s]                  from [01m[K/opt/ros/foxy/include/rclcpp/any_executable.hpp:20[m[K,
[20.820s]                  from [01m[K/opt/ros/foxy/include/rclcpp/memory_strategy.hpp:24[m[K,
[20.821s]                  from [01m[K/opt/ros/foxy/include/rclcpp/memory_strategies.hpp:18[m[K,
[20.822s]                  from [01m[K/opt/ros/foxy/include/rclcpp/executor_options.hpp:20[m[K,
[20.823s]                  from [01m[K/opt/ros/foxy/include/rclcpp/executor.hpp:33[m[K,
[20.824s]                  from [01m[K/opt/ros/foxy/include/rclcpp/executors/multi_threaded_executor.hpp:26[m[K,
[20.826s]                  from [01m[K/opt/ros/foxy/include/rclcpp/executors.hpp:21[m[K,
[20.827s]                  from [01m[K/opt/ros/foxy/include/rclcpp/rclcpp.hpp:146[m[K,
[20.828s]                  from [01m[K/home/ubuntu/ros2_ws/src/camera1-3/include/camera1-3/pub.hpp:4[m[K,
[20.834s]                  from [01m[K/home/ubuntu/ros2_ws/src/camera1-3/src/pub.cpp:1[m[K:
[20.835s] [01m[K/home/ubuntu/ros2_ws/src/camera1-3/src/pub.cpp:24:22:[m[K [01;31m[Kerror: [m[Kâ€˜[01m[Kget_logger[m[Kâ€™ was not declared in this scope; did you mean â€˜[01m[Krclcpp::get_logger[m[Kâ€™?
[20.835s]    24 |         RCLCPP_ERROR([01;31m[Kget_logger[m[K(), "Frame empty!");
[20.836s]       |                      [01;31m[K^~~~~~~~~~[m[K
[20.837s] In file included from [01m[K/opt/ros/foxy/include/rclcpp/logging.hpp:23[m[K,
[20.838s]                  from [01m[K/opt/ros/foxy/include/rclcpp/service.hpp:34[m[K,
[20.838s]                  from [01m[K/opt/ros/foxy/include/rclcpp/callback_group.hpp:25[m[K,
[20.839s]                  from [01m[K/opt/ros/foxy/include/rclcpp/any_executable.hpp:20[m[K,
[20.840s]                  from [01m[K/opt/ros/foxy/include/rclcpp/memory_strategy.hpp:24[m[K,
[20.841s]                  from [01m[K/opt/ros/foxy/include/rclcpp/memory_strategies.hpp:18[m[K,
[20.842s]                  from [01m[K/opt/ros/foxy/include/rclcpp/executor_options.hpp:20[m[K,
[20.843s]                  from [01m[K/opt/ros/foxy/include/rclcpp/executor.hpp:33[m[K,
[20.844s]                  from [01m[K/opt/ros/foxy/include/rclcpp/executors/multi_threaded_executor.hpp:26[m[K,
[20.845s]                  from [01m[K/opt/ros/foxy/include/rclcpp/executors.hpp:21[m[K,
[20.866s]                  from [01m[K/opt/ros/foxy/include/rclcpp/rclcpp.hpp:146[m[K,
[20.867s]                  from [01m[K/home/ubuntu/ros2_ws/src/camera1-3/include/camera1-3/pub.hpp:4[m[K,
[20.868s]                  from [01m[K/home/ubuntu/ros2_ws/src/camera1-3/src/pub.cpp:1[m[K:
[20.868s] [01m[K/opt/ros/foxy/include/rclcpp/logger.hpp:80:17:[m[K [01;36m[Knote: [m[Kâ€˜[01m[Krclcpp::get_logger[m[Kâ€™ declared here
[20.869s]    80 |   friend Logger [01;36m[Krclcpp[m[K::get_logger(const std::string & name);
[20.870s]       |                 [01;36m[K^~~~~~[m[K
[20.871s] In file included from [01m[K/opt/ros/foxy/include/rclcpp/service.hpp:34[m[K,
[20.872s]                  from [01m[K/opt/ros/foxy/include/rclcpp/callback_group.hpp:25[m[K,
[20.873s]                  from [01m[K/opt/ros/foxy/include/rclcpp/any_executable.hpp:20[m[K,
[20.873s]                  from [01m[K/opt/ros/foxy/include/rclcpp/memory_strategy.hpp:24[m[K,
[20.874s]                  from [01m[K/opt/ros/foxy/include/rclcpp/memory_strategies.hpp:18[m[K,
[20.875s]                  from [01m[K/opt/ros/foxy/include/rclcpp/executor_options.hpp:20[m[K,
[20.876s]                  from [01m[K/opt/ros/foxy/include/rclcpp/executor.hpp:33[m[K,
[20.887s]                  from [01m[K/opt/ros/foxy/include/rclcpp/executors/multi_threaded_executor.hpp:26[m[K,
[20.888s]                  from [01m[K/opt/ros/foxy/include/rclcpp/executors.hpp:21[m[K,
[20.889s]                  from [01m[K/opt/ros/foxy/include/rclcpp/rclcpp.hpp:146[m[K,
[20.890s]                  from [01m[K/home/ubuntu/ros2_ws/src/camera1-3/include/camera1-3/pub.hpp:4[m[K,
[20.892s]                  from [01m[K/home/ubuntu/ros2_ws/src/camera1-3/src/pub.cpp:1[m[K:
[20.893s] [01m[K/home/ubuntu/ros2_ws/src/camera1-3/src/pub.cpp:24:9:[m[K [01;31m[Kerror: [m[Ktemplate argument 1 is invalid
[20.894s]    24 |         [01;31m[KRCLCPP_ERROR[m[K(get_logger(), "Frame empty!");
[20.894s]       |         [01;31m[K^~~~~~~~~~~~[m[K
[20.895s] [01m[K/home/ubuntu/ros2_ws/src/camera1-3/src/pub.cpp:24:9:[m[K [01;31m[Kerror: [m[Ktemplate argument 1 is invalid
[20.896s]    24 |         [01;31m[KRCLCPP_ERROR[m[K(get_logger(), "Frame empty!");
[20.897s]       |         [01;31m[K^~~~~~~~~~~~[m[K
[20.913s] [01m[K/home/ubuntu/ros2_ws/src/camera1-3/src/pub.cpp:24:9:[m[K [01;31m[Kerror: [m[Ktemplate argument 1 is invalid
[20.914s]    24 |         [01;31m[KRCLCPP_ERROR[m[K(get_logger(), "Frame empty!");
[20.915s]       |         [01;31m[K^~~~~~~~~~~~[m[K
[20.916s] [01m[K/home/ubuntu/ros2_ws/src/camera1-3/src/pub.cpp:28:35:[m[K [01;31m[Kerror: [m[Kâ€˜[01m[Kheader_[m[Kâ€™ was not declared in this scope
[20.917s]    28 |     auto msg = cv_bridge::CvImage([01;31m[Kheader_[m[K, "bgr8", frame_).toCompressedImageMsg();
[20.917s]       |                                   [01;31m[K^~~~~~~[m[K
[20.918s] [01m[K/home/ubuntu/ros2_ws/src/camera1-3/src/pub.cpp:29:5:[m[K [01;31m[Kerror: [m[Kâ€˜[01m[Kpublisher_[m[Kâ€™ was not declared in this scope; did you mean â€˜[01m[Krcl_publisher_t[m[Kâ€™?
[20.920s]    29 |     [01;31m[Kpublisher_[m[K->publish(*msg);
[20.921s]       |     [01;31m[K^~~~~~~~~~[m[K
[20.921s]       |     [32m[Krcl_publisher_t[m[K
[20.922s] In file included from [01m[K/opt/ros/foxy/include/rclcpp/service.hpp:34[m[K,
[20.923s]                  from [01m[K/opt/ros/foxy/include/rclcpp/callback_group.hpp:25[m[K,
[20.924s]                  from [01m[K/opt/ros/foxy/include/rclcpp/any_executable.hpp:20[m[K,
[20.924s]                  from [01m[K/opt/ros/foxy/include/rclcpp/memory_strategy.hpp:24[m[K,
[20.925s]                  from [01m[K/opt/ros/foxy/include/rclcpp/memory_strategies.hpp:18[m[K,
[20.926s]                  from [01m[K/opt/ros/foxy/include/rclcpp/executor_options.hpp:20[m[K,
[20.927s]                  from [01m[K/opt/ros/foxy/include/rclcpp/executor.hpp:33[m[K,
[20.937s]                  from [01m[K/opt/ros/foxy/include/rclcpp/executors/multi_threaded_executor.hpp:26[m[K,
[20.938s]                  from [01m[K/opt/ros/foxy/include/rclcpp/executors.hpp:21[m[K,
[20.939s]                  from [01m[K/opt/ros/foxy/include/rclcpp/rclcpp.hpp:146[m[K,
[20.940s]                  from [01m[K/home/ubuntu/ros2_ws/src/camera1-3/include/camera1-3/pub.hpp:4[m[K,
[20.940s]                  from [01m[K/home/ubuntu/ros2_ws/src/camera1-3/src/pub.cpp:1[m[K:
[20.941s] [01m[K/home/ubuntu/ros2_ws/src/camera1-3/src/pub.cpp:30:17:[m[K [01;31m[Kerror: [m[Kâ€˜[01m[Kget_logger[m[Kâ€™ was not declared in this scope; did you mean â€˜[01m[Krclcpp::get_logger[m[Kâ€™?
[20.942s]    30 |     RCLCPP_INFO([01;31m[Kget_logger[m[K(), "Published image: %dx%d", frame_.cols, frame_.rows);
[20.943s]       |                 [01;31m[K^~~~~~~~~~[m[K
[20.944s] In file included from [01m[K/opt/ros/foxy/include/rclcpp/logging.hpp:23[m[K,
[20.944s]                  from [01m[K/opt/ros/foxy/include/rclcpp/service.hpp:34[m[K,
[20.945s]                  from [01m[K/opt/ros/foxy/include/rclcpp/callback_group.hpp:25[m[K,
[20.946s]                  from [01m[K/opt/ros/foxy/include/rclcpp/any_executable.hpp:20[m[K,
[20.947s]                  from [01m[K/opt/ros/foxy/include/rclcpp/memory_strategy.hpp:24[m[K,
[20.947s]                  from [01m[K/opt/ros/foxy/include/rclcpp/memory_strategies.hpp:18[m[K,
[20.948s]                  from [01m[K/opt/ros/foxy/include/rclcpp/executor_options.hpp:20[m[K,
[20.961s]                  from [01m[K/opt/ros/foxy/include/rclcpp/executor.hpp:33[m[K,
[20.962s]                  from [01m[K/opt/ros/foxy/include/rclcpp/executors/multi_threaded_executor.hpp:26[m[K,
[20.963s]                  from [01m[K/opt/ros/foxy/include/rclcpp/executors.hpp:21[m[K,
[20.964s]                  from [01m[K/opt/ros/foxy/include/rclcpp/rclcpp.hpp:146[m[K,
[20.965s]                  from [01m[K/home/ubuntu/ros2_ws/src/camera1-3/include/camera1-3/pub.hpp:4[m[K,
[20.965s]                  from [01m[K/home/ubuntu/ros2_ws/src/camera1-3/src/pub.cpp:1[m[K:
[20.966s] [01m[K/opt/ros/foxy/include/rclcpp/logger.hpp:80:17:[m[K [01;36m[Knote: [m[Kâ€˜[01m[Krclcpp::get_logger[m[Kâ€™ declared here
[20.967s]    80 |   friend Logger [01;36m[Krclcpp[m[K::get_logger(const std::string & name);
[20.968s]       |                 [01;36m[K^~~~~~[m[K
[20.969s] In file included from [01m[K/opt/ros/foxy/include/rclcpp/service.hpp:34[m[K,
[20.969s]                  from [01m[K/opt/ros/foxy/include/rclcpp/callback_group.hpp:25[m[K,
[20.970s]                  from [01m[K/opt/ros/foxy/include/rclcpp/any_executable.hpp:20[m[K,
[20.971s]                  from [01m[K/opt/ros/foxy/include/rclcpp/memory_strategy.hpp:24[m[K,
[20.972s]                  from [01m[K/opt/ros/foxy/include/rclcpp/memory_strategies.hpp:18[m[K,
[20.972s]                  from [01m[K/opt/ros/foxy/include/rclcpp/executor_options.hpp:20[m[K,
[20.985s]                  from [01m[K/opt/ros/foxy/include/rclcpp/executor.hpp:33[m[K,
[20.986s]                  from [01m[K/opt/ros/foxy/include/rclcpp/executors/multi_threaded_executor.hpp:26[m[K,
[20.987s]                  from [01m[K/opt/ros/foxy/include/rclcpp/executors.hpp:21[m[K,
[20.988s]                  from [01m[K/opt/ros/foxy/include/rclcpp/rclcpp.hpp:146[m[K,
[20.988s]                  from [01m[K/home/ubuntu/ros2_ws/src/camera1-3/include/camera1-3/pub.hpp:4[m[K,
[20.989s]                  from [01m[K/home/ubuntu/ros2_ws/src/camera1-3/src/pub.cpp:1[m[K:
[20.990s] [01m[K/home/ubuntu/ros2_ws/src/camera1-3/src/pub.cpp:30:5:[m[K [01;31m[Kerror: [m[Ktemplate argument 1 is invalid
[20.991s]    30 |     [01;31m[KRCLCPP_INFO[m[K(get_logger(), "Published image: %dx%d", frame_.cols, frame_.rows);
[20.991s]       |     [01;31m[K^~~~~~~~~~~[m[K
[20.992s] [01m[K/home/ubuntu/ros2_ws/src/camera1-3/src/pub.cpp:30:5:[m[K [01;31m[Kerror: [m[Ktemplate argument 1 is invalid
[20.992s]    30 |     [01;31m[KRCLCPP_INFO[m[K(get_logger(), "Published image: %dx%d", frame_.cols, frame_.rows);
[20.993s]       |     [01;31m[K^~~~~~~~~~~[m[K
[20.993s] [01m[K/home/ubuntu/ros2_ws/src/camera1-3/src/pub.cpp:30:5:[m[K [01;31m[Kerror: [m[Ktemplate argument 1 is invalid
[20.994s]    30 |     [01;31m[KRCLCPP_INFO[m[K(get_logger(), "Published image: %dx%d", frame_.cols, frame_.rows);
[20.995s]       |     [01;31m[K^~~~~~~~~~~[m[K
[20.995s] In file included from [01m[K/home/ubuntu/ros2_ws/src/camera1-3/src/sub.cpp:1[m[K:
[20.996s] [01m[K/home/ubuntu/ros2_ws/src/camera1-3/include/camera1-3/sub.hpp:10:50:[m[K [01;31m[Kerror: [m[KISO C++ forbids declaration of â€˜[01m[KCameraSubscriber[m[Kâ€™ with no type [[01;31m[K-fpermissive[m[K]
[20.997s]    10 |     CameraSubscriber(bool use_wsl_display = false[01;31m[K)[m[K;
[21.010s]       |                                                  [01;31m[K^[m[K
[21.013s] [01m[K/home/ubuntu/ros2_ws/src/camera1-3/src/sub.cpp:4:1:[m[K [01;31m[Kerror: [m[Kâ€˜[01m[KCameraSubscriber[m[Kâ€™ does not name a type
[21.014s]     4 | [01;31m[KCameraSubscriber[m[K::CameraSubscriber(bool use_wsl_display)
[21.015s]       | [01;31m[K^~~~~~~~~~~~~~~~[m[K
[21.015s] [01m[K/home/ubuntu/ros2_ws/src/camera1-3/src/sub.cpp:23:6:[m[K [01;31m[Kerror: [m[Kâ€˜[01m[KCameraSubscriber[m[Kâ€™ has not been declared
[21.016s]    23 | void [01;31m[KCameraSubscriber[m[K::image_callback(const sensor_msgs::msg::CompressedImage::SharedPtr msg) {
[21.017s]       |      [01;31m[K^~~~~~~~~~~~~~~~[m[K
[21.033s] In file included from [01m[K/opt/ros/foxy/include/rclcpp/service.hpp:34[m[K,
[21.034s]                  from [01m[K/opt/ros/foxy/include/rclcpp/callback_group.hpp:25[m[K,
[21.034s]                  from [01m[K/opt/ros/foxy/include/rclcpp/any_executable.hpp:20[m[K,
[21.035s]                  from [01m[K/opt/ros/foxy/include/rclcpp/memory_strategy.hpp:24[m[K,
[21.036s]                  from [01m[K/opt/ros/foxy/include/rclcpp/memory_strategies.hpp:18[m[K,
[21.037s]                  from [01m[K/opt/ros/foxy/include/rclcpp/executor_options.hpp:20[m[K,
[21.038s]                  from [01m[K/opt/ros/foxy/include/rclcpp/executor.hpp:33[m[K,
[21.039s]                  from [01m[K/opt/ros/foxy/include/rclcpp/executors/multi_threaded_executor.hpp:26[m[K,
[21.040s]                  from [01m[K/opt/ros/foxy/include/rclcpp/executors.hpp:21[m[K,
[21.041s]                  from [01m[K/opt/ros/foxy/include/rclcpp/rclcpp.hpp:146[m[K,
[21.042s]                  from [01m[K/home/ubuntu/ros2_ws/src/camera1-3/include/camera1-3/sub.hpp:4[m[K,
[21.042s]                  from [01m[K/home/ubuntu/ros2_ws/src/camera1-3/src/sub.cpp:1[m[K:
[21.043s] [01m[K/home/ubuntu/ros2_ws/src/camera1-3/src/sub.cpp:[m[K In function â€˜[01m[Kvoid image_callback(sensor_msgs::msg::CompressedImage_<std::allocator<void> >::SharedPtr)[m[Kâ€™:
[21.044s] [01m[K/home/ubuntu/ros2_ws/src/camera1-3/src/sub.cpp:26:22:[m[K [01;31m[Kerror: [m[Kâ€˜[01m[Kget_logger[m[Kâ€™ was not declared in this scope; did you mean â€˜[01m[Krclcpp::get_logger[m[Kâ€™?
[21.044s]    26 |         RCLCPP_ERROR([01;31m[Kget_logger[m[K(), "Failed to decode image!");
[21.045s]       |                      [01;31m[K^~~~~~~~~~[m[K
[21.046s] In file included from [01m[K/opt/ros/foxy/include/rclcpp/logging.hpp:23[m[K,
[21.046s]                  from [01m[K/opt/ros/foxy/include/rclcpp/service.hpp:34[m[K,
[21.047s]                  from [01m[K/opt/ros/foxy/include/rclcpp/callback_group.hpp:25[m[K,
[21.047s]                  from [01m[K/opt/ros/foxy/include/rclcpp/any_executable.hpp:20[m[K,
[21.048s]                  from [01m[K/opt/ros/foxy/include/rclcpp/memory_strategy.hpp:24[m[K,
[21.049s]                  from [01m[K/opt/ros/foxy/include/rclcpp/memory_strategies.hpp:18[m[K,
[21.062s]                  from [01m[K/opt/ros/foxy/include/rclcpp/executor_options.hpp:20[m[K,
[21.063s]                  from [01m[K/opt/ros/foxy/include/rclcpp/executor.hpp:33[m[K,
[21.064s]                  from [01m[K/opt/ros/foxy/include/rclcpp/executors/multi_threaded_executor.hpp:26[m[K,
[21.064s]                  from [01m[K/opt/ros/foxy/include/rclcpp/executors.hpp:21[m[K,
[21.066s]                  from [01m[K/opt/ros/foxy/include/rclcpp/rclcpp.hpp:146[m[K,
[21.067s]                  from [01m[K/home/ubuntu/ros2_ws/src/camera1-3/include/camera1-3/sub.hpp:4[m[K,
[21.068s]                  from [01m[K/home/ubuntu/ros2_ws/src/camera1-3/src/sub.cpp:1[m[K:
[21.069s] [01m[K/opt/ros/foxy/include/rclcpp/logger.hpp:80:17:[m[K [01;36m[Knote: [m[Kâ€˜[01m[Krclcpp::get_logger[m[Kâ€™ declared here
[21.070s]    80 |   friend Logger [01;36m[Krclcpp[m[K::get_logger(const std::string & name);
[21.082s]       |                 [01;36m[K^~~~~~[m[K
[21.083s] In file included from [01m[K/opt/ros/foxy/include/rclcpp/service.hpp:34[m[K,
[21.083s]                  from [01m[K/opt/ros/foxy/include/rclcpp/callback_group.hpp:25[m[K,
[21.084s]                  from [01m[K/opt/ros/foxy/include/rclcpp/any_executable.hpp:20[m[K,
[21.085s]                  from [01m[K/opt/ros/foxy/include/rclcpp/memory_strategy.hpp:24[m[K,
[21.086s]                  from [01m[K/opt/ros/foxy/include/rclcpp/memory_strategies.hpp:18[m[K,
[21.087s]                  from [01m[K/opt/ros/foxy/include/rclcpp/executor_options.hpp:20[m[K,
[21.087s]                  from [01m[K/opt/ros/foxy/include/rclcpp/executor.hpp:33[m[K,
[21.088s]                  from [01m[K/opt/ros/foxy/include/rclcpp/executors/multi_threaded_executor.hpp:26[m[K,
[21.089s]                  from [01m[K/opt/ros/foxy/include/rclcpp/executors.hpp:21[m[K,
[21.089s]                  from [01m[K/opt/ros/foxy/include/rclcpp/rclcpp.hpp:146[m[K,
[21.090s]                  from [01m[K/home/ubuntu/ros2_ws/src/camera1-3/include/camera1-3/sub.hpp:4[m[K,
[21.091s]                  from [01m[K/home/ubuntu/ros2_ws/src/camera1-3/src/sub.cpp:1[m[K:
[21.092s] [01m[K/home/ubuntu/ros2_ws/src/camera1-3/src/sub.cpp:26:9:[m[K [01;31m[Kerror: [m[Ktemplate argument 1 is invalid
[21.092s]    26 |         [01;31m[KRCLCPP_ERROR[m[K(get_logger(), "Failed to decode image!");
[21.105s]       |         [01;31m[K^~~~~~~~~~~~[m[K
[21.106s] [01m[K/home/ubuntu/ros2_ws/src/camera1-3/src/sub.cpp:26:9:[m[K [01;31m[Kerror: [m[Ktemplate argument 1 is invalid
[21.107s]    26 |         [01;31m[KRCLCPP_ERROR[m[K(get_logger(), "Failed to decode image!");
[21.108s]       |         [01;31m[K^~~~~~~~~~~~[m[K
[21.109s] [01m[K/home/ubuntu/ros2_ws/src/camera1-3/src/sub.cpp:26:9:[m[K [01;31m[Kerror: [m[Ktemplate argument 1 is invalid
[21.109s]    26 |         [01;31m[KRCLCPP_ERROR[m[K(get_logger(), "Failed to decode image!");
[21.110s]       |         [01;31m[K^~~~~~~~~~~~[m[K
[21.111s] [01m[K/home/ubuntu/ros2_ws/src/camera1-3/src/sub.cpp:30:9:[m[K [01;31m[Kerror: [m[Kâ€˜[01m[Kuse_wsl_display_[m[Kâ€™ was not declared in this scope
[21.112s]    30 |     if ([01;31m[Kuse_wsl_display_[m[K) {
[21.112s]       |         [01;31m[K^~~~~~~~~~~~~~~~[m[K
[21.113s] [01m[K/home/ubuntu/ros2_ws/src/camera1-3/src/sub.cpp:37:9:[m[K [01;31m[Kerror: [m[Kâ€˜[01m[Kwriter_[m[Kâ€™ was not declared in this scope
[21.114s]    37 |         [01;31m[Kwriter_[m[K << thresh;
[21.115s]       |         [01;31m[K^~~~~~~[m[K
[21.115s] In file included from [01m[K/opt/ros/foxy/include/rclcpp/service.hpp:34[m[K,
[21.116s]                  from [01m[K/opt/ros/foxy/include/rclcpp/callback_group.hpp:25[m[K,
[21.117s]                  from [01m[K/opt/ros/foxy/include/rclcpp/any_executable.hpp:20[m[K,
[21.131s]                  from [01m[K/opt/ros/foxy/include/rclcpp/memory_strategy.hpp:24[m[K,
[21.131s]                  from [01m[K/opt/ros/foxy/include/rclcpp/memory_strategies.hpp:18[m[K,
[21.132s]                  from [01m[K/opt/ros/foxy/include/rclcpp/executor_options.hpp:20[m[K,
[21.133s]                  from [01m[K/opt/ros/foxy/include/rclcpp/executor.hpp:33[m[K,
[21.134s]                  from [01m[K/opt/ros/foxy/include/rclcpp/executors/multi_threaded_executor.hpp:26[m[K,
[21.135s]                  from [01m[K/opt/ros/foxy/include/rclcpp/executors.hpp:21[m[K,
[21.135s]                  from [01m[K/opt/ros/foxy/include/rclcpp/rclcpp.hpp:146[m[K,
[21.136s]                  from [01m[K/home/ubuntu/ros2_ws/src/camera1-3/include/camera1-3/sub.hpp:4[m[K,
[21.137s]                  from [01m[K/home/ubuntu/ros2_ws/src/camera1-3/src/sub.cpp:1[m[K:
[21.138s] [01m[K/home/ubuntu/ros2_ws/src/camera1-3/src/sub.cpp:40:17:[m[K [01;31m[Kerror: [m[Kâ€˜[01m[Kget_logger[m[Kâ€™ was not declared in this scope; did you mean â€˜[01m[Krclcpp::get_logger[m[Kâ€™?
[21.150s]    40 |     RCLCPP_INFO([01;31m[Kget_logger[m[K(), "Received Image: %s, %d, %d",
[21.150s]       |                 [01;31m[K^~~~~~~~~~[m[K
[21.151s] In file included from [01m[K/opt/ros/foxy/include/rclcpp/logging.hpp:23[m[K,
[21.152s]                  from [01m[K/opt/ros/foxy/include/rclcpp/service.hpp:34[m[K,
[21.153s]                  from [01m[K/opt/ros/foxy/include/rclcpp/callback_group.hpp:25[m[K,
[21.154s]                  from [01m[K/opt/ros/foxy/include/rclcpp/any_executable.hpp:20[m[K,
[21.154s]                  from [01m[K/opt/ros/foxy/include/rclcpp/memory_strategy.hpp:24[m[K,
[21.155s]                  from [01m[K/opt/ros/foxy/include/rclcpp/memory_strategies.hpp:18[m[K,
[21.156s]                  from [01m[K/opt/ros/foxy/include/rclcpp/executor_options.hpp:20[m[K,
[21.157s]                  from [01m[K/opt/ros/foxy/include/rclcpp/executor.hpp:33[m[K,
[21.157s]                  from [01m[K/opt/ros/foxy/include/rclcpp/executors/multi_threaded_executor.hpp:26[m[K,
[21.158s]                  from [01m[K/opt/ros/foxy/include/rclcpp/executors.hpp:21[m[K,
[21.159s]                  from [01m[K/opt/ros/foxy/include/rclcpp/rclcpp.hpp:146[m[K,
[21.160s]                  from [01m[K/home/ubuntu/ros2_ws/src/camera1-3/include/camera1-3/sub.hpp:4[m[K,
[21.160s]                  from [01m[K/home/ubuntu/ros2_ws/src/camera1-3/src/sub.cpp:1[m[K:
[21.173s] [01m[K/opt/ros/foxy/include/rclcpp/logger.hpp:80:17:[m[K [01;36m[Knote: [m[Kâ€˜[01m[Krclcpp::get_logger[m[Kâ€™ declared here
[21.174s]    80 |   friend Logger [01;36m[Krclcpp[m[K::get_logger(const std::string & name);
[21.175s]       |                 [01;36m[K^~~~~~[m[K
[21.176s] In file included from [01m[K/opt/ros/foxy/include/rclcpp/service.hpp:34[m[K,
[21.176s]                  from [01m[K/opt/ros/foxy/include/rclcpp/callback_group.hpp:25[m[K,
[21.177s]                  from [01m[K/opt/ros/foxy/include/rclcpp/any_executable.hpp:20[m[K,
[21.178s]                  from [01m[K/opt/ros/foxy/include/rclcpp/memory_strategy.hpp:24[m[K,
[21.179s]                  from [01m[K/opt/ros/foxy/include/rclcpp/memory_strategies.hpp:18[m[K,
[21.180s]                  from [01m[K/opt/ros/foxy/include/rclcpp/executor_options.hpp:20[m[K,
[21.180s]                  from [01m[K/opt/ros/foxy/include/rclcpp/executor.hpp:33[m[K,
[21.181s]                  from [01m[K/opt/ros/foxy/include/rclcpp/executors/multi_threaded_executor.hpp:26[m[K,
[21.182s]                  from [01m[K/opt/ros/foxy/include/rclcpp/executors.hpp:21[m[K,
[21.183s]                  from [01m[K/opt/ros/foxy/include/rclcpp/rclcpp.hpp:146[m[K,
[21.183s]                  from [01m[K/home/ubuntu/ros2_ws/src/camera1-3/include/camera1-3/sub.hpp:4[m[K,
[21.184s]                  from [01m[K/home/ubuntu/ros2_ws/src/camera1-3/src/sub.cpp:1[m[K:
[21.185s] [01m[K/home/ubuntu/ros2_ws/src/camera1-3/src/sub.cpp:40:5:[m[K [01;31m[Kerror: [m[Ktemplate argument 1 is invalid
[21.186s]    40 |     [01;31m[KRCLCPP_INFO[m[K(get_logger(), "Received Image: %s, %d, %d",
[21.186s]       |     [01;31m[K^~~~~~~~~~~[m[K
[21.187s] [01m[K/home/ubuntu/ros2_ws/src/camera1-3/src/sub.cpp:40:5:[m[K [01;31m[Kerror: [m[Ktemplate argument 1 is invalid
[21.188s]    40 |     [01;31m[KRCLCPP_INFO[m[K(get_logger(), "Received Image: %s, %d, %d",
[21.189s]       |     [01;31m[K^~~~~~~~~~~[m[K
[21.189s] [01m[K/home/ubuntu/ros2_ws/src/camera1-3/src/sub.cpp:40:5:[m[K [01;31m[Kerror: [m[Ktemplate argument 1 is invalid
[21.190s]    40 |     [01;31m[KRCLCPP_INFO[m[K(get_logger(), "Received Image: %s, %d, %d",
[21.191s]       |     [01;31m[K^~~~~~~~~~~[m[K
[24.158s] In file included from [01m[K/usr/include/aarch64-linux-gnu/c++/9/bits/c++allocator.h:33[m[K,
[24.159s]                  from [01m[K/usr/include/c++/9/bits/allocator.h:46[m[K,
[24.160s]                  from [01m[K/usr/include/c++/9/memory:63[m[K,
[24.161s]                  from [01m[K/opt/ros/foxy/include/rclcpp/rclcpp.hpp:144[m[K,
[24.163s]                  from [01m[K/home/ubuntu/ros2_ws/src/camera1-3/include/camera1-3/pub.hpp:4[m[K,
[24.164s]                  from [01m[K/home/ubuntu/ros2_ws/src/camera1-3/src/pmain.cpp:1[m[K:
[24.165s] /usr/include/c++/9/ext/new_allocator.h: In instantiation of â€˜[01m[Kvoid __gnu_cxx::new_allocator<_Tp>::construct(_Up*, _Args&& ...) [with _Up = Pub; _Args = {}; _Tp = Pub][m[Kâ€™:
[24.166s] [01m[K/usr/include/c++/9/bits/alloc_traits.h:483:4:[m[K   required from â€˜[01m[Kstatic void std::allocator_traits<std::allocator<_Tp1> >::construct(std::allocator_traits<std::allocator<_Tp1> >::allocator_type&, _Up*, _Args&& ...) [with _Up = Pub; _Args = {}; _Tp = Pub; std::allocator_traits<std::allocator<_Tp1> >::allocator_type = std::allocator<Pub>][m[Kâ€™
[24.167s] [01m[K/usr/include/c++/9/bits/shared_ptr_base.h:548:39:[m[K   required from â€˜[01m[Kstd::_Sp_counted_ptr_inplace<_Tp, _Alloc, _Lp>::_Sp_counted_ptr_inplace(_Alloc, _Args&& ...) [with _Args = {}; _Tp = Pub; _Alloc = std::allocator<Pub>; __gnu_cxx::_Lock_policy _Lp = __gnu_cxx::_S_atomic][m[Kâ€™
[24.168s] [01m[K/usr/include/c++/9/bits/shared_ptr_base.h:679:16:[m[K   required from â€˜[01m[Kstd::__shared_count<_Lp>::__shared_count(_Tp*&, std::_Sp_alloc_shared_tag<_Alloc>, _Args&& ...) [with _Tp = Pub; _Alloc = std::allocator<Pub>; _Args = {}; __gnu_cxx::_Lock_policy _Lp = __gnu_cxx::_S_atomic][m[Kâ€™
[24.171s] [01m[K/usr/include/c++/9/bits/shared_ptr_base.h:1344:71:[m[K   required from â€˜[01m[Kstd::__shared_ptr<_Tp, _Lp>::__shared_ptr(std::_Sp_alloc_shared_tag<_Tp>, _Args&& ...) [with _Alloc = std::allocator<Pub>; _Args = {}; _Tp = Pub; __gnu_cxx::_Lock_policy _Lp = __gnu_cxx::_S_atomic][m[Kâ€™
[24.179s] [01m[K/usr/include/c++/9/bits/shared_ptr.h:359:59:[m[K   required from â€˜[01m[Kstd::shared_ptr<_Tp>::shared_ptr(std::_Sp_alloc_shared_tag<_Tp>, _Args&& ...) [with _Alloc = std::allocator<Pub>; _Args = {}; _Tp = Pub][m[Kâ€™
[24.180s] [01m[K/usr/include/c++/9/bits/shared_ptr.h:701:14:[m[K   required from â€˜[01m[Kstd::shared_ptr<_Tp> std::allocate_shared(const _Alloc&, _Args&& ...) [with _Tp = Pub; _Alloc = std::allocator<Pub>; _Args = {}][m[Kâ€™
[24.181s] [01m[K/usr/include/c++/9/bits/shared_ptr.h:717:39:[m[K   required from â€˜[01m[Kstd::shared_ptr<_Tp> std::make_shared(_Args&& ...) [with _Tp = Pub; _Args = {}][m[Kâ€™
[24.181s] [01m[K/home/ubuntu/ros2_ws/src/camera1-3/src/pmain.cpp:7:39:[m[K   required from here
[24.182s] [01m[K/usr/include/c++/9/ext/new_allocator.h:146:4:[m[K [01;31m[Kerror: [m[Kuse of deleted function â€˜[01m[KPub::Pub()[m[Kâ€™
[24.183s]   146 |  { [01;31m[K::new((void *)__p) _Up(std::forward<_Args>(__args)...)[m[K; }
[24.184s]       |    [01;31m[K^~~~~~~~~~~~~~~~~~~~~~~~~~~~~~~~~~~~~~~~~~~~~~~~~~~~~~[m[K
[24.184s] In file included from [01m[K/home/ubuntu/ros2_ws/src/camera1-3/src/pmain.cpp:1[m[K:
[24.185s] [01m[K/home/ubuntu/ros2_ws/src/camera1-3/include/camera1-3/pub.hpp:9:7:[m[K [01;36m[Knote: [m[Kâ€˜[01m[KPub::Pub()[m[Kâ€™ is implicitly deleted because the default definition would be ill-formed:
[24.186s]     9 | class [01;36m[KPub[m[K : public rclcpp::Node {
[24.187s]       |       [01;36m[K^~~[m[K
[24.187s] [01m[K/home/ubuntu/ros2_ws/src/camera1-3/include/camera1-3/pub.hpp:9:7:[m[K [01;31m[Kerror: [m[Kno matching function for call to â€˜[01m[Krclcpp::Node::Node()[m[Kâ€™
[24.188s] In file included from [01m[K/opt/ros/foxy/include/rclcpp/executors/single_threaded_executor.hpp:28[m[K,
[24.199s]                  from [01m[K/opt/ros/foxy/include/rclcpp/executors.hpp:22[m[K,
[24.209s]                  from [01m[K/opt/ros/foxy/include/rclcpp/rclcpp.hpp:146[m[K,
[24.210s]                  from [01m[K/home/ubuntu/ros2_ws/src/camera1-3/include/camera1-3/pub.hpp:4[m[K,
[24.211s]                  from [01m[K/home/ubuntu/ros2_ws/src/camera1-3/src/pmain.cpp:1[m[K:
[24.212s] [01m[K/opt/ros/foxy/include/rclcpp/node.hpp:1193:3:[m[K [01;36m[Knote: [m[Kcandidate: â€˜[01m[Krclcpp::Node::Node(const rclcpp::Node&, const string&)[m[Kâ€™
[24.212s]  1193 |   [01;36m[KNode[m[K(
[24.213s]       |   [01;36m[K^~~~[m[K
[24.214s] [01m[K/opt/ros/foxy/include/rclcpp/node.hpp:1193:3:[m[K [01;36m[Knote: [m[K  candidate expects 2 arguments, 0 provided
[24.215s] [01m[K/opt/ros/foxy/include/rclcpp/node.hpp:98:12:[m[K [01;36m[Knote: [m[Kcandidate: â€˜[01m[Krclcpp::Node::Node(const string&, const string&, const rclcpp::NodeOptions&)[m[Kâ€™
[24.215s]    98 |   explicit [01;36m[KNode[m[K(
[24.216s]       |            [01;36m[K^~~~[m[K
[24.217s] [01m[K/opt/ros/foxy/include/rclcpp/node.hpp:98:12:[m[K [01;36m[Knote: [m[K  candidate expects 3 arguments, 0 provided
[24.228s] [01m[K/opt/ros/foxy/include/rclcpp/node.hpp:86:12:[m[K [01;36m[Knote: [m[Kcandidate: â€˜[01m[Krclcpp::Node::Node(const string&, const rclcpp::NodeOptions&)[m[Kâ€™
[24.230s]    86 |   explicit [01;36m[KNode[m[K(
[24.231s]       |            [01;36m[K^~~~[m[K
[24.232s] [01m[K/opt/ros/foxy/include/rclcpp/node.hpp:86:12:[m[K [01;36m[Knote: [m[K  candidate expects 2 arguments, 0 provided
[24.939s] make[2]: *** [CMakeFiles/sub.dir/build.make:76: CMakeFiles/sub.dir/src/smain.cpp.o] Error 1
[24.940s] make[2]: *** Waiting for unfinished jobs....
[25.209s] make[2]: *** [CMakeFiles/pub.dir/build.make:76: CMakeFiles/pub.dir/src/pmain.cpp.o] Error 1
[25.210s] make[2]: *** Waiting for unfinished jobs....
[25.814s] make[2]: *** [CMakeFiles/pub.dir/build.make:63: CMakeFiles/pub.dir/src/pub.cpp.o] Error 1
[25.815s] make[1]: *** [CMakeFiles/Makefile2:80: CMakeFiles/pub.dir/all] Error 2
[25.816s] make[1]: *** Waiting for unfinished jobs....
[25.889s] make[2]: *** [CMakeFiles/sub.dir/build.make:63: CMakeFiles/sub.dir/src/sub.cpp.o] Error 1
[25.890s] make[1]: *** [CMakeFiles/Makefile2:107: CMakeFiles/sub.dir/all] Error 2
[25.891s] make: *** [Makefile:141: all] Error 2
[25.898s] Invoked command in '/home/ubuntu/ros2_ws/build/camera1-3' returned '2': CMAKE_PREFIX_PATH=${CMAKE_PREFIX_PATH}:/opt/ros/foxy /usr/bin/cmake --build /home/ubuntu/ros2_ws/build/camera1-3 -- -j4 -l4
