[0.007s] Invoking command in '/home/linux/ros2_ws/src/build/pub2-2': CMAKE_PREFIX_PATH=${CMAKE_PREFIX_PATH}:/opt/ros/foxy /usr/bin/cmake --build /home/linux/ros2_ws/src/build/pub2-2 -- -j16 -l16
[0.035s] [35m[1mScanning dependencies of target pub2-2[0m
[0.048s] [ 50%] [32mBuilding CXX object CMakeFiles/pub2-2.dir/src/pub2-2.cpp.o[0m
[0.825s] [01m[K/home/linux/ros2_ws/src/pub2-2/src/pub2-2.cpp:9:19:[m[K [01;31m[Kerror: [m[Kâ€˜[01m[Kgeometry_msgs[m[Kâ€™ was not declared in this scope
[0.825s]     9 | rclcpp::Publisher<[01;31m[Kgeometry_msgs[m[K::msg::Vector3>::SharedPtr pub)
[0.825s]       |                   [01;31m[K^~~~~~~~~~~~~[m[K
[0.825s] [01m[K/home/linux/ros2_ws/src/pub2-2/src/pub2-2.cpp:9:46:[m[K [01;31m[Kerror: [m[Ktemplate argument 1 is invalid
[0.825s]     9 | rclcpp::Publisher<geometry_msgs::msg::Vector3[01;31m[K>[m[K::SharedPtr pub)
[0.825s]       |                                              [01;31m[K^[m[K
[0.826s] [01m[K/home/linux/ros2_ws/src/pub2-2/src/pub2-2.cpp:9:19:[m[K [01;31m[Kerror: [m[Kâ€˜[01m[Kgeometry_msgs[m[Kâ€™ was not declared in this scope
[0.826s]     9 | rclcpp::Publisher<[01;31m[Kgeometry_msgs[m[K::msg::Vector3>::SharedPtr pub)
[0.826s]       |                   [01;31m[K^~~~~~~~~~~~~[m[K
[0.826s] [01m[K/home/linux/ros2_ws/src/pub2-2/src/pub2-2.cpp:9:46:[m[K [01;31m[Kerror: [m[Ktemplate argument 1 is invalid
[0.826s]     9 | rclcpp::Publisher<geometry_msgs::msg::Vector3[01;31m[K>[m[K::SharedPtr pub)
[0.826s]       |                                              [01;31m[K^[m[K
[0.827s] [01m[K/home/linux/ros2_ws/src/pub2-2/src/pub2-2.cpp:9:19:[m[K [01;31m[Kerror: [m[Kâ€˜[01m[Kgeometry_msgs[m[Kâ€™ was not declared in this scope
[0.827s]     9 | rclcpp::Publisher<[01;31m[Kgeometry_msgs[m[K::msg::Vector3>::SharedPtr pub)
[0.827s]       |                   [01;31m[K^~~~~~~~~~~~~[m[K
[0.827s] [01m[K/home/linux/ros2_ws/src/pub2-2/src/pub2-2.cpp:9:46:[m[K [01;31m[Kerror: [m[Ktemplate argument 1 is invalid
[0.827s]     9 | rclcpp::Publisher<geometry_msgs::msg::Vector3[01;31m[K>[m[K::SharedPtr pub)
[0.827s]       |                                              [01;31m[K^[m[K
[0.827s] [01m[K/home/linux/ros2_ws/src/pub2-2/src/pub2-2.cpp:9:9:[m[K [01;31m[Kerror: [m[Kâ€˜[01m[Krclcpp::Publisher[m[Kâ€™ is not a type
[0.827s]     9 | rclcpp::[01;31m[KPublisher[m[K<geometry_msgs::msg::Vector3>::SharedPtr pub)
[0.828s]       |         [01;31m[K^~~~~~~~~[m[K
[0.828s] [01m[K/home/linux/ros2_ws/src/pub2-2/src/pub2-2.cpp:9:18:[m[K [01;31m[Kerror: [m[Kexpected â€˜[01m[K,[m[Kâ€™ or â€˜[01m[K...[m[Kâ€™ before â€˜[01m[K<[m[Kâ€™ token
[0.828s]     9 | rclcpp::Publisher[01;31m[K<[m[Kgeometry_msgs::msg::Vector3>::SharedPtr pub)
[0.828s]       |                  [01;31m[K^[m[K
[0.828s] [01m[K/home/linux/ros2_ws/src/pub2-2/src/pub2-2.cpp:[m[K In function â€˜[01m[Kvoid callback(rclcpp::Node::SharedPtr, int)[m[Kâ€™:
[0.828s] [01m[K/home/linux/ros2_ws/src/pub2-2/src/pub2-2.cpp:11:20:[m[K [01;31m[Kerror: [m[Kâ€˜[01m[Kgeometry_msgs[m[Kâ€™ has not been declared
[0.828s]    11 |     auto message = [01;31m[Kgeometry_msgs[m[K::msg::Vector3();
[0.828s]       |                    [01;31m[K^~~~~~~~~~~~~[m[K
[0.828s] [01m[K/home/linux/ros2_ws/src/pub2-2/src/pub2-2.cpp:12:5:[m[K [01;31m[Kerror: [m[Kâ€˜[01m[Kcout[m[Kâ€™ was not declared in this scope; did you mean â€˜[01m[Kstd::cout[m[Kâ€™?
[0.828s]    12 |     [01;31m[Kcout[m[K << "ì‹¤ìˆ˜ 3ê°œ ìž…ë ¥ : ";
[0.828s]       |     [01;31m[K^~~~[m[K
[0.828s]       |     [32m[Kstd::cout[m[K
[0.828s] In file included from [01m[K/opt/ros/foxy/include/rclcpp/executor.hpp:22[m[K,
[0.828s]                  from [01m[K/opt/ros/foxy/include/rclcpp/executors/multi_threaded_executor.hpp:26[m[K,
[0.828s]                  from [01m[K/opt/ros/foxy/include/rclcpp/executors.hpp:21[m[K,
[0.828s]                  from [01m[K/opt/ros/foxy/include/rclcpp/rclcpp.hpp:146[m[K,
[0.828s]                  from [01m[K/home/linux/ros2_ws/src/pub2-2/src/pub2-2.cpp:1[m[K:
[0.828s] [01m[K/usr/include/c++/9/iostream:61:18:[m[K [01;36m[Knote: [m[Kâ€˜[01m[Kstd::cout[m[Kâ€™ declared here
[0.828s]    61 |   extern ostream [01;36m[Kcout[m[K;  /// Linked to standard output
[0.828s]       |                  [01;36m[K^~~~[m[K
[0.828s] [01m[K/home/linux/ros2_ws/src/pub2-2/src/pub2-2.cpp:13:5:[m[K [01;31m[Kerror: [m[Kâ€˜[01m[Kcin[m[Kâ€™ was not declared in this scope; did you mean â€˜[01m[Kstd::cin[m[Kâ€™?
[0.828s]    13 |     [01;31m[Kcin[m[K >> message.x >> message.y >> message.z;
[0.828s]       |     [01;31m[K^~~[m[K
[0.828s]       |     [32m[Kstd::cin[m[K
[0.828s] In file included from [01m[K/opt/ros/foxy/include/rclcpp/executor.hpp:22[m[K,
[0.828s]                  from [01m[K/opt/ros/foxy/include/rclcpp/executors/multi_threaded_executor.hpp:26[m[K,
[0.828s]                  from [01m[K/opt/ros/foxy/include/rclcpp/executors.hpp:21[m[K,
[0.828s]                  from [01m[K/opt/ros/foxy/include/rclcpp/rclcpp.hpp:146[m[K,
[0.828s]                  from [01m[K/home/linux/ros2_ws/src/pub2-2/src/pub2-2.cpp:1[m[K:
[0.829s] [01m[K/usr/include/c++/9/iostream:60:18:[m[K [01;36m[Knote: [m[Kâ€˜[01m[Kstd::cin[m[Kâ€™ declared here
[0.829s]    60 |   extern istream [01;36m[Kcin[m[K;  /// Linked to standard input
[0.829s]       |                  [01;36m[K^~~[m[K
[0.829s] [01m[K/home/linux/ros2_ws/src/pub2-2/src/pub2-2.cpp:15:5:[m[K [01;31m[Kerror: [m[Kâ€˜[01m[Kpub[m[Kâ€™ was not declared in this scope
[0.829s]    15 |     [01;31m[Kpub[m[K->publish(message);
[0.829s]       |     [01;31m[K^~~[m[K
[0.830s] [01m[K/home/linux/ros2_ws/src/pub2-2/src/pub2-2.cpp:[m[K In function â€˜[01m[Kint main(int, char**)[m[Kâ€™:
[0.830s] [01m[K/home/linux/ros2_ws/src/pub2-2/src/pub2-2.cpp:22:39:[m[K [01;31m[Kerror: [m[Kâ€˜[01m[Kgeometry_msgs[m[Kâ€™ was not declared in this scope
[0.830s]    22 |     auto pub = node->create_publisher<[01;31m[Kgeometry_msgs[m[K::msg::Vector3>("mytopic", qos_profile);
[0.830s]       |                                       [01;31m[K^~~~~~~~~~~~~[m[K
[0.830s] [01m[K/home/linux/ros2_ws/src/pub2-2/src/pub2-2.cpp:22:22:[m[K [01;31m[Kerror: [m[Kparse error in template argument list
[0.830s]    22 |     auto pub = node->[01;31m[Kcreate_publisher<geometry_msgs::msg::Vector3>[m[K("mytopic", qos_profile);
[0.830s]       |                      [01;31m[K^~~~~~~~~~~~~~~~~~~~~~~~~~~~~~~~~~~~~~~~~~~~~[m[K
[0.830s] [01m[K/home/linux/ros2_ws/src/pub2-2/src/pub2-2.cpp:22:90:[m[K [01;31m[Kerror: [m[Kno matching function for call to â€˜[01m[Krclcpp::Node::create_publisher<<expression error> >(const char [8], rclcpp::QoS&)[m[Kâ€™
[0.830s]    22 |     auto pub = node->create_publisher<geometry_msgs::msg::Vector3>("mytopic", qos_profile[01;31m[K)[m[K;
[0.831s]       |                                                                                          [01;31m[K^[m[K
[0.831s] In file included from [01m[K/opt/ros/foxy/include/rclcpp/executors/single_threaded_executor.hpp:28[m[K,
[0.831s]                  from [01m[K/opt/ros/foxy/include/rclcpp/executors.hpp:22[m[K,
[0.831s]                  from [01m[K/opt/ros/foxy/include/rclcpp/rclcpp.hpp:146[m[K,
[0.831s]                  from [01m[K/home/linux/ros2_ws/src/pub2-2/src/pub2-2.cpp:1[m[K:
[0.831s] [01m[K/opt/ros/foxy/include/rclcpp/node.hpp:184:3:[m[K [01;36m[Knote: [m[Kcandidate: â€˜[01m[Ktemplate<class MessageT, class AllocatorT, class PublisherT> std::shared_ptr<PublisherT> rclcpp::Node::create_publisher(const string&, const rclcpp::QoS&, const rclcpp::PublisherOptionsWithAllocator<AllocatorT>&)[m[Kâ€™
[0.831s]   184 |   [01;36m[Kcreate_publisher[m[K(
[0.831s]       |   [01;36m[K^~~~~~~~~~~~~~~~[m[K
[0.831s] [01m[K/opt/ros/foxy/include/rclcpp/node.hpp:184:3:[m[K [01;36m[Knote: [m[K  template argument deduction/substitution failed:
[0.831s] [01m[K/home/linux/ros2_ws/src/pub2-2/src/pub2-2.cpp:22:90:[m[K [01;31m[Kerror: [m[Ktemplate argument 1 is invalid
[0.831s]    22 |     auto pub = node->create_publisher<geometry_msgs::msg::Vector3>("mytopic", qos_profile[01;31m[K)[m[K;
[0.831s]       |                                                                                          [01;31m[K^[m[K
[1.100s] make[2]: *** [CMakeFiles/pub2-2.dir/build.make:63: CMakeFiles/pub2-2.dir/src/pub2-2.cpp.o] Error 1
[1.100s] make[1]: *** [CMakeFiles/Makefile2:78: CMakeFiles/pub2-2.dir/all] Error 2
[1.100s] make: *** [Makefile:141: all] Error 2
[1.101s] Invoked command in '/home/linux/ros2_ws/src/build/pub2-2' returned '2': CMAKE_PREFIX_PATH=${CMAKE_PREFIX_PATH}:/opt/ros/foxy /usr/bin/cmake --build /home/linux/ros2_ws/src/build/pub2-2 -- -j16 -l16
