[0.000000] (-) TimerEvent: {}
[0.000506] (-) JobUnselected: {'identifier': 'pub1-1'}
[0.000560] (-) JobUnselected: {'identifier': 'pub1-2'}
[0.000571] (-) JobUnselected: {'identifier': 'pub1-3'}
[0.000579] (-) JobUnselected: {'identifier': 'pub2'}
[0.000586] (-) JobUnselected: {'identifier': 'pub2-1'}
[0.000593] (-) JobUnselected: {'identifier': 'pub2-3'}
[0.000602] (pub2-2) JobQueued: {'identifier': 'pub2-2', 'dependencies': OrderedDict()}
[0.000844] (pub2-2) JobStarted: {'identifier': 'pub2-2'}
[0.006115] (pub2-2) JobProgress: {'identifier': 'pub2-2', 'progress': 'cmake'}
[0.007196] (pub2-2) JobProgress: {'identifier': 'pub2-2', 'progress': 'build'}
[0.007235] (pub2-2) Command: {'cmd': ['/usr/bin/cmake', '--build', '/home/linux/ros2_ws/src/build/pub2-2', '--', '-j16', '-l16'], 'cwd': '/home/linux/ros2_ws/src/build/pub2-2', 'env': OrderedDict([('RCUTILS_LOGGING_BUFFERED_STREAM', '1'), ('LESSOPEN', '| /usr/bin/lesspipe %s'), ('USER', 'linux'), ('ROS_NAMESPACE', 'robot1'), ('GIT_ASKPASS', '/home/linux/.vscode-server/bin/7c6fdfb0b8f2f675eb0b47f3d95eeca78962565b/extensions/git/dist/askpass.sh'), ('SHLVL', '2'), ('LD_LIBRARY_PATH', '/opt/ros/foxy/opt/yaml_cpp_vendor/lib:/opt/ros/foxy/opt/rviz_ogre_vendor/lib:/opt/ros/foxy/lib/x86_64-linux-gnu:/opt/ros/foxy/lib'), ('WT_PROFILE_ID', '{4dd1e689-b517-5f39-947d-78e8a8bdf958}'), ('HOME', '/home/linux'), ('OLDPWD', '/home/linux/ros2_ws'), ('TERM_PROGRAM_VERSION', '1.99.1'), ('VSCODE_IPC_HOOK_CLI', '/run/user/1000/vscode-ipc-666d1944-22d0-4ffa-a65b-738a100352a8.sock'), ('ROS_PYTHON_VERSION', '3'), ('VSCODE_GIT_ASKPASS_MAIN', '/home/linux/.vscode-server/bin/7c6fdfb0b8f2f675eb0b47f3d95eeca78962565b/extensions/git/dist/askpass-main.js'), ('VSCODE_GIT_ASKPASS_NODE', '/home/linux/.vscode-server/bin/7c6fdfb0b8f2f675eb0b47f3d95eeca78962565b/node'), ('DBUS_SESSION_BUS_ADDRESS', 'unix:path=/run/user/1000/bus'), ('COLORTERM', 'truecolor'), ('WSL_DISTRO_NAME', 'Ubuntu-20.04'), ('_colcon_cd_root', '/home/linux/ros2_ws'), ('WAYLAND_DISPLAY', 'wayland-0'), ('COLCON_PREFIX_PATH', '/home/linux/ros2_ws/src/install:/home/linux/ros2_ws/install'), ('ROS_DISTRO', 'foxy'), ('LOGNAME', 'linux'), ('NAME', 'Code'), ('WSL_INTEROP', '/run/WSL/2021_interop'), ('PULSE_SERVER', 'unix:/mnt/wslg/PulseServer'), ('_', '/usr/bin/colcon'), ('ROS_VERSION', '2'), ('TERM', 'xterm-256color'), ('ROS_LOCALHOST_ONLY', '0'), ('PATH', '/home/linux/.vscode-server/bin/7c6fdfb0b8f2f675eb0b47f3d95eeca78962565b/bin/remote-cli:/home/linux/.local/bin:/opt/ros/foxy/bin:/usr/local/sbin:/usr/local/bin:/usr/sbin:/usr/bin:/sbin:/bin:/usr/games:/usr/local/games:/usr/lib/wsl/lib:/mnt/c/Program Files/NVIDIA GPU Computing Toolkit/CUDA/v12.8/bin:/mnt/c/Program Files/NVIDIA GPU Computing Toolkit/CUDA/v12.8/libnvvp:/mnt/c/Program Files (x86)/VMware/VMware Player/bin/:/mnt/c/Program Files (x86)/Common Files/Oracle/Java/java8path:/mnt/c/Program Files (x86)/Common Files/Oracle/Java/javapath:/mnt/c/WINDOWS/system32:/mnt/c/WINDOWS:/mnt/c/WINDOWS/System32/Wbem:/mnt/c/WINDOWS/System32/WindowsPowerShell/v1.0/:/mnt/c/WINDOWS/System32/OpenSSH/:/mnt/c/Program Files (x86)/NVIDIA Corporation/PhysX/Common:/mnt/c/PROGRA~1/MATLAB/R2020b/runtime/win64:/mnt/c/PROGRA~1/MATLAB/R2020b/bin:/mnt/c/Program Files/MATLAB/R2020b/runtime/win64:/mnt/c/Program Files/MATLAB/R2020b/bin:/mnt/c/Program Files/NVIDIA Corporation/NVIDIA app/NvDLISR:/mnt/c/Program Files/dotnet/:/mnt/c/Program Files (x86)/Windows Kits/10/Windows Performance Toolkit/:/mnt/c/Program Files/NVIDIA Corporation/Nsight Compute 2025.1.0/:/mnt/c/Users/Intel/anaconda3:/mnt/c/Users/Intel/anaconda3/Library/mingw-w64/bin:/mnt/c/Users/Intel/anaconda3/Library/usr/bin:/mnt/c/Users/Intel/anaconda3/Library/bin:/mnt/c/Users/Intel/anaconda3/Scripts:/mnt/c/Users/Intel/AppData/Local/Microsoft/WindowsApps:/mnt/c/Users/Intel/AppData/Local/Programs/Microsoft VS Code/bin:/mnt/c/Users/Intel/AppData/Local/GitHubDesktop/bin:/mnt/c/Program Files/JetBrains/PyCharm Community Edition 2024.3/bin:/mnt/c/Users/Intel/.dotnet/tools:/mnt/c/Users/Intel/AppData/Local/Programs/Ollama:/snap/bin'), ('WT_SESSION', '1124a84a-0bc3-4caf-96cb-04f68e69abfd'), ('XDG_RUNTIME_DIR', '/run/user/1000/'), ('DISPLAY', ':0'), ('LANG', 'C.UTF-8'), ('RMW_IMPLEMENTATION', 'rmw_fastrtps_cpp'), ('LS_COLORS', 'rs=0:di=01;34:ln=01;36:mh=00:pi=40;33:so=01;35:do=01;35:bd=40;33;01:cd=40;33;01:or=40;31;01:mi=00:su=37;41:sg=30;43:ca=30;41:tw=30;42:ow=34;42:st=37;44:ex=01;32:*.tar=01;31:*.tgz=01;31:*.arc=01;31:*.arj=01;31:*.taz=01;31:*.lha=01;31:*.lz4=01;31:*.lzh=01;31:*.lzma=01;31:*.tlz=01;31:*.txz=01;31:*.tzo=01;31:*.t7z=01;31:*.zip=01;31:*.z=01;31:*.dz=01;31:*.gz=01;31:*.lrz=01;31:*.lz=01;31:*.lzo=01;31:*.xz=01;31:*.zst=01;31:*.tzst=01;31:*.bz2=01;31:*.bz=01;31:*.tbz=01;31:*.tbz2=01;31:*.tz=01;31:*.deb=01;31:*.rpm=01;31:*.jar=01;31:*.war=01;31:*.ear=01;31:*.sar=01;31:*.rar=01;31:*.alz=01;31:*.ace=01;31:*.zoo=01;31:*.cpio=01;31:*.7z=01;31:*.rz=01;31:*.cab=01;31:*.wim=01;31:*.swm=01;31:*.dwm=01;31:*.esd=01;31:*.jpg=01;35:*.jpeg=01;35:*.mjpg=01;35:*.mjpeg=01;35:*.gif=01;35:*.bmp=01;35:*.pbm=01;35:*.pgm=01;35:*.ppm=01;35:*.tga=01;35:*.xbm=01;35:*.xpm=01;35:*.tif=01;35:*.tiff=01;35:*.png=01;35:*.svg=01;35:*.svgz=01;35:*.mng=01;35:*.pcx=01;35:*.mov=01;35:*.mpg=01;35:*.mpeg=01;35:*.m2v=01;35:*.mkv=01;35:*.webm=01;35:*.ogm=01;35:*.mp4=01;35:*.m4v=01;35:*.mp4v=01;35:*.vob=01;35:*.qt=01;35:*.nuv=01;35:*.wmv=01;35:*.asf=01;35:*.rm=01;35:*.rmvb=01;35:*.flc=01;35:*.avi=01;35:*.fli=01;35:*.flv=01;35:*.gl=01;35:*.dl=01;35:*.xcf=01;35:*.xwd=01;35:*.yuv=01;35:*.cgm=01;35:*.emf=01;35:*.ogv=01;35:*.ogx=01;35:*.aac=00;36:*.au=00;36:*.flac=00;36:*.m4a=00;36:*.mid=00;36:*.midi=00;36:*.mka=00;36:*.mp3=00;36:*.mpc=00;36:*.ogg=00;36:*.ra=00;36:*.wav=00;36:*.oga=00;36:*.opus=00;36:*.spx=00;36:*.xspf=00;36:'), ('VSCODE_GIT_IPC_HANDLE', '/run/user/1000/vscode-git-9b48618199.sock'), ('TERM_PROGRAM', 'vscode'), ('ROS_DOMAIN_ID', '10'), ('AMENT_PREFIX_PATH', '/home/linux/ros2_ws/src/install/pub2-1:/home/linux/ros2_ws/src/install/pub2:/home/linux/ros2_ws/install/pub2:/home/linux/ros2_ws/install/pub1-3:/home/linux/ros2_ws/install/pub1-2:/home/linux/ros2_ws/install/pub1-1:/opt/ros/foxy'), ('SHELL', '/bin/bash'), ('LESSCLOSE', '/usr/bin/lesspipe %s %s'), ('VSCODE_GIT_ASKPASS_EXTRA_ARGS', ''), ('RCUTILS_LOGGING_USE_STDOUT', '0'), ('PWD', '/home/linux/ros2_ws/src/build/pub2-2'), ('RCUTILS_COLORIZED_OUTPUT', '1'), ('XDG_DATA_DIRS', '/usr/local/share:/usr/share:/var/lib/snapd/desktop'), ('PYTHONPATH', '/opt/ros/foxy/lib/python3.8/site-packages'), ('COLCON', '1'), ('WSL2_GUI_APPS_ENABLED', '1'), ('HOSTTYPE', 'x86_64'), ('CMAKE_PREFIX_PATH', '/home/linux/ros2_ws/src/install/pub2-1:/home/linux/ros2_ws/src/install/pub2:/home/linux/ros2_ws/install/pub2:/home/linux/ros2_ws/install/pub1-3:/home/linux/ros2_ws/install/pub1-2:/home/linux/ros2_ws/install/pub1-1:/opt/ros/foxy'), ('WSLENV', 'ELECTRON_RUN_AS_NODE/w:WT_SESSION:WT_PROFILE_ID:')]), 'shell': False}
[0.035861] (pub2-2) StdoutLine: {'line': b'\x1b[35m\x1b[1mScanning dependencies of target pub2-2\x1b[0m\n'}
[0.048642] (pub2-2) StdoutLine: {'line': b'[ 50%] \x1b[32mBuilding CXX object CMakeFiles/pub2-2.dir/src/pub2-2.cpp.o\x1b[0m\n'}
[0.100032] (-) TimerEvent: {}
[0.200352] (-) TimerEvent: {}
[0.300665] (-) TimerEvent: {}
[0.401035] (-) TimerEvent: {}
[0.501364] (-) TimerEvent: {}
[0.601650] (-) TimerEvent: {}
[0.701998] (-) TimerEvent: {}
[0.802396] (-) TimerEvent: {}
[0.825500] (pub2-2) StderrLine: {'line': b'\x1b[01m\x1b[K/home/linux/ros2_ws/src/pub2-2/src/pub2-2.cpp:9:19:\x1b[m\x1b[K \x1b[01;31m\x1b[Kerror: \x1b[m\x1b[K\xe2\x80\x98\x1b[01m\x1b[Kgeometry_msgs\x1b[m\x1b[K\xe2\x80\x99 was not declared in this scope\n'}
[0.825684] (pub2-2) StderrLine: {'line': b'    9 | rclcpp::Publisher<\x1b[01;31m\x1b[Kgeometry_msgs\x1b[m\x1b[K::msg::Vector3>::SharedPtr pub)\n'}
[0.825721] (pub2-2) StderrLine: {'line': b'      |                   \x1b[01;31m\x1b[K^~~~~~~~~~~~~\x1b[m\x1b[K\n'}
[0.825749] (pub2-2) StderrLine: {'line': b'\x1b[01m\x1b[K/home/linux/ros2_ws/src/pub2-2/src/pub2-2.cpp:9:46:\x1b[m\x1b[K \x1b[01;31m\x1b[Kerror: \x1b[m\x1b[Ktemplate argument 1 is invalid\n'}
[0.825788] (pub2-2) StderrLine: {'line': b'    9 | rclcpp::Publisher<geometry_msgs::msg::Vector3\x1b[01;31m\x1b[K>\x1b[m\x1b[K::SharedPtr pub)\n'}
[0.825817] (pub2-2) StderrLine: {'line': b'      |                                              \x1b[01;31m\x1b[K^\x1b[m\x1b[K\n'}
[0.826588] (pub2-2) StderrLine: {'line': b'\x1b[01m\x1b[K/home/linux/ros2_ws/src/pub2-2/src/pub2-2.cpp:9:19:\x1b[m\x1b[K \x1b[01;31m\x1b[Kerror: \x1b[m\x1b[K\xe2\x80\x98\x1b[01m\x1b[Kgeometry_msgs\x1b[m\x1b[K\xe2\x80\x99 was not declared in this scope\n'}
[0.826660] (pub2-2) StderrLine: {'line': b'    9 | rclcpp::Publisher<\x1b[01;31m\x1b[Kgeometry_msgs\x1b[m\x1b[K::msg::Vector3>::SharedPtr pub)\n'}
[0.826692] (pub2-2) StderrLine: {'line': b'      |                   \x1b[01;31m\x1b[K^~~~~~~~~~~~~\x1b[m\x1b[K\n'}
[0.826720] (pub2-2) StderrLine: {'line': b'\x1b[01m\x1b[K/home/linux/ros2_ws/src/pub2-2/src/pub2-2.cpp:9:46:\x1b[m\x1b[K \x1b[01;31m\x1b[Kerror: \x1b[m\x1b[Ktemplate argument 1 is invalid\n'}
[0.826747] (pub2-2) StderrLine: {'line': b'    9 | rclcpp::Publisher<geometry_msgs::msg::Vector3\x1b[01;31m\x1b[K>\x1b[m\x1b[K::SharedPtr pub)\n'}
[0.826773] (pub2-2) StderrLine: {'line': b'      |                                              \x1b[01;31m\x1b[K^\x1b[m\x1b[K\n'}
[0.827645] (pub2-2) StderrLine: {'line': b'\x1b[01m\x1b[K/home/linux/ros2_ws/src/pub2-2/src/pub2-2.cpp:9:19:\x1b[m\x1b[K \x1b[01;31m\x1b[Kerror: \x1b[m\x1b[K\xe2\x80\x98\x1b[01m\x1b[Kgeometry_msgs\x1b[m\x1b[K\xe2\x80\x99 was not declared in this scope\n'}
[0.827918] (pub2-2) StderrLine: {'line': b'    9 | rclcpp::Publisher<\x1b[01;31m\x1b[Kgeometry_msgs\x1b[m\x1b[K::msg::Vector3>::SharedPtr pub)\n'}
[0.828026] (pub2-2) StderrLine: {'line': b'      |                   \x1b[01;31m\x1b[K^~~~~~~~~~~~~\x1b[m\x1b[K\n'}
[0.828191] (pub2-2) StderrLine: {'line': b'\x1b[01m\x1b[K/home/linux/ros2_ws/src/pub2-2/src/pub2-2.cpp:9:46:\x1b[m\x1b[K \x1b[01;31m\x1b[Kerror: \x1b[m\x1b[Ktemplate argument 1 is invalid\n'}
[0.828256] (pub2-2) StderrLine: {'line': b'    9 | rclcpp::Publisher<geometry_msgs::msg::Vector3\x1b[01;31m\x1b[K>\x1b[m\x1b[K::SharedPtr pub)\n'}
[0.828287] (pub2-2) StderrLine: {'line': b'      |                                              \x1b[01;31m\x1b[K^\x1b[m\x1b[K\n'}
[0.828314] (pub2-2) StderrLine: {'line': b'\x1b[01m\x1b[K/home/linux/ros2_ws/src/pub2-2/src/pub2-2.cpp:9:9:\x1b[m\x1b[K \x1b[01;31m\x1b[Kerror: \x1b[m\x1b[K\xe2\x80\x98\x1b[01m\x1b[Krclcpp::Publisher\x1b[m\x1b[K\xe2\x80\x99 is not a type\n'}
[0.828343] (pub2-2) StderrLine: {'line': b'    9 | rclcpp::\x1b[01;31m\x1b[KPublisher\x1b[m\x1b[K<geometry_msgs::msg::Vector3>::SharedPtr pub)\n'}
[0.828369] (pub2-2) StderrLine: {'line': b'      |         \x1b[01;31m\x1b[K^~~~~~~~~\x1b[m\x1b[K\n'}
[0.828395] (pub2-2) StderrLine: {'line': b'\x1b[01m\x1b[K/home/linux/ros2_ws/src/pub2-2/src/pub2-2.cpp:9:18:\x1b[m\x1b[K \x1b[01;31m\x1b[Kerror: \x1b[m\x1b[Kexpected \xe2\x80\x98\x1b[01m\x1b[K,\x1b[m\x1b[K\xe2\x80\x99 or \xe2\x80\x98\x1b[01m\x1b[K...\x1b[m\x1b[K\xe2\x80\x99 before \xe2\x80\x98\x1b[01m\x1b[K<\x1b[m\x1b[K\xe2\x80\x99 token\n'}
[0.828423] (pub2-2) StderrLine: {'line': b'    9 | rclcpp::Publisher\x1b[01;31m\x1b[K<\x1b[m\x1b[Kgeometry_msgs::msg::Vector3>::SharedPtr pub)\n'}
[0.828450] (pub2-2) StderrLine: {'line': b'      |                  \x1b[01;31m\x1b[K^\x1b[m\x1b[K\n'}
[0.828477] (pub2-2) StderrLine: {'line': b'\x1b[01m\x1b[K/home/linux/ros2_ws/src/pub2-2/src/pub2-2.cpp:\x1b[m\x1b[K In function \xe2\x80\x98\x1b[01m\x1b[Kvoid callback(rclcpp::Node::SharedPtr, int)\x1b[m\x1b[K\xe2\x80\x99:\n'}
[0.828502] (pub2-2) StderrLine: {'line': b'\x1b[01m\x1b[K/home/linux/ros2_ws/src/pub2-2/src/pub2-2.cpp:11:20:\x1b[m\x1b[K \x1b[01;31m\x1b[Kerror: \x1b[m\x1b[K\xe2\x80\x98\x1b[01m\x1b[Kgeometry_msgs\x1b[m\x1b[K\xe2\x80\x99 has not been declared\n'}
[0.828528] (pub2-2) StderrLine: {'line': b'   11 |     auto message = \x1b[01;31m\x1b[Kgeometry_msgs\x1b[m\x1b[K::msg::Vector3();\n'}
[0.828553] (pub2-2) StderrLine: {'line': b'      |                    \x1b[01;31m\x1b[K^~~~~~~~~~~~~\x1b[m\x1b[K\n'}
[0.828578] (pub2-2) StderrLine: {'line': b'\x1b[01m\x1b[K/home/linux/ros2_ws/src/pub2-2/src/pub2-2.cpp:12:5:\x1b[m\x1b[K \x1b[01;31m\x1b[Kerror: \x1b[m\x1b[K\xe2\x80\x98\x1b[01m\x1b[Kcout\x1b[m\x1b[K\xe2\x80\x99 was not declared in this scope; did you mean \xe2\x80\x98\x1b[01m\x1b[Kstd::cout\x1b[m\x1b[K\xe2\x80\x99?\n'}
[0.828609] (pub2-2) StderrLine: {'line': b'   12 |     \x1b[01;31m\x1b[Kcout\x1b[m\x1b[K << "\xec\x8b\xa4\xec\x88\x98 3\xea\xb0\x9c \xec\x9e\x85\xeb\xa0\xa5 : ";\n'}
[0.828635] (pub2-2) StderrLine: {'line': b'      |     \x1b[01;31m\x1b[K^~~~\x1b[m\x1b[K\n'}
[0.828660] (pub2-2) StderrLine: {'line': b'      |     \x1b[32m\x1b[Kstd::cout\x1b[m\x1b[K\n'}
[0.828685] (pub2-2) StderrLine: {'line': b'In file included from \x1b[01m\x1b[K/opt/ros/foxy/include/rclcpp/executor.hpp:22\x1b[m\x1b[K,\n'}
[0.828710] (pub2-2) StderrLine: {'line': b'                 from \x1b[01m\x1b[K/opt/ros/foxy/include/rclcpp/executors/multi_threaded_executor.hpp:26\x1b[m\x1b[K,\n'}
[0.828739] (pub2-2) StderrLine: {'line': b'                 from \x1b[01m\x1b[K/opt/ros/foxy/include/rclcpp/executors.hpp:21\x1b[m\x1b[K,\n'}
[0.828766] (pub2-2) StderrLine: {'line': b'                 from \x1b[01m\x1b[K/opt/ros/foxy/include/rclcpp/rclcpp.hpp:146\x1b[m\x1b[K,\n'}
[0.828957] (pub2-2) StderrLine: {'line': b'                 from \x1b[01m\x1b[K/home/linux/ros2_ws/src/pub2-2/src/pub2-2.cpp:1\x1b[m\x1b[K:\n'}
[0.828997] (pub2-2) StderrLine: {'line': b'\x1b[01m\x1b[K/usr/include/c++/9/iostream:61:18:\x1b[m\x1b[K \x1b[01;36m\x1b[Knote: \x1b[m\x1b[K\xe2\x80\x98\x1b[01m\x1b[Kstd::cout\x1b[m\x1b[K\xe2\x80\x99 declared here\n'}
[0.829026] (pub2-2) StderrLine: {'line': b'   61 |   extern ostream \x1b[01;36m\x1b[Kcout\x1b[m\x1b[K;  /// Linked to standard output\n'}
[0.829053] (pub2-2) StderrLine: {'line': b'      |                  \x1b[01;36m\x1b[K^~~~\x1b[m\x1b[K\n'}
[0.829080] (pub2-2) StderrLine: {'line': b'\x1b[01m\x1b[K/home/linux/ros2_ws/src/pub2-2/src/pub2-2.cpp:13:5:\x1b[m\x1b[K \x1b[01;31m\x1b[Kerror: \x1b[m\x1b[K\xe2\x80\x98\x1b[01m\x1b[Kcin\x1b[m\x1b[K\xe2\x80\x99 was not declared in this scope; did you mean \xe2\x80\x98\x1b[01m\x1b[Kstd::cin\x1b[m\x1b[K\xe2\x80\x99?\n'}
[0.829107] (pub2-2) StderrLine: {'line': b'   13 |     \x1b[01;31m\x1b[Kcin\x1b[m\x1b[K >> message.x >> message.y >> message.z;\n'}
[0.829146] (pub2-2) StderrLine: {'line': b'      |     \x1b[01;31m\x1b[K^~~\x1b[m\x1b[K\n'}
[0.829173] (pub2-2) StderrLine: {'line': b'      |     \x1b[32m\x1b[Kstd::cin\x1b[m\x1b[K\n'}
[0.829201] (pub2-2) StderrLine: {'line': b'In file included from \x1b[01m\x1b[K/opt/ros/foxy/include/rclcpp/executor.hpp:22\x1b[m\x1b[K,\n'}
[0.829229] (pub2-2) StderrLine: {'line': b'                 from \x1b[01m\x1b[K/opt/ros/foxy/include/rclcpp/executors/multi_threaded_executor.hpp:26\x1b[m\x1b[K,\n'}
[0.829254] (pub2-2) StderrLine: {'line': b'                 from \x1b[01m\x1b[K/opt/ros/foxy/include/rclcpp/executors.hpp:21\x1b[m\x1b[K,\n'}
[0.829285] (pub2-2) StderrLine: {'line': b'                 from \x1b[01m\x1b[K/opt/ros/foxy/include/rclcpp/rclcpp.hpp:146\x1b[m\x1b[K,\n'}
[0.829313] (pub2-2) StderrLine: {'line': b'                 from \x1b[01m\x1b[K/home/linux/ros2_ws/src/pub2-2/src/pub2-2.cpp:1\x1b[m\x1b[K:\n'}
[0.829353] (pub2-2) StderrLine: {'line': b'\x1b[01m\x1b[K/usr/include/c++/9/iostream:60:18:\x1b[m\x1b[K \x1b[01;36m\x1b[Knote: \x1b[m\x1b[K\xe2\x80\x98\x1b[01m\x1b[Kstd::cin\x1b[m\x1b[K\xe2\x80\x99 declared here\n'}
[0.829378] (pub2-2) StderrLine: {'line': b'   60 |   extern istream \x1b[01;36m\x1b[Kcin\x1b[m\x1b[K;  /// Linked to standard input\n'}
[0.829403] (pub2-2) StderrLine: {'line': b'      |                  \x1b[01;36m\x1b[K^~~\x1b[m\x1b[K\n'}
[0.829427] (pub2-2) StderrLine: {'line': b'\x1b[01m\x1b[K/home/linux/ros2_ws/src/pub2-2/src/pub2-2.cpp:15:5:\x1b[m\x1b[K \x1b[01;31m\x1b[Kerror: \x1b[m\x1b[K\xe2\x80\x98\x1b[01m\x1b[Kpub\x1b[m\x1b[K\xe2\x80\x99 was not declared in this scope\n'}
[0.829456] (pub2-2) StderrLine: {'line': b'   15 |     \x1b[01;31m\x1b[Kpub\x1b[m\x1b[K->publish(message);\n'}
[0.829484] (pub2-2) StderrLine: {'line': b'      |     \x1b[01;31m\x1b[K^~~\x1b[m\x1b[K\n'}
[0.830584] (pub2-2) StderrLine: {'line': b'\x1b[01m\x1b[K/home/linux/ros2_ws/src/pub2-2/src/pub2-2.cpp:\x1b[m\x1b[K In function \xe2\x80\x98\x1b[01m\x1b[Kint main(int, char**)\x1b[m\x1b[K\xe2\x80\x99:\n'}
[0.830699] (pub2-2) StderrLine: {'line': b'\x1b[01m\x1b[K/home/linux/ros2_ws/src/pub2-2/src/pub2-2.cpp:22:39:\x1b[m\x1b[K \x1b[01;31m\x1b[Kerror: \x1b[m\x1b[K\xe2\x80\x98\x1b[01m\x1b[Kgeometry_msgs\x1b[m\x1b[K\xe2\x80\x99 was not declared in this scope\n'}
[0.830761] (pub2-2) StderrLine: {'line': b'   22 |     auto pub = node->create_publisher<\x1b[01;31m\x1b[Kgeometry_msgs\x1b[m\x1b[K::msg::Vector3>("mytopic", qos_profile);\n'}
[0.830795] (pub2-2) StderrLine: {'line': b'      |                                       \x1b[01;31m\x1b[K^~~~~~~~~~~~~\x1b[m\x1b[K\n'}
[0.830863] (pub2-2) StderrLine: {'line': b'\x1b[01m\x1b[K/home/linux/ros2_ws/src/pub2-2/src/pub2-2.cpp:22:22:\x1b[m\x1b[K \x1b[01;31m\x1b[Kerror: \x1b[m\x1b[Kparse error in template argument list\n'}
[0.830931] (pub2-2) StderrLine: {'line': b'   22 |     auto pub = node->\x1b[01;31m\x1b[Kcreate_publisher<geometry_msgs::msg::Vector3>\x1b[m\x1b[K("mytopic", qos_profile);\n'}
[0.831013] (pub2-2) StderrLine: {'line': b'      |                      \x1b[01;31m\x1b[K^~~~~~~~~~~~~~~~~~~~~~~~~~~~~~~~~~~~~~~~~~~~~\x1b[m\x1b[K\n'}
[0.831107] (pub2-2) StderrLine: {'line': b'\x1b[01m\x1b[K/home/linux/ros2_ws/src/pub2-2/src/pub2-2.cpp:22:90:\x1b[m\x1b[K \x1b[01;31m\x1b[Kerror: \x1b[m\x1b[Kno matching function for call to \xe2\x80\x98\x1b[01m\x1b[Krclcpp::Node::create_publisher<<expression error> >(const char [8], rclcpp::QoS&)\x1b[m\x1b[K\xe2\x80\x99\n'}
[0.831202] (pub2-2) StderrLine: {'line': b'   22 |     auto pub = node->create_publisher<geometry_msgs::msg::Vector3>("mytopic", qos_profile\x1b[01;31m\x1b[K)\x1b[m\x1b[K;\n'}
[0.831296] (pub2-2) StderrLine: {'line': b'      |                                                                                          \x1b[01;31m\x1b[K^\x1b[m\x1b[K\n'}
[0.831472] (pub2-2) StderrLine: {'line': b'In file included from \x1b[01m\x1b[K/opt/ros/foxy/include/rclcpp/executors/single_threaded_executor.hpp:28\x1b[m\x1b[K,\n'}
[0.831614] (pub2-2) StderrLine: {'line': b'                 from \x1b[01m\x1b[K/opt/ros/foxy/include/rclcpp/executors.hpp:22\x1b[m\x1b[K,\n'}
[0.831674] (pub2-2) StderrLine: {'line': b'                 from \x1b[01m\x1b[K/opt/ros/foxy/include/rclcpp/rclcpp.hpp:146\x1b[m\x1b[K,\n'}
[0.831709] (pub2-2) StderrLine: {'line': b'                 from \x1b[01m\x1b[K/home/linux/ros2_ws/src/pub2-2/src/pub2-2.cpp:1\x1b[m\x1b[K:\n'}
[0.831742] (pub2-2) StderrLine: {'line': b'\x1b[01m\x1b[K/opt/ros/foxy/include/rclcpp/node.hpp:184:3:\x1b[m\x1b[K \x1b[01;36m\x1b[Knote: \x1b[m\x1b[Kcandidate: \xe2\x80\x98\x1b[01m\x1b[Ktemplate<class MessageT, class AllocatorT, class PublisherT> std::shared_ptr<PublisherT> rclcpp::Node::create_publisher(const string&, const rclcpp::QoS&, const rclcpp::PublisherOptionsWithAllocator<AllocatorT>&)\x1b[m\x1b[K\xe2\x80\x99\n'}
[0.831781] (pub2-2) StderrLine: {'line': b'  184 |   \x1b[01;36m\x1b[Kcreate_publisher\x1b[m\x1b[K(\n'}
[0.831913] (pub2-2) StderrLine: {'line': b'      |   \x1b[01;36m\x1b[K^~~~~~~~~~~~~~~~\x1b[m\x1b[K\n'}
[0.831949] (pub2-2) StderrLine: {'line': b'\x1b[01m\x1b[K/opt/ros/foxy/include/rclcpp/node.hpp:184:3:\x1b[m\x1b[K \x1b[01;36m\x1b[Knote: \x1b[m\x1b[K  template argument deduction/substitution failed:\n'}
[0.831980] (pub2-2) StderrLine: {'line': b'\x1b[01m\x1b[K/home/linux/ros2_ws/src/pub2-2/src/pub2-2.cpp:22:90:\x1b[m\x1b[K \x1b[01;31m\x1b[Kerror: \x1b[m\x1b[Ktemplate argument 1 is invalid\n'}
[0.832015] (pub2-2) StderrLine: {'line': b'   22 |     auto pub = node->create_publisher<geometry_msgs::msg::Vector3>("mytopic", qos_profile\x1b[01;31m\x1b[K)\x1b[m\x1b[K;\n'}
[0.832045] (pub2-2) StderrLine: {'line': b'      |                                                                                          \x1b[01;31m\x1b[K^\x1b[m\x1b[K\n'}
[0.902556] (-) TimerEvent: {}
[1.002899] (-) TimerEvent: {}
[1.100360] (pub2-2) StderrLine: {'line': b'make[2]: *** [CMakeFiles/pub2-2.dir/build.make:63: CMakeFiles/pub2-2.dir/src/pub2-2.cpp.o] Error 1\n'}
[1.100652] (pub2-2) StderrLine: {'line': b'make[1]: *** [CMakeFiles/Makefile2:78: CMakeFiles/pub2-2.dir/all] Error 2\n'}
[1.100758] (pub2-2) StderrLine: {'line': b'make: *** [Makefile:141: all] Error 2\n'}
[1.102179] (pub2-2) CommandEnded: {'returncode': 2}
[1.103075] (-) TimerEvent: {}
[1.107894] (pub2-2) JobEnded: {'identifier': 'pub2-2', 'rc': 2}
[1.118580] (-) EventReactorShutdown: {}
