[35m[1mScanning dependencies of target pub[0m
[ 16%] [32mBuilding CXX object CMakeFiles/sub.dir/src/sub.cpp.o[0m
[ 33%] [32mBuilding CXX object CMakeFiles/sub.dir/src/smain.cpp.o[0m
[ 50%] [32mBuilding CXX object CMakeFiles/pub.dir/src/pub.cpp.o[0m
[ 66%] [32mBuilding CXX object CMakeFiles/pub.dir/src/pmain.cpp.o[0m
In file included from [01m[K/home/ubuntu/ros2_ws/src/camera1-3/src/smain.cpp:1[m[K:
[01m[K/home/ubuntu/ros2_ws/src/camera1-3/include/camera1-3/sub.hpp:10:50:[m[K [01;31m[Kerror: [m[KISO C++ forbids declaration of â€˜[01m[KCameraSubscriber[m[Kâ€™ with no type [[01;31m[K-fpermissive[m[K]
   10 |     CameraSubscriber(bool use_wsl_display = false[01;31m[K)[m[K;
      |                                                  [01;31m[K^[m[K
[01m[K/home/ubuntu/ros2_ws/src/camera1-3/src/smain.cpp:[m[K In function â€˜[01m[Kint main(int, char**)[m[Kâ€™:
[01m[K/home/ubuntu/ros2_ws/src/camera1-3/src/smain.cpp:8:34:[m[K [01;31m[Kerror: [m[Kâ€˜[01m[KCameraSubscriber[m[Kâ€™ was not declared in this scope
    8 |     auto node = std::make_shared<[01;31m[KCameraSubscriber[m[K>(use_wsl_display);
      |                                  [01;31m[K^~~~~~~~~~~~~~~~[m[K
[01m[K/home/ubuntu/ros2_ws/src/camera1-3/src/smain.cpp:8:67:[m[K [01;31m[Kerror: [m[Kno matching function for call to â€˜[01m[Kmake_shared<<expression error> >(bool&)[m[Kâ€™
    8 |     auto node = std::make_shared<CameraSubscriber>(use_wsl_display[01;31m[K)[m[K;
      |                                                                   [01;31m[K^[m[K
In file included from [01m[K/usr/include/c++/9/memory:81[m[K,
                 from [01m[K/opt/ros/foxy/include/rclcpp/rclcpp.hpp:144[m[K,
                 from [01m[K/home/ubuntu/ros2_ws/src/camera1-3/include/camera1-3/sub.hpp:4[m[K,
                 from [01m[K/home/ubuntu/ros2_ws/src/camera1-3/src/smain.cpp:1[m[K:
[01m[K/usr/include/c++/9/bits/shared_ptr.h:714:5:[m[K [01;36m[Knote: [m[Kcandidate: â€˜[01m[Ktemplate<class _Tp, class ... _Args> std::shared_ptr<_Tp> std::make_shared(_Args&& ...)[m[Kâ€™
  714 |     [01;36m[Kmake_shared[m[K(_Args&&... __args)
      |     [01;36m[K^~~~~~~~~~~[m[K
[01m[K/usr/include/c++/9/bits/shared_ptr.h:714:5:[m[K [01;36m[Knote: [m[K  template argument deduction/substitution failed:
[01m[K/home/ubuntu/ros2_ws/src/camera1-3/src/smain.cpp:8:67:[m[K [01;31m[Kerror: [m[Ktemplate argument 1 is invalid
    8 |     auto node = std::make_shared<CameraSubscriber>(use_wsl_display[01;31m[K)[m[K;
      |                                                                   [01;31m[K^[m[K
[01m[K/home/ubuntu/ros2_ws/src/camera1-3/src/pub.cpp:4:22:[m[K [01;31m[Kerror: [m[KISO C++ forbids declaration of â€˜[01m[KCameraPublisher[m[Kâ€™ with no type [[01;31m[K-fpermissive[m[K]
    4 | Pub::CameraPublisher([01;31m[K)[m[K : Node("campub"), cap_(src_, cv::CAP_GSTREAMER) {
      |                      [01;31m[K^[m[K
[01m[K/home/ubuntu/ros2_ws/src/camera1-3/src/pub.cpp:4:1:[m[K [01;31m[Kerror: [m[Kno declaration matches â€˜[01m[Kint Pub::CameraPublisher()[m[Kâ€™
    4 | [01;31m[KPub[m[K::CameraPublisher() : Node("campub"), cap_(src_, cv::CAP_GSTREAMER) {
      | [01;31m[K^~~[m[K
[01m[K/home/ubuntu/ros2_ws/src/camera1-3/src/pub.cpp:4:1:[m[K [01;36m[Knote: [m[Kno functions named â€˜[01m[Kint Pub::CameraPublisher()[m[Kâ€™
In file included from [01m[K/home/ubuntu/ros2_ws/src/camera1-3/src/pub.cpp:1[m[K:
[01m[K/home/ubuntu/ros2_ws/src/camera1-3/include/camera1-3/pub.hpp:9:7:[m[K [01;36m[Knote: [m[Kâ€˜[01m[Kclass Pub[m[Kâ€™ defined here
    9 | class [01;36m[KPub[m[K : public rclcpp::Node {
      |       [01;36m[K^~~[m[K
In file included from [01m[K/home/ubuntu/ros2_ws/src/camera1-3/src/sub.cpp:1[m[K:
[01m[K/home/ubuntu/ros2_ws/src/camera1-3/include/camera1-3/sub.hpp:10:50:[m[K [01;31m[Kerror: [m[KISO C++ forbids declaration of â€˜[01m[KCameraSubscriber[m[Kâ€™ with no type [[01;31m[K-fpermissive[m[K]
   10 |     CameraSubscriber(bool use_wsl_display = false[01;31m[K)[m[K;
      |                                                  [01;31m[K^[m[K
[01m[K/home/ubuntu/ros2_ws/src/camera1-3/src/sub.cpp:4:1:[m[K [01;31m[Kerror: [m[Kâ€˜[01m[KCameraSubscriber[m[Kâ€™ does not name a type
    4 | [01;31m[KCameraSubscriber[m[K::CameraSubscriber(bool use_wsl_display)
      | [01;31m[K^~~~~~~~~~~~~~~~[m[K
[01m[K/home/ubuntu/ros2_ws/src/camera1-3/src/sub.cpp:23:6:[m[K [01;31m[Kerror: [m[Kâ€˜[01m[KCameraSubscriber[m[Kâ€™ has not been declared
   23 | void [01;31m[KCameraSubscriber[m[K::image_callback(const sensor_msgs::msg::CompressedImage::SharedPtr msg) {
      |      [01;31m[K^~~~~~~~~~~~~~~~[m[K
In file included from [01m[K/opt/ros/foxy/include/rclcpp/service.hpp:34[m[K,
                 from [01m[K/opt/ros/foxy/include/rclcpp/callback_group.hpp:25[m[K,
                 from [01m[K/opt/ros/foxy/include/rclcpp/any_executable.hpp:20[m[K,
                 from [01m[K/opt/ros/foxy/include/rclcpp/memory_strategy.hpp:24[m[K,
                 from [01m[K/opt/ros/foxy/include/rclcpp/memory_strategies.hpp:18[m[K,
                 from [01m[K/opt/ros/foxy/include/rclcpp/executor_options.hpp:20[m[K,
                 from [01m[K/opt/ros/foxy/include/rclcpp/executor.hpp:33[m[K,
                 from [01m[K/opt/ros/foxy/include/rclcpp/executors/multi_threaded_executor.hpp:26[m[K,
                 from [01m[K/opt/ros/foxy/include/rclcpp/executors.hpp:21[m[K,
                 from [01m[K/opt/ros/foxy/include/rclcpp/rclcpp.hpp:146[m[K,
                 from [01m[K/home/ubuntu/ros2_ws/src/camera1-3/include/camera1-3/sub.hpp:4[m[K,
                 from [01m[K/home/ubuntu/ros2_ws/src/camera1-3/src/sub.cpp:1[m[K:
[01m[K/home/ubuntu/ros2_ws/src/camera1-3/src/sub.cpp:[m[K In function â€˜[01m[Kvoid image_callback(sensor_msgs::msg::CompressedImage_<std::allocator<void> >::SharedPtr)[m[Kâ€™:
[01m[K/home/ubuntu/ros2_ws/src/camera1-3/src/sub.cpp:26:22:[m[K [01;31m[Kerror: [m[Kâ€˜[01m[Kget_logger[m[Kâ€™ was not declared in this scope; did you mean â€˜[01m[Krclcpp::get_logger[m[Kâ€™?
   26 |         RCLCPP_ERROR([01;31m[Kget_logger[m[K(), "Failed to decode image!");
      |                      [01;31m[K^~~~~~~~~~[m[K
In file included from [01m[K/opt/ros/foxy/include/rclcpp/logging.hpp:23[m[K,
                 from [01m[K/opt/ros/foxy/include/rclcpp/service.hpp:34[m[K,
                 from [01m[K/opt/ros/foxy/include/rclcpp/callback_group.hpp:25[m[K,
                 from [01m[K/opt/ros/foxy/include/rclcpp/any_executable.hpp:20[m[K,
                 from [01m[K/opt/ros/foxy/include/rclcpp/memory_strategy.hpp:24[m[K,
                 from [01m[K/opt/ros/foxy/include/rclcpp/memory_strategies.hpp:18[m[K,
                 from [01m[K/opt/ros/foxy/include/rclcpp/executor_options.hpp:20[m[K,
                 from [01m[K/opt/ros/foxy/include/rclcpp/executor.hpp:33[m[K,
                 from [01m[K/opt/ros/foxy/include/rclcpp/executors/multi_threaded_executor.hpp:26[m[K,
                 from [01m[K/opt/ros/foxy/include/rclcpp/executors.hpp:21[m[K,
                 from [01m[K/opt/ros/foxy/include/rclcpp/rclcpp.hpp:146[m[K,
                 from [01m[K/home/ubuntu/ros2_ws/src/camera1-3/include/camera1-3/sub.hpp:4[m[K,
                 from [01m[K/home/ubuntu/ros2_ws/src/camera1-3/src/sub.cpp:1[m[K:
[01m[K/opt/ros/foxy/include/rclcpp/logger.hpp:80:17:[m[K [01;36m[Knote: [m[Kâ€˜[01m[Krclcpp::get_logger[m[Kâ€™ declared here
   80 |   friend Logger [01;36m[Krclcpp[m[K::get_logger(const std::string & name);
      |                 [01;36m[K^~~~~~[m[K
In file included from [01m[K/opt/ros/foxy/include/rclcpp/service.hpp:34[m[K,
                 from [01m[K/opt/ros/foxy/include/rclcpp/callback_group.hpp:25[m[K,
                 from [01m[K/opt/ros/foxy/include/rclcpp/any_executable.hpp:20[m[K,
                 from [01m[K/opt/ros/foxy/include/rclcpp/memory_strategy.hpp:24[m[K,
                 from [01m[K/opt/ros/foxy/include/rclcpp/memory_strategies.hpp:18[m[K,
                 from [01m[K/opt/ros/foxy/include/rclcpp/executor_options.hpp:20[m[K,
                 from [01m[K/opt/ros/foxy/include/rclcpp/executor.hpp:33[m[K,
                 from [01m[K/opt/ros/foxy/include/rclcpp/executors/multi_threaded_executor.hpp:26[m[K,
                 from [01m[K/opt/ros/foxy/include/rclcpp/executors.hpp:21[m[K,
                 from [01m[K/opt/ros/foxy/include/rclcpp/rclcpp.hpp:146[m[K,
                 from [01m[K/home/ubuntu/ros2_ws/src/camera1-3/include/camera1-3/sub.hpp:4[m[K,
                 from [01m[K/home/ubuntu/ros2_ws/src/camera1-3/src/sub.cpp:1[m[K:
[01m[K/home/ubuntu/ros2_ws/src/camera1-3/src/sub.cpp:26:9:[m[K [01;31m[Kerror: [m[Ktemplate argument 1 is invalid
   26 |         [01;31m[KRCLCPP_ERROR[m[K(get_logger(), "Failed to decode image!");
      |         [01;31m[K^~~~~~~~~~~~[m[K
[01m[K/home/ubuntu/ros2_ws/src/camera1-3/src/sub.cpp:26:9:[m[K [01;31m[Kerror: [m[Ktemplate argument 1 is invalid
   26 |         [01;31m[KRCLCPP_ERROR[m[K(get_logger(), "Failed to decode image!");
      |         [01;31m[K^~~~~~~~~~~~[m[K
[01m[K/home/ubuntu/ros2_ws/src/camera1-3/src/sub.cpp:26:9:[m[K [01;31m[Kerror: [m[Ktemplate argument 1 is invalid
   26 |         [01;31m[KRCLCPP_ERROR[m[K(get_logger(), "Failed to decode image!");
      |         [01;31m[K^~~~~~~~~~~~[m[K
[01m[K/home/ubuntu/ros2_ws/src/camera1-3/src/sub.cpp:30:9:[m[K [01;31m[Kerror: [m[Kâ€˜[01m[Kuse_wsl_display_[m[Kâ€™ was not declared in this scope
   30 |     if ([01;31m[Kuse_wsl_display_[m[K) {
      |         [01;31m[K^~~~~~~~~~~~~~~~[m[K
[01m[K/home/ubuntu/ros2_ws/src/camera1-3/src/sub.cpp:37:9:[m[K [01;31m[Kerror: [m[Kâ€˜[01m[Kwriter_[m[Kâ€™ was not declared in this scope
   37 |         [01;31m[Kwriter_[m[K << thresh;
      |         [01;31m[K^~~~~~~[m[K
In file included from [01m[K/opt/ros/foxy/include/rclcpp/service.hpp:34[m[K,
                 from [01m[K/opt/ros/foxy/include/rclcpp/callback_group.hpp:25[m[K,
                 from [01m[K/opt/ros/foxy/include/rclcpp/any_executable.hpp:20[m[K,
                 from [01m[K/opt/ros/foxy/include/rclcpp/memory_strategy.hpp:24[m[K,
                 from [01m[K/opt/ros/foxy/include/rclcpp/memory_strategies.hpp:18[m[K,
                 from [01m[K/opt/ros/foxy/include/rclcpp/executor_options.hpp:20[m[K,
                 from [01m[K/opt/ros/foxy/include/rclcpp/executor.hpp:33[m[K,
                 from [01m[K/opt/ros/foxy/include/rclcpp/executors/multi_threaded_executor.hpp:26[m[K,
                 from [01m[K/opt/ros/foxy/include/rclcpp/executors.hpp:21[m[K,
                 from [01m[K/opt/ros/foxy/include/rclcpp/rclcpp.hpp:146[m[K,
                 from [01m[K/home/ubuntu/ros2_ws/src/camera1-3/include/camera1-3/sub.hpp:4[m[K,
                 from [01m[K/home/ubuntu/ros2_ws/src/camera1-3/src/sub.cpp:1[m[K:
[01m[K/home/ubuntu/ros2_ws/src/camera1-3/src/sub.cpp:40:17:[m[K [01;31m[Kerror: [m[Kâ€˜[01m[Kget_logger[m[Kâ€™ was not declared in this scope; did you mean â€˜[01m[Krclcpp::get_logger[m[Kâ€™?
   40 |     RCLCPP_INFO([01;31m[Kget_logger[m[K(), "Received Image: %s, %d, %d",
      |                 [01;31m[K^~~~~~~~~~[m[K
In file included from [01m[K/opt/ros/foxy/include/rclcpp/logging.hpp:23[m[K,
                 from [01m[K/opt/ros/foxy/include/rclcpp/service.hpp:34[m[K,
                 from [01m[K/opt/ros/foxy/include/rclcpp/callback_group.hpp:25[m[K,
                 from [01m[K/opt/ros/foxy/include/rclcpp/any_executable.hpp:20[m[K,
                 from [01m[K/opt/ros/foxy/include/rclcpp/memory_strategy.hpp:24[m[K,
                 from [01m[K/opt/ros/foxy/include/rclcpp/memory_strategies.hpp:18[m[K,
                 from [01m[K/opt/ros/foxy/include/rclcpp/executor_options.hpp:20[m[K,
                 from [01m[K/opt/ros/foxy/include/rclcpp/executor.hpp:33[m[K,
                 from [01m[K/opt/ros/foxy/include/rclcpp/executors/multi_threaded_executor.hpp:26[m[K,
                 from [01m[K/opt/ros/foxy/include/rclcpp/executors.hpp:21[m[K,
                 from [01m[K/opt/ros/foxy/include/rclcpp/rclcpp.hpp:146[m[K,
                 from [01m[K/home/ubuntu/ros2_ws/src/camera1-3/include/camera1-3/sub.hpp:4[m[K,
                 from [01m[K/home/ubuntu/ros2_ws/src/camera1-3/src/sub.cpp:1[m[K:
[01m[K/opt/ros/foxy/include/rclcpp/logger.hpp:80:17:[m[K [01;36m[Knote: [m[Kâ€˜[01m[Krclcpp::get_logger[m[Kâ€™ declared here
   80 |   friend Logger [01;36m[Krclcpp[m[K::get_logger(const std::string & name);
      |                 [01;36m[K^~~~~~[m[K
In file included from [01m[K/opt/ros/foxy/include/rclcpp/service.hpp:34[m[K,
                 from [01m[K/opt/ros/foxy/include/rclcpp/callback_group.hpp:25[m[K,
                 from [01m[K/opt/ros/foxy/include/rclcpp/any_executable.hpp:20[m[K,
                 from [01m[K/opt/ros/foxy/include/rclcpp/memory_strategy.hpp:24[m[K,
                 from [01m[K/opt/ros/foxy/include/rclcpp/memory_strategies.hpp:18[m[K,
                 from [01m[K/opt/ros/foxy/include/rclcpp/executor_options.hpp:20[m[K,
                 from [01m[K/opt/ros/foxy/include/rclcpp/executor.hpp:33[m[K,
                 from [01m[K/opt/ros/foxy/include/rclcpp/executors/multi_threaded_executor.hpp:26[m[K,
                 from [01m[K/opt/ros/foxy/include/rclcpp/executors.hpp:21[m[K,
                 from [01m[K/opt/ros/foxy/include/rclcpp/rclcpp.hpp:146[m[K,
                 from [01m[K/home/ubuntu/ros2_ws/src/camera1-3/include/camera1-3/sub.hpp:4[m[K,
                 from [01m[K/home/ubuntu/ros2_ws/src/camera1-3/src/sub.cpp:1[m[K:
[01m[K/home/ubuntu/ros2_ws/src/camera1-3/src/sub.cpp:40:5:[m[K [01;31m[Kerror: [m[Ktemplate argument 1 is invalid
   40 |     [01;31m[KRCLCPP_INFO[m[K(get_logger(), "Received Image: %s, %d, %d",
      |     [01;31m[K^~~~~~~~~~~[m[K
[01m[K/home/ubuntu/ros2_ws/src/camera1-3/src/sub.cpp:40:5:[m[K [01;31m[Kerror: [m[Ktemplate argument 1 is invalid
   40 |     [01;31m[KRCLCPP_INFO[m[K(get_logger(), "Received Image: %s, %d, %d",
      |     [01;31m[K^~~~~~~~~~~[m[K
[01m[K/home/ubuntu/ros2_ws/src/camera1-3/src/sub.cpp:40:5:[m[K [01;31m[Kerror: [m[Ktemplate argument 1 is invalid
   40 |     [01;31m[KRCLCPP_INFO[m[K(get_logger(), "Received Image: %s, %d, %d",
      |     [01;31m[K^~~~~~~~~~~[m[K
make[2]: *** [CMakeFiles/sub.dir/build.make:76: CMakeFiles/sub.dir/src/smain.cpp.o] Error 1
make[2]: *** Waiting for unfinished jobs....
make[2]: *** [CMakeFiles/sub.dir/build.make:63: CMakeFiles/sub.dir/src/sub.cpp.o] Error 1
make[1]: *** [CMakeFiles/Makefile2:107: CMakeFiles/sub.dir/all] Error 2
make[1]: *** Waiting for unfinished jobs....
make[2]: *** [CMakeFiles/pub.dir/build.make:63: CMakeFiles/pub.dir/src/pub.cpp.o] Error 1
make[1]: *** [CMakeFiles/Makefile2:80: CMakeFiles/pub.dir/all] Error 2
make: *** [Makefile:141: all] Error 2
