[0.047s] Invoking command in '/home/ubuntu/ros2_ws/build/camera1-3': CMAKE_PREFIX_PATH=${CMAKE_PREFIX_PATH}:/opt/ros/foxy /usr/bin/cmake --build /home/ubuntu/ros2_ws/build/camera1-3 -- -j4 -l4
[0.231s] [35m[1mScanning dependencies of target pub[0m
[0.311s] [ 16%] [32mBuilding CXX object CMakeFiles/sub.dir/src/sub.cpp.o[0m
[0.315s] [ 33%] [32mBuilding CXX object CMakeFiles/sub.dir/src/smain.cpp.o[0m
[0.437s] [ 50%] [32mBuilding CXX object CMakeFiles/pub.dir/src/pub.cpp.o[0m
[0.463s] [ 66%] [32mBuilding CXX object CMakeFiles/pub.dir/src/pmain.cpp.o[0m
[15.089s] In file included from [01m[K/home/ubuntu/ros2_ws/src/camera1-3/src/smain.cpp:1[m[K:
[15.090s] [01m[K/home/ubuntu/ros2_ws/src/camera1-3/include/camera1-3/sub.hpp:10:50:[m[K [01;31m[Kerror: [m[KISO C++ forbids declaration of â€˜[01m[KCameraSubscriber[m[Kâ€™ with no type [[01;31m[K-fpermissive[m[K]
[15.091s]    10 |     CameraSubscriber(bool use_wsl_display = false[01;31m[K)[m[K;
[15.092s]       |                                                  [01;31m[K^[m[K
[15.219s] [01m[K/home/ubuntu/ros2_ws/src/camera1-3/src/smain.cpp:[m[K In function â€˜[01m[Kint main(int, char**)[m[Kâ€™:
[15.221s] [01m[K/home/ubuntu/ros2_ws/src/camera1-3/src/smain.cpp:8:34:[m[K [01;31m[Kerror: [m[Kâ€˜[01m[KCameraSubscriber[m[Kâ€™ was not declared in this scope
[15.222s]     8 |     auto node = std::make_shared<[01;31m[KCameraSubscriber[m[K>(use_wsl_display);
[15.224s]       |                                  [01;31m[K^~~~~~~~~~~~~~~~[m[K
[15.226s] [01m[K/home/ubuntu/ros2_ws/src/camera1-3/src/smain.cpp:8:67:[m[K [01;31m[Kerror: [m[Kno matching function for call to â€˜[01m[Kmake_shared<<expression error> >(bool&)[m[Kâ€™
[15.228s]     8 |     auto node = std::make_shared<CameraSubscriber>(use_wsl_display[01;31m[K)[m[K;
[15.229s]       |                                                                   [01;31m[K^[m[K
[15.231s] In file included from [01m[K/usr/include/c++/9/memory:81[m[K,
[15.232s]                  from [01m[K/opt/ros/foxy/include/rclcpp/rclcpp.hpp:144[m[K,
[15.233s]                  from [01m[K/home/ubuntu/ros2_ws/src/camera1-3/include/camera1-3/sub.hpp:4[m[K,
[15.234s]                  from [01m[K/home/ubuntu/ros2_ws/src/camera1-3/src/smain.cpp:1[m[K:
[15.235s] [01m[K/usr/include/c++/9/bits/shared_ptr.h:714:5:[m[K [01;36m[Knote: [m[Kcandidate: â€˜[01m[Ktemplate<class _Tp, class ... _Args> std::shared_ptr<_Tp> std::make_shared(_Args&& ...)[m[Kâ€™
[15.236s]   714 |     [01;36m[Kmake_shared[m[K(_Args&&... __args)
[15.237s]       |     [01;36m[K^~~~~~~~~~~[m[K
[15.251s] [01m[K/usr/include/c++/9/bits/shared_ptr.h:714:5:[m[K [01;36m[Knote: [m[K  template argument deduction/substitution failed:
[15.252s] [01m[K/home/ubuntu/ros2_ws/src/camera1-3/src/smain.cpp:8:67:[m[K [01;31m[Kerror: [m[Ktemplate argument 1 is invalid
[15.253s]     8 |     auto node = std::make_shared<CameraSubscriber>(use_wsl_display[01;31m[K)[m[K;
[15.255s]       |                                                                   [01;31m[K^[m[K
[15.281s] [01m[K/home/ubuntu/ros2_ws/src/camera1-3/src/pub.cpp:4:22:[m[K [01;31m[Kerror: [m[KISO C++ forbids declaration of â€˜[01m[KCameraPublisher[m[Kâ€™ with no type [[01;31m[K-fpermissive[m[K]
[15.283s]     4 | Pub::CameraPublisher([01;31m[K)[m[K : Node("campub"), cap_(src_, cv::CAP_GSTREAMER) {
[15.284s]       |                      [01;31m[K^[m[K
[15.284s] [01m[K/home/ubuntu/ros2_ws/src/camera1-3/src/pub.cpp:4:1:[m[K [01;31m[Kerror: [m[Kno declaration matches â€˜[01m[Kint Pub::CameraPublisher()[m[Kâ€™
[15.285s]     4 | [01;31m[KPub[m[K::CameraPublisher() : Node("campub"), cap_(src_, cv::CAP_GSTREAMER) {
[15.286s]       | [01;31m[K^~~[m[K
[15.287s] [01m[K/home/ubuntu/ros2_ws/src/camera1-3/src/pub.cpp:4:1:[m[K [01;36m[Knote: [m[Kno functions named â€˜[01m[Kint Pub::CameraPublisher()[m[Kâ€™
[15.287s] In file included from [01m[K/home/ubuntu/ros2_ws/src/camera1-3/src/pub.cpp:1[m[K:
[15.288s] [01m[K/home/ubuntu/ros2_ws/src/camera1-3/include/camera1-3/pub.hpp:9:7:[m[K [01;36m[Knote: [m[Kâ€˜[01m[Kclass Pub[m[Kâ€™ defined here
[15.289s]     9 | class [01;36m[KPub[m[K : public rclcpp::Node {
[15.290s]       |       [01;36m[K^~~[m[K
[15.937s] In file included from [01m[K/home/ubuntu/ros2_ws/src/camera1-3/src/sub.cpp:1[m[K:
[15.938s] [01m[K/home/ubuntu/ros2_ws/src/camera1-3/include/camera1-3/sub.hpp:10:50:[m[K [01;31m[Kerror: [m[KISO C++ forbids declaration of â€˜[01m[KCameraSubscriber[m[Kâ€™ with no type [[01;31m[K-fpermissive[m[K]
[15.939s]    10 |     CameraSubscriber(bool use_wsl_display = false[01;31m[K)[m[K;
[15.940s]       |                                                  [01;31m[K^[m[K
[16.049s] [01m[K/home/ubuntu/ros2_ws/src/camera1-3/src/sub.cpp:4:1:[m[K [01;31m[Kerror: [m[Kâ€˜[01m[KCameraSubscriber[m[Kâ€™ does not name a type
[16.050s]     4 | [01;31m[KCameraSubscriber[m[K::CameraSubscriber(bool use_wsl_display)
[16.051s]       | [01;31m[K^~~~~~~~~~~~~~~~[m[K
[16.051s] [01m[K/home/ubuntu/ros2_ws/src/camera1-3/src/sub.cpp:23:6:[m[K [01;31m[Kerror: [m[Kâ€˜[01m[KCameraSubscriber[m[Kâ€™ has not been declared
[16.052s]    23 | void [01;31m[KCameraSubscriber[m[K::image_callback(const sensor_msgs::msg::CompressedImage::SharedPtr msg) {
[16.053s]       |      [01;31m[K^~~~~~~~~~~~~~~~[m[K
[16.071s] In file included from [01m[K/opt/ros/foxy/include/rclcpp/service.hpp:34[m[K,
[16.072s]                  from [01m[K/opt/ros/foxy/include/rclcpp/callback_group.hpp:25[m[K,
[16.074s]                  from [01m[K/opt/ros/foxy/include/rclcpp/any_executable.hpp:20[m[K,
[16.075s]                  from [01m[K/opt/ros/foxy/include/rclcpp/memory_strategy.hpp:24[m[K,
[16.076s]                  from [01m[K/opt/ros/foxy/include/rclcpp/memory_strategies.hpp:18[m[K,
[16.076s]                  from [01m[K/opt/ros/foxy/include/rclcpp/executor_options.hpp:20[m[K,
[16.077s]                  from [01m[K/opt/ros/foxy/include/rclcpp/executor.hpp:33[m[K,
[16.079s]                  from [01m[K/opt/ros/foxy/include/rclcpp/executors/multi_threaded_executor.hpp:26[m[K,
[16.079s]                  from [01m[K/opt/ros/foxy/include/rclcpp/executors.hpp:21[m[K,
[16.080s]                  from [01m[K/opt/ros/foxy/include/rclcpp/rclcpp.hpp:146[m[K,
[16.081s]                  from [01m[K/home/ubuntu/ros2_ws/src/camera1-3/include/camera1-3/sub.hpp:4[m[K,
[16.081s]                  from [01m[K/home/ubuntu/ros2_ws/src/camera1-3/src/sub.cpp:1[m[K:
[16.082s] [01m[K/home/ubuntu/ros2_ws/src/camera1-3/src/sub.cpp:[m[K In function â€˜[01m[Kvoid image_callback(sensor_msgs::msg::CompressedImage_<std::allocator<void> >::SharedPtr)[m[Kâ€™:
[16.083s] [01m[K/home/ubuntu/ros2_ws/src/camera1-3/src/sub.cpp:26:22:[m[K [01;31m[Kerror: [m[Kâ€˜[01m[Kget_logger[m[Kâ€™ was not declared in this scope; did you mean â€˜[01m[Krclcpp::get_logger[m[Kâ€™?
[16.083s]    26 |         RCLCPP_ERROR([01;31m[Kget_logger[m[K(), "Failed to decode image!");
[16.084s]       |                      [01;31m[K^~~~~~~~~~[m[K
[16.085s] In file included from [01m[K/opt/ros/foxy/include/rclcpp/logging.hpp:23[m[K,
[16.085s]                  from [01m[K/opt/ros/foxy/include/rclcpp/service.hpp:34[m[K,
[16.086s]                  from [01m[K/opt/ros/foxy/include/rclcpp/callback_group.hpp:25[m[K,
[16.099s]                  from [01m[K/opt/ros/foxy/include/rclcpp/any_executable.hpp:20[m[K,
[16.100s]                  from [01m[K/opt/ros/foxy/include/rclcpp/memory_strategy.hpp:24[m[K,
[16.101s]                  from [01m[K/opt/ros/foxy/include/rclcpp/memory_strategies.hpp:18[m[K,
[16.102s]                  from [01m[K/opt/ros/foxy/include/rclcpp/executor_options.hpp:20[m[K,
[16.103s]                  from [01m[K/opt/ros/foxy/include/rclcpp/executor.hpp:33[m[K,
[16.104s]                  from [01m[K/opt/ros/foxy/include/rclcpp/executors/multi_threaded_executor.hpp:26[m[K,
[16.105s]                  from [01m[K/opt/ros/foxy/include/rclcpp/executors.hpp:21[m[K,
[16.106s]                  from [01m[K/opt/ros/foxy/include/rclcpp/rclcpp.hpp:146[m[K,
[16.107s]                  from [01m[K/home/ubuntu/ros2_ws/src/camera1-3/include/camera1-3/sub.hpp:4[m[K,
[16.108s]                  from [01m[K/home/ubuntu/ros2_ws/src/camera1-3/src/sub.cpp:1[m[K:
[16.108s] [01m[K/opt/ros/foxy/include/rclcpp/logger.hpp:80:17:[m[K [01;36m[Knote: [m[Kâ€˜[01m[Krclcpp::get_logger[m[Kâ€™ declared here
[16.109s]    80 |   friend Logger [01;36m[Krclcpp[m[K::get_logger(const std::string & name);
[16.123s]       |                 [01;36m[K^~~~~~[m[K
[16.124s] In file included from [01m[K/opt/ros/foxy/include/rclcpp/service.hpp:34[m[K,
[16.125s]                  from [01m[K/opt/ros/foxy/include/rclcpp/callback_group.hpp:25[m[K,
[16.126s]                  from [01m[K/opt/ros/foxy/include/rclcpp/any_executable.hpp:20[m[K,
[16.127s]                  from [01m[K/opt/ros/foxy/include/rclcpp/memory_strategy.hpp:24[m[K,
[16.128s]                  from [01m[K/opt/ros/foxy/include/rclcpp/memory_strategies.hpp:18[m[K,
[16.129s]                  from [01m[K/opt/ros/foxy/include/rclcpp/executor_options.hpp:20[m[K,
[16.130s]                  from [01m[K/opt/ros/foxy/include/rclcpp/executor.hpp:33[m[K,
[16.131s]                  from [01m[K/opt/ros/foxy/include/rclcpp/executors/multi_threaded_executor.hpp:26[m[K,
[16.131s]                  from [01m[K/opt/ros/foxy/include/rclcpp/executors.hpp:21[m[K,
[16.132s]                  from [01m[K/opt/ros/foxy/include/rclcpp/rclcpp.hpp:146[m[K,
[16.133s]                  from [01m[K/home/ubuntu/ros2_ws/src/camera1-3/include/camera1-3/sub.hpp:4[m[K,
[16.133s]                  from [01m[K/home/ubuntu/ros2_ws/src/camera1-3/src/sub.cpp:1[m[K:
[16.134s] [01m[K/home/ubuntu/ros2_ws/src/camera1-3/src/sub.cpp:26:9:[m[K [01;31m[Kerror: [m[Ktemplate argument 1 is invalid
[16.147s]    26 |         [01;31m[KRCLCPP_ERROR[m[K(get_logger(), "Failed to decode image!");
[16.148s]       |         [01;31m[K^~~~~~~~~~~~[m[K
[16.149s] [01m[K/home/ubuntu/ros2_ws/src/camera1-3/src/sub.cpp:26:9:[m[K [01;31m[Kerror: [m[Ktemplate argument 1 is invalid
[16.149s]    26 |         [01;31m[KRCLCPP_ERROR[m[K(get_logger(), "Failed to decode image!");
[16.150s]       |         [01;31m[K^~~~~~~~~~~~[m[K
[16.151s] [01m[K/home/ubuntu/ros2_ws/src/camera1-3/src/sub.cpp:26:9:[m[K [01;31m[Kerror: [m[Ktemplate argument 1 is invalid
[16.152s]    26 |         [01;31m[KRCLCPP_ERROR[m[K(get_logger(), "Failed to decode image!");
[16.153s]       |         [01;31m[K^~~~~~~~~~~~[m[K
[16.153s] [01m[K/home/ubuntu/ros2_ws/src/camera1-3/src/sub.cpp:30:9:[m[K [01;31m[Kerror: [m[Kâ€˜[01m[Kuse_wsl_display_[m[Kâ€™ was not declared in this scope
[16.154s]    30 |     if ([01;31m[Kuse_wsl_display_[m[K) {
[16.155s]       |         [01;31m[K^~~~~~~~~~~~~~~~[m[K
[16.156s] [01m[K/home/ubuntu/ros2_ws/src/camera1-3/src/sub.cpp:37:9:[m[K [01;31m[Kerror: [m[Kâ€˜[01m[Kwriter_[m[Kâ€™ was not declared in this scope
[16.156s]    37 |         [01;31m[Kwriter_[m[K << thresh;
[16.157s]       |         [01;31m[K^~~~~~~[m[K
[16.158s] In file included from [01m[K/opt/ros/foxy/include/rclcpp/service.hpp:34[m[K,
[16.171s]                  from [01m[K/opt/ros/foxy/include/rclcpp/callback_group.hpp:25[m[K,
[16.172s]                  from [01m[K/opt/ros/foxy/include/rclcpp/any_executable.hpp:20[m[K,
[16.173s]                  from [01m[K/opt/ros/foxy/include/rclcpp/memory_strategy.hpp:24[m[K,
[16.174s]                  from [01m[K/opt/ros/foxy/include/rclcpp/memory_strategies.hpp:18[m[K,
[16.175s]                  from [01m[K/opt/ros/foxy/include/rclcpp/executor_options.hpp:20[m[K,
[16.175s]                  from [01m[K/opt/ros/foxy/include/rclcpp/executor.hpp:33[m[K,
[16.176s]                  from [01m[K/opt/ros/foxy/include/rclcpp/executors/multi_threaded_executor.hpp:26[m[K,
[16.177s]                  from [01m[K/opt/ros/foxy/include/rclcpp/executors.hpp:21[m[K,
[16.178s]                  from [01m[K/opt/ros/foxy/include/rclcpp/rclcpp.hpp:146[m[K,
[16.179s]                  from [01m[K/home/ubuntu/ros2_ws/src/camera1-3/include/camera1-3/sub.hpp:4[m[K,
[16.179s]                  from [01m[K/home/ubuntu/ros2_ws/src/camera1-3/src/sub.cpp:1[m[K:
[16.180s] [01m[K/home/ubuntu/ros2_ws/src/camera1-3/src/sub.cpp:40:17:[m[K [01;31m[Kerror: [m[Kâ€˜[01m[Kget_logger[m[Kâ€™ was not declared in this scope; did you mean â€˜[01m[Krclcpp::get_logger[m[Kâ€™?
[16.181s]    40 |     RCLCPP_INFO([01;31m[Kget_logger[m[K(), "Received Image: %s, %d, %d",
[16.182s]       |                 [01;31m[K^~~~~~~~~~[m[K
[16.195s] In file included from [01m[K/opt/ros/foxy/include/rclcpp/logging.hpp:23[m[K,
[16.195s]                  from [01m[K/opt/ros/foxy/include/rclcpp/service.hpp:34[m[K,
[16.196s]                  from [01m[K/opt/ros/foxy/include/rclcpp/callback_group.hpp:25[m[K,
[16.197s]                  from [01m[K/opt/ros/foxy/include/rclcpp/any_executable.hpp:20[m[K,
[16.198s]                  from [01m[K/opt/ros/foxy/include/rclcpp/memory_strategy.hpp:24[m[K,
[16.198s]                  from [01m[K/opt/ros/foxy/include/rclcpp/memory_strategies.hpp:18[m[K,
[16.199s]                  from [01m[K/opt/ros/foxy/include/rclcpp/executor_options.hpp:20[m[K,
[16.200s]                  from [01m[K/opt/ros/foxy/include/rclcpp/executor.hpp:33[m[K,
[16.201s]                  from [01m[K/opt/ros/foxy/include/rclcpp/executors/multi_threaded_executor.hpp:26[m[K,
[16.202s]                  from [01m[K/opt/ros/foxy/include/rclcpp/executors.hpp:21[m[K,
[16.202s]                  from [01m[K/opt/ros/foxy/include/rclcpp/rclcpp.hpp:146[m[K,
[16.203s]                  from [01m[K/home/ubuntu/ros2_ws/src/camera1-3/include/camera1-3/sub.hpp:4[m[K,
[16.204s]                  from [01m[K/home/ubuntu/ros2_ws/src/camera1-3/src/sub.cpp:1[m[K:
[16.205s] [01m[K/opt/ros/foxy/include/rclcpp/logger.hpp:80:17:[m[K [01;36m[Knote: [m[Kâ€˜[01m[Krclcpp::get_logger[m[Kâ€™ declared here
[16.205s]    80 |   friend Logger [01;36m[Krclcpp[m[K::get_logger(const std::string & name);
[16.206s]       |                 [01;36m[K^~~~~~[m[K
[16.219s] In file included from [01m[K/opt/ros/foxy/include/rclcpp/service.hpp:34[m[K,
[16.220s]                  from [01m[K/opt/ros/foxy/include/rclcpp/callback_group.hpp:25[m[K,
[16.221s]                  from [01m[K/opt/ros/foxy/include/rclcpp/any_executable.hpp:20[m[K,
[16.221s]                  from [01m[K/opt/ros/foxy/include/rclcpp/memory_strategy.hpp:24[m[K,
[16.222s]                  from [01m[K/opt/ros/foxy/include/rclcpp/memory_strategies.hpp:18[m[K,
[16.223s]                  from [01m[K/opt/ros/foxy/include/rclcpp/executor_options.hpp:20[m[K,
[16.224s]                  from [01m[K/opt/ros/foxy/include/rclcpp/executor.hpp:33[m[K,
[16.224s]                  from [01m[K/opt/ros/foxy/include/rclcpp/executors/multi_threaded_executor.hpp:26[m[K,
[16.225s]                  from [01m[K/opt/ros/foxy/include/rclcpp/executors.hpp:21[m[K,
[16.226s]                  from [01m[K/opt/ros/foxy/include/rclcpp/rclcpp.hpp:146[m[K,
[16.226s]                  from [01m[K/home/ubuntu/ros2_ws/src/camera1-3/include/camera1-3/sub.hpp:4[m[K,
[16.227s]                  from [01m[K/home/ubuntu/ros2_ws/src/camera1-3/src/sub.cpp:1[m[K:
[16.228s] [01m[K/home/ubuntu/ros2_ws/src/camera1-3/src/sub.cpp:40:5:[m[K [01;31m[Kerror: [m[Ktemplate argument 1 is invalid
[16.229s]    40 |     [01;31m[KRCLCPP_INFO[m[K(get_logger(), "Received Image: %s, %d, %d",
[16.229s]       |     [01;31m[K^~~~~~~~~~~[m[K
[16.230s] [01m[K/home/ubuntu/ros2_ws/src/camera1-3/src/sub.cpp:40:5:[m[K [01;31m[Kerror: [m[Ktemplate argument 1 is invalid
[16.243s]    40 |     [01;31m[KRCLCPP_INFO[m[K(get_logger(), "Received Image: %s, %d, %d",
[16.244s]       |     [01;31m[K^~~~~~~~~~~[m[K
[16.245s] [01m[K/home/ubuntu/ros2_ws/src/camera1-3/src/sub.cpp:40:5:[m[K [01;31m[Kerror: [m[Ktemplate argument 1 is invalid
[16.245s]    40 |     [01;31m[KRCLCPP_INFO[m[K(get_logger(), "Received Image: %s, %d, %d",
[16.246s]       |     [01;31m[K^~~~~~~~~~~[m[K
[19.337s] make[2]: *** [CMakeFiles/sub.dir/build.make:76: CMakeFiles/sub.dir/src/smain.cpp.o] Error 1
[19.339s] make[2]: *** Waiting for unfinished jobs....
[20.209s] make[2]: *** [CMakeFiles/sub.dir/build.make:63: CMakeFiles/sub.dir/src/sub.cpp.o] Error 1
[20.210s] make[1]: *** [CMakeFiles/Makefile2:107: CMakeFiles/sub.dir/all] Error 2
[20.211s] make[1]: *** Waiting for unfinished jobs....
[20.830s] make[2]: *** [CMakeFiles/pub.dir/build.make:63: CMakeFiles/pub.dir/src/pub.cpp.o] Error 1
[20.831s] make[1]: *** [CMakeFiles/Makefile2:80: CMakeFiles/pub.dir/all] Error 2
[20.831s] make: *** [Makefile:141: all] Error 2
[20.838s] Invoked command in '/home/ubuntu/ros2_ws/build/camera1-3' returned '2': CMAKE_PREFIX_PATH=${CMAKE_PREFIX_PATH}:/opt/ros/foxy /usr/bin/cmake --build /home/ubuntu/ros2_ws/build/camera1-3 -- -j4 -l4
