[0.046s] Invoking command in '/home/ubuntu/ros2_ws/build/camera1-3': CMAKE_PREFIX_PATH=${CMAKE_PREFIX_PATH}:/opt/ros/foxy /usr/bin/cmake --build /home/ubuntu/ros2_ws/build/camera1-3 -- -j4 -l4
[0.155s] -- Found ament_cmake: 0.9.12 (/opt/ros/foxy/share/ament_cmake/cmake)
[0.243s] -- Using PYTHON_EXECUTABLE: /usr/bin/python3
[0.956s] -- Override CMake install command with custom implementation using symlinks instead of copying resources
[0.989s] -- Found rclcpp: 2.4.3 (/opt/ros/foxy/share/rclcpp/cmake)
[1.144s] -- Using all available rosidl_typesupport_c: rosidl_typesupport_fastrtps_c;rosidl_typesupport_introspection_c
[1.156s] -- Found rosidl_adapter: 1.3.1 (/opt/ros/foxy/share/rosidl_adapter/cmake)
[1.993s] -- Using all available rosidl_typesupport_cpp: rosidl_typesupport_fastrtps_cpp;rosidl_typesupport_introspection_cpp
[2.171s] -- Found rmw_implementation_cmake: 1.0.4 (/opt/ros/foxy/share/rmw_implementation_cmake/cmake)
[2.177s] -- Using RMW implementation 'rmw_fastrtps_cpp' as default
[2.930s] -- Configuring done
[2.968s] -- Generating done
[2.987s] -- Build files have been written to: /home/ubuntu/ros2_ws/build/camera1-3
[3.081s] [35m[1mScanning dependencies of target sub[0m
[3.092s] [35m[1mScanning dependencies of target pub[0m
[3.235s] [ 16%] [32mBuilding CXX object CMakeFiles/pub.dir/src/pmain.cpp.o[0m
[3.236s] [ 33%] [32mBuilding CXX object CMakeFiles/pub.dir/src/pub.cpp.o[0m
[3.278s] [ 50%] [32mBuilding CXX object CMakeFiles/sub.dir/src/sub.cpp.o[0m
[3.298s] [ 66%] [32mBuilding CXX object CMakeFiles/sub.dir/src/smain.cpp.o[0m
[3.300s] [01m[K/home/ubuntu/ros2_ws/src/camera1-3/src/pmain.cpp:1:10:[m[K [01;31m[Kfatal error: [m[Kcamera1-3pub.hpp: No such file or directory
[3.301s]     1 | #include [01;31m[K"camera1-3pub.hpp"[m[K
[3.302s]       |          [01;31m[K^~~~~~~~~~~~~~~~~~[m[K
[3.302s] compilation terminated.
[3.306s] make[2]: *** [CMakeFiles/pub.dir/build.make:76: CMakeFiles/pub.dir/src/pmain.cpp.o] Error 1
[3.307s] make[2]: *** Waiting for unfinished jobs....
[3.696s] In file included from [01m[K/home/ubuntu/ros2_ws/src/camera1-3/include/camera1-3/pub.hpp:6[m[K,
[3.697s]                  from [01m[K/home/ubuntu/ros2_ws/src/camera1-3/src/pub.cpp:1[m[K:
[3.698s] [01m[K/opt/ros/foxy/include/cv_bridge/cv_bridge.h:43:10:[m[K [01;31m[Kfatal error: [m[Kopencv2/core/core.hpp: No such file or directory
[3.698s]    43 | #include [01;31m[K<opencv2/core/core.hpp>[m[K
[3.699s]       |          [01;31m[K^~~~~~~~~~~~~~~~~~~~~~~[m[K
[3.699s] compilation terminated.
[3.705s] make[2]: *** [CMakeFiles/pub.dir/build.make:63: CMakeFiles/pub.dir/src/pub.cpp.o] Error 1
[3.706s] make[1]: *** [CMakeFiles/Makefile2:80: CMakeFiles/pub.dir/all] Error 2
[3.706s] make[1]: *** Waiting for unfinished jobs....
[3.734s] In file included from [01m[K/home/ubuntu/ros2_ws/src/camera1-3/src/sub.cpp:1[m[K:
[3.735s] [01m[K/home/ubuntu/ros2_ws/src/camera1-3/include/camera1-3/sub.hpp:6:10:[m[K [01;31m[Kfatal error: [m[Kopencv2/opencv.hpp: No such file or directory
[3.735s]     6 | #include [01;31m[K"opencv2/opencv.hpp"[m[K
[3.736s]       |          [01;31m[K^~~~~~~~~~~~~~~~~~~~[m[K
[3.736s] compilation terminated.
[3.740s] make[2]: *** [CMakeFiles/sub.dir/build.make:63: CMakeFiles/sub.dir/src/sub.cpp.o] Error 1
[3.740s] make[2]: *** Waiting for unfinished jobs....
[3.747s] In file included from [01m[K/home/ubuntu/ros2_ws/src/camera1-3/src/smain.cpp:1[m[K:
[3.747s] [01m[K/home/ubuntu/ros2_ws/src/camera1-3/include/camera1-3/sub.hpp:6:10:[m[K [01;31m[Kfatal error: [m[Kopencv2/opencv.hpp: No such file or directory
[3.748s]     6 | #include [01;31m[K"opencv2/opencv.hpp"[m[K
[3.748s]       |          [01;31m[K^~~~~~~~~~~~~~~~~~~~[m[K
[3.749s] compilation terminated.
[3.753s] make[2]: *** [CMakeFiles/sub.dir/build.make:76: CMakeFiles/sub.dir/src/smain.cpp.o] Error 1
[3.753s] make[1]: *** [CMakeFiles/Makefile2:107: CMakeFiles/sub.dir/all] Error 2
[3.754s] make: *** [Makefile:141: all] Error 2
[3.760s] Invoked command in '/home/ubuntu/ros2_ws/build/camera1-3' returned '2': CMAKE_PREFIX_PATH=${CMAKE_PREFIX_PATH}:/opt/ros/foxy /usr/bin/cmake --build /home/ubuntu/ros2_ws/build/camera1-3 -- -j4 -l4
